[2022-07-16 07:16:25,801] {taskinstance.py:1032} INFO - Dependencies all met for <TaskInstance: gh_data_ingestion.bq_gh_external_table_task scheduled__2022-07-14T02:30:00+00:00 [queued]>
[2022-07-16 07:16:25,995] {taskinstance.py:1032} INFO - Dependencies all met for <TaskInstance: gh_data_ingestion.bq_gh_external_table_task scheduled__2022-07-14T02:30:00+00:00 [queued]>
[2022-07-16 07:16:26,015] {taskinstance.py:1238} INFO - 
--------------------------------------------------------------------------------
[2022-07-16 07:16:26,019] {taskinstance.py:1239} INFO - Starting attempt 2 of 2
[2022-07-16 07:16:26,035] {taskinstance.py:1240} INFO - 
--------------------------------------------------------------------------------
[2022-07-16 07:16:26,170] {taskinstance.py:1259} INFO - Executing <Task(BigQueryCreateExternalTableOperator): bq_gh_external_table_task> on 2022-07-14 02:30:00+00:00
[2022-07-16 07:16:26,190] {standard_task_runner.py:52} INFO - Started process 544 to run task
[2022-07-16 07:16:26,220] {standard_task_runner.py:76} INFO - Running: ['***', 'tasks', 'run', 'gh_data_ingestion', 'bq_gh_external_table_task', 'scheduled__2022-07-14T02:30:00+00:00', '--job-id', '17', '--raw', '--subdir', 'DAGS_FOLDER/data_ingestion_gh.py', '--cfg-path', '/tmp/tmp4fm6bs9i', '--error-file', '/tmp/tmpu5tcdt3q']
[2022-07-16 07:16:26,223] {standard_task_runner.py:77} INFO - Job 17: Subtask bq_gh_external_table_task
[2022-07-16 07:16:26,895] {logging_mixin.py:109} INFO - Running <TaskInstance: gh_data_ingestion.bq_gh_external_table_task scheduled__2022-07-14T02:30:00+00:00 [running]> on host 4972e04a2617
[2022-07-16 07:16:27,313] {taskinstance.py:1426} INFO - Exporting the following env vars:
AIRFLOW_CTX_DAG_OWNER=***
AIRFLOW_CTX_DAG_ID=gh_data_ingestion
AIRFLOW_CTX_TASK_ID=bq_gh_external_table_task
AIRFLOW_CTX_EXECUTION_DATE=2022-07-14T02:30:00+00:00
AIRFLOW_CTX_DAG_RUN_ID=scheduled__2022-07-14T02:30:00+00:00
[2022-07-16 07:16:27,327] {crypto.py:82} WARNING - empty cryptography key - values will not be stored encrypted.
[2022-07-16 07:16:29,466] {taskinstance.py:1277} INFO - Marking task as SUCCESS. dag_id=gh_data_ingestion, task_id=bq_gh_external_table_task, execution_date=20220714T023000, start_date=20220716T071625, end_date=20220716T071629
[2022-07-16 07:16:30,022] {local_task_job.py:154} INFO - Task exited with return code 0
[2022-07-16 07:16:30,916] {local_task_job.py:264} INFO - 1 downstream tasks scheduled from follow-on schedule check
