[2022-07-16 07:04:27,381] {manager.py:514} INFO - Processing files using up to 2 processes at a time 
[2022-07-16 07:04:27,388] {manager.py:515} INFO - Process each file at most once every 30 seconds
[2022-07-16 07:04:27,392] {manager.py:517} INFO - Checking for new files in /opt/airflow/dags every 300 seconds
[2022-07-16 07:04:27,397] {manager.py:663} INFO - Searching for files in /opt/airflow/dags
[2022-07-16 07:04:27,457] {manager.py:666} INFO - There are 1 files in /opt/airflow/dags
[2022-07-16 07:04:27,576] {manager.py:1065} INFO - Finding 'running' jobs without a recent heartbeat
[2022-07-16 07:04:27,587] {manager.py:1069} INFO - Failing jobs without heartbeat after 2022-07-16 06:59:27.586940+00:00
[2022-07-16 07:04:27,787] {manager.py:784} INFO - 
================================================================================
DAG File Processing Stats

File Path                                 PID  Runtime      # DAGs    # Errors  Last Runtime    Last Run
--------------------------------------  -----  ---------  --------  ----------  --------------  ----------
/opt/airflow/dags/data_ingestion_gh.py    118  0.23s             0           0
================================================================================
[2022-07-16 07:04:37,815] {manager.py:1065} INFO - Finding 'running' jobs without a recent heartbeat
[2022-07-16 07:04:37,856] {manager.py:1069} INFO - Failing jobs without heartbeat after 2022-07-16 06:59:37.856481+00:00
[2022-07-16 07:04:48,075] {manager.py:1065} INFO - Finding 'running' jobs without a recent heartbeat
[2022-07-16 07:04:48,079] {manager.py:1069} INFO - Failing jobs without heartbeat after 2022-07-16 06:59:48.079727+00:00
[2022-07-16 07:04:58,224] {manager.py:1065} INFO - Finding 'running' jobs without a recent heartbeat
[2022-07-16 07:04:58,229] {manager.py:1069} INFO - Failing jobs without heartbeat after 2022-07-16 06:59:58.228677+00:00
[2022-07-16 07:04:58,279] {manager.py:784} INFO - 
================================================================================
DAG File Processing Stats

File Path                                 PID  Runtime      # DAGs    # Errors  Last Runtime    Last Run
--------------------------------------  -----  ---------  --------  ----------  --------------  ----------
/opt/airflow/dags/data_ingestion_gh.py    118  30.72s            0           0
================================================================================
[2022-07-16 07:05:08,299] {manager.py:1065} INFO - Finding 'running' jobs without a recent heartbeat
[2022-07-16 07:05:08,324] {manager.py:1069} INFO - Failing jobs without heartbeat after 2022-07-16 07:00:08.324656+00:00
[2022-07-16 07:05:18,531] {manager.py:1065} INFO - Finding 'running' jobs without a recent heartbeat
[2022-07-16 07:05:19,030] {manager.py:1069} INFO - Failing jobs without heartbeat after 2022-07-16 07:00:19.030684+00:00
[2022-07-16 07:05:28,718] {manager.py:784} INFO - 
================================================================================
DAG File Processing Stats

File Path                               PID    Runtime      # DAGs    # Errors  Last Runtime    Last Run
--------------------------------------  -----  ---------  --------  ----------  --------------  -------------------
/opt/airflow/dags/data_ingestion_gh.py                           1           0  35.75s          2022-07-16T07:05:03
================================================================================
[2022-07-16 07:05:29,782] {manager.py:1065} INFO - Finding 'running' jobs without a recent heartbeat
[2022-07-16 07:05:29,792] {manager.py:1069} INFO - Failing jobs without heartbeat after 2022-07-16 07:00:29.791816+00:00
[2022-07-16 07:05:40,901] {manager.py:1065} INFO - Finding 'running' jobs without a recent heartbeat
[2022-07-16 07:05:40,918] {manager.py:1069} INFO - Failing jobs without heartbeat after 2022-07-16 07:00:40.918467+00:00
[2022-07-16 07:05:51,506] {manager.py:1065} INFO - Finding 'running' jobs without a recent heartbeat
[2022-07-16 07:05:51,558] {manager.py:1069} INFO - Failing jobs without heartbeat after 2022-07-16 07:00:51.558145+00:00
[2022-07-16 07:05:59,118] {manager.py:784} INFO - 
================================================================================
DAG File Processing Stats

File Path                                 PID  Runtime      # DAGs    # Errors  Last Runtime    Last Run
--------------------------------------  -----  ---------  --------  ----------  --------------  -------------------
/opt/airflow/dags/data_ingestion_gh.py    156  25.16s            1           0  35.75s          2022-07-16T07:05:03
================================================================================
[2022-07-16 07:06:04,124] {manager.py:1065} INFO - Finding 'running' jobs without a recent heartbeat
[2022-07-16 07:06:04,150] {manager.py:1069} INFO - Failing jobs without heartbeat after 2022-07-16 07:01:04.150692+00:00
[2022-07-16 07:06:16,662] {manager.py:1065} INFO - Finding 'running' jobs without a recent heartbeat
[2022-07-16 07:06:16,678] {manager.py:1069} INFO - Failing jobs without heartbeat after 2022-07-16 07:01:16.677993+00:00
[2022-07-16 07:06:28,678] {manager.py:1065} INFO - Finding 'running' jobs without a recent heartbeat
[2022-07-16 07:06:28,813] {manager.py:1069} INFO - Failing jobs without heartbeat after 2022-07-16 07:01:28.813191+00:00
[2022-07-16 07:06:29,590] {manager.py:784} INFO - 
================================================================================
DAG File Processing Stats

File Path                               PID    Runtime      # DAGs    # Errors  Last Runtime    Last Run
--------------------------------------  -----  ---------  --------  ----------  --------------  -------------------
/opt/airflow/dags/data_ingestion_gh.py                           0           1  33.48s          2022-07-16T07:06:07
================================================================================
[2022-07-16 07:06:39,792] {manager.py:1065} INFO - Finding 'running' jobs without a recent heartbeat
[2022-07-16 07:06:39,796] {manager.py:1069} INFO - Failing jobs without heartbeat after 2022-07-16 07:01:39.796298+00:00
[2022-07-16 07:06:50,057] {manager.py:1065} INFO - Finding 'running' jobs without a recent heartbeat
[2022-07-16 07:06:50,071] {manager.py:1069} INFO - Failing jobs without heartbeat after 2022-07-16 07:01:50.071163+00:00
[2022-07-16 07:07:00,152] {manager.py:1065} INFO - Finding 'running' jobs without a recent heartbeat
[2022-07-16 07:07:00,139] {manager.py:1069} INFO - Failing jobs without heartbeat after 2022-07-16 07:02:00.139157+00:00
[2022-07-16 07:07:00,162] {manager.py:784} INFO - 
================================================================================
DAG File Processing Stats

File Path                               PID    Runtime      # DAGs    # Errors  Last Runtime    Last Run
--------------------------------------  -----  ---------  --------  ----------  --------------  -------------------
/opt/airflow/dags/data_ingestion_gh.py                           1           0  9.61s           2022-07-16T07:06:47
================================================================================
[2022-07-16 07:07:10,354] {manager.py:1065} INFO - Finding 'running' jobs without a recent heartbeat
[2022-07-16 07:07:10,368] {manager.py:1069} INFO - Failing jobs without heartbeat after 2022-07-16 07:02:10.366033+00:00
[2022-07-16 07:07:21,077] {manager.py:1065} INFO - Finding 'running' jobs without a recent heartbeat
[2022-07-16 07:07:21,081] {manager.py:1069} INFO - Failing jobs without heartbeat after 2022-07-16 07:02:21.081710+00:00
[2022-07-16 07:07:30,317] {manager.py:784} INFO - 
================================================================================
DAG File Processing Stats

File Path                               PID    Runtime      # DAGs    # Errors  Last Runtime    Last Run
--------------------------------------  -----  ---------  --------  ----------  --------------  -------------------
/opt/airflow/dags/data_ingestion_gh.py                           1           0  10.54s          2022-07-16T07:07:28
================================================================================
[2022-07-16 07:07:31,328] {manager.py:1065} INFO - Finding 'running' jobs without a recent heartbeat
[2022-07-16 07:07:31,331] {manager.py:1069} INFO - Failing jobs without heartbeat after 2022-07-16 07:02:31.331524+00:00
[2022-07-16 07:07:41,445] {manager.py:1065} INFO - Finding 'running' jobs without a recent heartbeat
[2022-07-16 07:07:41,449] {manager.py:1069} INFO - Failing jobs without heartbeat after 2022-07-16 07:02:41.449247+00:00
[2022-07-16 07:07:51,531] {manager.py:1065} INFO - Finding 'running' jobs without a recent heartbeat
[2022-07-16 07:07:51,535] {manager.py:1069} INFO - Failing jobs without heartbeat after 2022-07-16 07:02:51.535824+00:00
[2022-07-16 07:08:00,611] {manager.py:784} INFO - 
================================================================================
DAG File Processing Stats

File Path                                 PID  Runtime      # DAGs    # Errors  Last Runtime    Last Run
--------------------------------------  -----  ---------  --------  ----------  --------------  -------------------
/opt/airflow/dags/data_ingestion_gh.py    226  1.99s             1           0  10.54s          2022-07-16T07:07:28
================================================================================
[2022-07-16 07:08:01,626] {manager.py:1065} INFO - Finding 'running' jobs without a recent heartbeat
[2022-07-16 07:08:01,629] {manager.py:1069} INFO - Failing jobs without heartbeat after 2022-07-16 07:03:01.629687+00:00
[2022-07-16 07:08:11,669] {manager.py:1065} INFO - Finding 'running' jobs without a recent heartbeat
[2022-07-16 07:08:11,687] {manager.py:1069} INFO - Failing jobs without heartbeat after 2022-07-16 07:03:11.687011+00:00
[2022-07-16 07:08:21,973] {manager.py:1065} INFO - Finding 'running' jobs without a recent heartbeat
[2022-07-16 07:08:21,987] {manager.py:1069} INFO - Failing jobs without heartbeat after 2022-07-16 07:03:21.987239+00:00
[2022-07-16 07:08:31,017] {manager.py:784} INFO - 
================================================================================
DAG File Processing Stats

File Path                               PID    Runtime      # DAGs    # Errors  Last Runtime    Last Run
--------------------------------------  -----  ---------  --------  ----------  --------------  -------------------
/opt/airflow/dags/data_ingestion_gh.py                           1           0  2.49s           2022-07-16T07:08:01
================================================================================
[2022-07-16 07:08:32,035] {manager.py:1065} INFO - Finding 'running' jobs without a recent heartbeat
[2022-07-16 07:08:32,048] {manager.py:1069} INFO - Failing jobs without heartbeat after 2022-07-16 07:03:32.048145+00:00
[2022-07-16 07:08:42,670] {manager.py:1065} INFO - Finding 'running' jobs without a recent heartbeat
[2022-07-16 07:08:42,674] {manager.py:1069} INFO - Failing jobs without heartbeat after 2022-07-16 07:03:42.674599+00:00
[2022-07-16 07:08:52,769] {manager.py:1065} INFO - Finding 'running' jobs without a recent heartbeat
[2022-07-16 07:08:52,784] {manager.py:1069} INFO - Failing jobs without heartbeat after 2022-07-16 07:03:52.782658+00:00
[2022-07-16 07:09:01,020] {manager.py:784} INFO - 
================================================================================
DAG File Processing Stats

File Path                               PID    Runtime      # DAGs    # Errors  Last Runtime    Last Run
--------------------------------------  -----  ---------  --------  ----------  --------------  -------------------
/opt/airflow/dags/data_ingestion_gh.py                           1           0  6.38s           2022-07-16T07:08:37
================================================================================
[2022-07-16 07:09:02,826] {manager.py:1065} INFO - Finding 'running' jobs without a recent heartbeat
[2022-07-16 07:09:02,829] {manager.py:1069} INFO - Failing jobs without heartbeat after 2022-07-16 07:04:02.829876+00:00
[2022-07-16 07:09:12,946] {manager.py:1065} INFO - Finding 'running' jobs without a recent heartbeat
[2022-07-16 07:09:12,953] {manager.py:1069} INFO - Failing jobs without heartbeat after 2022-07-16 07:04:12.953231+00:00
[2022-07-16 07:09:23,175] {manager.py:1065} INFO - Finding 'running' jobs without a recent heartbeat
[2022-07-16 07:09:23,181] {manager.py:1069} INFO - Failing jobs without heartbeat after 2022-07-16 07:04:23.181871+00:00
[2022-07-16 07:09:27,545] {manager.py:663} INFO - Searching for files in /opt/airflow/dags
[2022-07-16 07:09:27,568] {manager.py:666} INFO - There are 1 files in /opt/airflow/dags
[2022-07-16 07:09:31,643] {manager.py:784} INFO - 
================================================================================
DAG File Processing Stats

File Path                               PID    Runtime      # DAGs    # Errors  Last Runtime    Last Run
--------------------------------------  -----  ---------  --------  ----------  --------------  -------------------
/opt/airflow/dags/data_ingestion_gh.py                           1           0  3.92s           2022-07-16T07:09:11
================================================================================
[2022-07-16 07:09:33,662] {manager.py:1065} INFO - Finding 'running' jobs without a recent heartbeat
[2022-07-16 07:09:33,708] {manager.py:1069} INFO - Failing jobs without heartbeat after 2022-07-16 07:04:33.708211+00:00
[2022-07-16 07:09:44,310] {manager.py:1065} INFO - Finding 'running' jobs without a recent heartbeat
[2022-07-16 07:09:44,333] {manager.py:1069} INFO - Failing jobs without heartbeat after 2022-07-16 07:04:44.333710+00:00
[2022-07-16 07:09:54,958] {manager.py:1065} INFO - Finding 'running' jobs without a recent heartbeat
[2022-07-16 07:09:55,069] {manager.py:1069} INFO - Failing jobs without heartbeat after 2022-07-16 07:04:55.068846+00:00
[2022-07-16 07:10:02,764] {manager.py:784} INFO - 
================================================================================
DAG File Processing Stats

File Path                                 PID  Runtime      # DAGs    # Errors  Last Runtime    Last Run
--------------------------------------  -----  ---------  --------  ----------  --------------  -------------------
/opt/airflow/dags/data_ingestion_gh.py    288  20.27s            1           0  3.92s           2022-07-16T07:09:11
================================================================================
[2022-07-16 07:10:05,947] {manager.py:1065} INFO - Finding 'running' jobs without a recent heartbeat
[2022-07-16 07:10:05,956] {manager.py:1069} INFO - Failing jobs without heartbeat after 2022-07-16 07:05:05.956482+00:00
[2022-07-16 07:10:16,284] {manager.py:1065} INFO - Finding 'running' jobs without a recent heartbeat
[2022-07-16 07:10:16,294] {manager.py:1069} INFO - Failing jobs without heartbeat after 2022-07-16 07:05:16.294259+00:00
[2022-07-16 07:10:26,368] {manager.py:1065} INFO - Finding 'running' jobs without a recent heartbeat
[2022-07-16 07:10:26,377] {manager.py:1069} INFO - Failing jobs without heartbeat after 2022-07-16 07:05:26.377735+00:00
[2022-07-16 07:10:33,524] {manager.py:784} INFO - 
================================================================================
DAG File Processing Stats

File Path                               PID    Runtime      # DAGs    # Errors  Last Runtime    Last Run
--------------------------------------  -----  ---------  --------  ----------  --------------  -------------------
/opt/airflow/dags/data_ingestion_gh.py                           1           0  23.66s          2022-07-16T07:10:05
================================================================================
[2022-07-16 07:10:36,535] {manager.py:1065} INFO - Finding 'running' jobs without a recent heartbeat
[2022-07-16 07:10:36,538] {manager.py:1069} INFO - Failing jobs without heartbeat after 2022-07-16 07:05:36.538380+00:00
[2022-07-16 07:10:46,615] {manager.py:1065} INFO - Finding 'running' jobs without a recent heartbeat
[2022-07-16 07:10:46,618] {manager.py:1069} INFO - Failing jobs without heartbeat after 2022-07-16 07:05:46.618252+00:00
[2022-07-16 07:10:56,679] {manager.py:1065} INFO - Finding 'running' jobs without a recent heartbeat
[2022-07-16 07:10:56,684] {manager.py:1069} INFO - Failing jobs without heartbeat after 2022-07-16 07:05:56.684487+00:00
[2022-07-16 07:11:03,734] {manager.py:784} INFO - 
================================================================================
DAG File Processing Stats

File Path                               PID    Runtime      # DAGs    # Errors  Last Runtime    Last Run
--------------------------------------  -----  ---------  --------  ----------  --------------  -------------------
/opt/airflow/dags/data_ingestion_gh.py                           1           0  3.06s           2022-07-16T07:10:39
================================================================================
[2022-07-16 07:11:06,751] {manager.py:1065} INFO - Finding 'running' jobs without a recent heartbeat
[2022-07-16 07:11:06,754] {manager.py:1069} INFO - Failing jobs without heartbeat after 2022-07-16 07:06:06.754087+00:00
[2022-07-16 07:11:16,850] {manager.py:1065} INFO - Finding 'running' jobs without a recent heartbeat
[2022-07-16 07:11:16,862] {manager.py:1069} INFO - Failing jobs without heartbeat after 2022-07-16 07:06:16.862093+00:00
[2022-07-16 07:11:26,922] {manager.py:1065} INFO - Finding 'running' jobs without a recent heartbeat
[2022-07-16 07:11:26,935] {manager.py:1069} INFO - Failing jobs without heartbeat after 2022-07-16 07:06:26.935173+00:00
[2022-07-16 07:11:33,962] {manager.py:784} INFO - 
================================================================================
DAG File Processing Stats

File Path                               PID    Runtime      # DAGs    # Errors  Last Runtime    Last Run
--------------------------------------  -----  ---------  --------  ----------  --------------  -------------------
/opt/airflow/dags/data_ingestion_gh.py                           1           0  3.17s           2022-07-16T07:11:12
================================================================================
[2022-07-16 07:11:36,973] {manager.py:1065} INFO - Finding 'running' jobs without a recent heartbeat
[2022-07-16 07:11:36,975] {manager.py:1069} INFO - Failing jobs without heartbeat after 2022-07-16 07:06:36.975772+00:00
[2022-07-16 07:11:47,103] {manager.py:1065} INFO - Finding 'running' jobs without a recent heartbeat
[2022-07-16 07:11:47,138] {manager.py:1069} INFO - Failing jobs without heartbeat after 2022-07-16 07:06:47.122400+00:00
[2022-07-16 07:11:57,739] {manager.py:1065} INFO - Finding 'running' jobs without a recent heartbeat
[2022-07-16 07:11:57,760] {manager.py:1069} INFO - Failing jobs without heartbeat after 2022-07-16 07:06:57.759789+00:00
[2022-07-16 07:12:04,373] {manager.py:784} INFO - 
================================================================================
DAG File Processing Stats

File Path                               PID    Runtime      # DAGs    # Errors  Last Runtime    Last Run
--------------------------------------  -----  ---------  --------  ----------  --------------  -------------------
/opt/airflow/dags/data_ingestion_gh.py                           1           0  12.19s          2022-07-16T07:11:55
================================================================================
[2022-07-16 07:12:08,393] {manager.py:1065} INFO - Finding 'running' jobs without a recent heartbeat
[2022-07-16 07:12:08,465] {manager.py:1069} INFO - Failing jobs without heartbeat after 2022-07-16 07:07:08.463843+00:00
[2022-07-16 07:12:18,736] {manager.py:1065} INFO - Finding 'running' jobs without a recent heartbeat
[2022-07-16 07:12:18,742] {manager.py:1069} INFO - Failing jobs without heartbeat after 2022-07-16 07:07:18.742300+00:00
[2022-07-16 07:12:28,868] {manager.py:1065} INFO - Finding 'running' jobs without a recent heartbeat
[2022-07-16 07:12:28,873] {manager.py:1069} INFO - Failing jobs without heartbeat after 2022-07-16 07:07:28.872872+00:00
[2022-07-16 07:12:34,920] {manager.py:784} INFO - 
================================================================================
DAG File Processing Stats

File Path                               PID    Runtime      # DAGs    # Errors  Last Runtime    Last Run
--------------------------------------  -----  ---------  --------  ----------  --------------  -------------------
/opt/airflow/dags/data_ingestion_gh.py                           1           0  3.13s           2022-07-16T07:12:28
================================================================================
[2022-07-16 07:12:38,935] {manager.py:1065} INFO - Finding 'running' jobs without a recent heartbeat
[2022-07-16 07:12:38,940] {manager.py:1069} INFO - Failing jobs without heartbeat after 2022-07-16 07:07:38.940306+00:00
[2022-07-16 07:12:49,023] {manager.py:1065} INFO - Finding 'running' jobs without a recent heartbeat
[2022-07-16 07:12:49,029] {manager.py:1069} INFO - Failing jobs without heartbeat after 2022-07-16 07:07:49.029084+00:00
[2022-07-16 07:12:59,117] {manager.py:1065} INFO - Finding 'running' jobs without a recent heartbeat
[2022-07-16 07:12:59,121] {manager.py:1069} INFO - Failing jobs without heartbeat after 2022-07-16 07:07:59.121492+00:00
[2022-07-16 07:13:05,128] {manager.py:784} INFO - 
================================================================================
DAG File Processing Stats

File Path                               PID    Runtime      # DAGs    # Errors  Last Runtime    Last Run
--------------------------------------  -----  ---------  --------  ----------  --------------  -------------------
/opt/airflow/dags/data_ingestion_gh.py                           1           0  3.96s           2022-07-16T07:13:03
================================================================================
[2022-07-16 07:13:09,161] {manager.py:1065} INFO - Finding 'running' jobs without a recent heartbeat
[2022-07-16 07:13:09,164] {manager.py:1069} INFO - Failing jobs without heartbeat after 2022-07-16 07:08:09.164651+00:00
[2022-07-16 07:13:19,205] {manager.py:1065} INFO - Finding 'running' jobs without a recent heartbeat
[2022-07-16 07:13:19,210] {manager.py:1069} INFO - Failing jobs without heartbeat after 2022-07-16 07:08:19.210184+00:00
[2022-07-16 07:13:29,417] {manager.py:1065} INFO - Finding 'running' jobs without a recent heartbeat
[2022-07-16 07:13:29,425] {manager.py:1069} INFO - Failing jobs without heartbeat after 2022-07-16 07:08:29.424047+00:00
[2022-07-16 07:13:35,767] {manager.py:784} INFO - 
================================================================================
DAG File Processing Stats

File Path                                 PID  Runtime      # DAGs    # Errors  Last Runtime    Last Run
--------------------------------------  -----  ---------  --------  ----------  --------------  -------------------
/opt/airflow/dags/data_ingestion_gh.py    434  2.09s             1           0  3.96s           2022-07-16T07:13:03
================================================================================
[2022-07-16 07:13:39,827] {manager.py:1065} INFO - Finding 'running' jobs without a recent heartbeat
[2022-07-16 07:13:39,835] {manager.py:1069} INFO - Failing jobs without heartbeat after 2022-07-16 07:08:39.834428+00:00
[2022-07-16 07:13:50,025] {manager.py:1065} INFO - Finding 'running' jobs without a recent heartbeat
[2022-07-16 07:13:50,030] {manager.py:1069} INFO - Failing jobs without heartbeat after 2022-07-16 07:08:50.029980+00:00
[2022-07-16 07:14:00,109] {manager.py:1065} INFO - Finding 'running' jobs without a recent heartbeat
[2022-07-16 07:14:00,114] {manager.py:1069} INFO - Failing jobs without heartbeat after 2022-07-16 07:09:00.114044+00:00
[2022-07-16 07:14:06,173] {manager.py:784} INFO - 
================================================================================
DAG File Processing Stats

File Path                               PID    Runtime      # DAGs    # Errors  Last Runtime    Last Run
--------------------------------------  -----  ---------  --------  ----------  --------------  -------------------
/opt/airflow/dags/data_ingestion_gh.py                           1           0  8.34s           2022-07-16T07:13:42
================================================================================
[2022-07-16 07:14:10,226] {manager.py:1065} INFO - Finding 'running' jobs without a recent heartbeat
[2022-07-16 07:14:10,231] {manager.py:1069} INFO - Failing jobs without heartbeat after 2022-07-16 07:09:10.230930+00:00
[2022-07-16 07:14:20,413] {manager.py:1065} INFO - Finding 'running' jobs without a recent heartbeat
[2022-07-16 07:14:20,426] {manager.py:1069} INFO - Failing jobs without heartbeat after 2022-07-16 07:09:20.426362+00:00
[2022-07-16 07:14:27,622] {manager.py:663} INFO - Searching for files in /opt/airflow/dags
[2022-07-16 07:14:27,643] {manager.py:666} INFO - There are 1 files in /opt/airflow/dags
[2022-07-16 07:14:30,474] {manager.py:1065} INFO - Finding 'running' jobs without a recent heartbeat
[2022-07-16 07:14:30,495] {manager.py:1069} INFO - Failing jobs without heartbeat after 2022-07-16 07:09:30.495550+00:00
[2022-07-16 07:14:36,609] {manager.py:784} INFO - 
================================================================================
DAG File Processing Stats

File Path                               PID    Runtime      # DAGs    # Errors  Last Runtime    Last Run
--------------------------------------  -----  ---------  --------  ----------  --------------  -------------------
/opt/airflow/dags/data_ingestion_gh.py                           1           0  4.31s           2022-07-16T07:14:16
================================================================================
[2022-07-16 07:14:40,628] {manager.py:1065} INFO - Finding 'running' jobs without a recent heartbeat
[2022-07-16 07:14:40,640] {manager.py:1069} INFO - Failing jobs without heartbeat after 2022-07-16 07:09:40.640769+00:00
[2022-07-16 07:14:50,780] {manager.py:1065} INFO - Finding 'running' jobs without a recent heartbeat
[2022-07-16 07:14:50,785] {manager.py:1069} INFO - Failing jobs without heartbeat after 2022-07-16 07:09:50.785752+00:00
[2022-07-16 07:15:00,806] {manager.py:1065} INFO - Finding 'running' jobs without a recent heartbeat
[2022-07-16 07:15:00,811] {manager.py:1069} INFO - Failing jobs without heartbeat after 2022-07-16 07:10:00.811715+00:00
[2022-07-16 07:15:06,916] {manager.py:784} INFO - 
================================================================================
DAG File Processing Stats

File Path                               PID    Runtime      # DAGs    # Errors  Last Runtime    Last Run
--------------------------------------  -----  ---------  --------  ----------  --------------  -------------------
/opt/airflow/dags/data_ingestion_gh.py                           1           0  2.02s           2022-07-16T07:14:48
================================================================================
[2022-07-16 07:15:10,930] {manager.py:1065} INFO - Finding 'running' jobs without a recent heartbeat
[2022-07-16 07:15:10,933] {manager.py:1069} INFO - Failing jobs without heartbeat after 2022-07-16 07:10:10.933740+00:00
[2022-07-16 07:15:21,107] {manager.py:1065} INFO - Finding 'running' jobs without a recent heartbeat
[2022-07-16 07:15:21,112] {manager.py:1069} INFO - Failing jobs without heartbeat after 2022-07-16 07:10:21.112094+00:00
[2022-07-16 07:15:31,173] {manager.py:1065} INFO - Finding 'running' jobs without a recent heartbeat
[2022-07-16 07:15:31,187] {manager.py:1069} INFO - Failing jobs without heartbeat after 2022-07-16 07:10:31.186938+00:00
[2022-07-16 07:15:37,238] {manager.py:784} INFO - 
================================================================================
DAG File Processing Stats

File Path                               PID    Runtime      # DAGs    # Errors  Last Runtime    Last Run
--------------------------------------  -----  ---------  --------  ----------  --------------  -------------------
/opt/airflow/dags/data_ingestion_gh.py                           1           0  2.45s           2022-07-16T07:15:21
================================================================================
[2022-07-16 07:15:41,281] {manager.py:1065} INFO - Finding 'running' jobs without a recent heartbeat
[2022-07-16 07:15:41,286] {manager.py:1069} INFO - Failing jobs without heartbeat after 2022-07-16 07:10:41.285674+00:00
[2022-07-16 07:15:51,347] {manager.py:1065} INFO - Finding 'running' jobs without a recent heartbeat
[2022-07-16 07:15:51,356] {manager.py:1069} INFO - Failing jobs without heartbeat after 2022-07-16 07:10:51.355051+00:00
[2022-07-16 07:16:01,737] {manager.py:1065} INFO - Finding 'running' jobs without a recent heartbeat
[2022-07-16 07:16:01,744] {manager.py:1069} INFO - Failing jobs without heartbeat after 2022-07-16 07:11:01.743625+00:00
[2022-07-16 07:16:07,254] {manager.py:784} INFO - 
================================================================================
DAG File Processing Stats

File Path                               PID    Runtime      # DAGs    # Errors  Last Runtime    Last Run
--------------------------------------  -----  ---------  --------  ----------  --------------  -------------------
/opt/airflow/dags/data_ingestion_gh.py                           1           0  1.96s           2022-07-16T07:16:04
================================================================================
[2022-07-16 07:16:11,827] {manager.py:1065} INFO - Finding 'running' jobs without a recent heartbeat
[2022-07-16 07:16:11,834] {manager.py:1069} INFO - Failing jobs without heartbeat after 2022-07-16 07:11:11.833668+00:00
[2022-07-16 07:16:22,139] {manager.py:1065} INFO - Finding 'running' jobs without a recent heartbeat
[2022-07-16 07:16:22,145] {manager.py:1069} INFO - Failing jobs without heartbeat after 2022-07-16 07:11:22.145546+00:00
[2022-07-16 07:16:32,316] {manager.py:1065} INFO - Finding 'running' jobs without a recent heartbeat
[2022-07-16 07:16:32,329] {manager.py:1069} INFO - Failing jobs without heartbeat after 2022-07-16 07:11:32.328869+00:00
[2022-07-16 07:16:37,885] {manager.py:784} INFO - 
================================================================================
DAG File Processing Stats

File Path                                 PID  Runtime      # DAGs    # Errors  Last Runtime    Last Run
--------------------------------------  -----  ---------  --------  ----------  --------------  -------------------
/opt/airflow/dags/data_ingestion_gh.py    552  3.15s             1           0  1.96s           2022-07-16T07:16:04
================================================================================
[2022-07-16 07:16:42,963] {manager.py:1065} INFO - Finding 'running' jobs without a recent heartbeat
[2022-07-16 07:16:43,052] {manager.py:1069} INFO - Failing jobs without heartbeat after 2022-07-16 07:11:43.052266+00:00
[2022-07-16 07:16:55,403] {manager.py:1065} INFO - Finding 'running' jobs without a recent heartbeat
[2022-07-16 07:16:55,432] {manager.py:1069} INFO - Failing jobs without heartbeat after 2022-07-16 07:11:55.431553+00:00
[2022-07-16 07:17:06,535] {manager.py:1065} INFO - Finding 'running' jobs without a recent heartbeat
[2022-07-16 07:17:06,552] {manager.py:1069} INFO - Failing jobs without heartbeat after 2022-07-16 07:12:06.552172+00:00
[2022-07-16 07:17:08,030] {manager.py:784} INFO - 
================================================================================
DAG File Processing Stats

File Path                               PID    Runtime      # DAGs    # Errors  Last Runtime    Last Run
--------------------------------------  -----  ---------  --------  ----------  --------------  -------------------
/opt/airflow/dags/data_ingestion_gh.py                           1           0  31.82s          2022-07-16T07:17:06
================================================================================
[2022-07-16 07:17:16,829] {manager.py:1065} INFO - Finding 'running' jobs without a recent heartbeat
[2022-07-16 07:17:16,839] {manager.py:1069} INFO - Failing jobs without heartbeat after 2022-07-16 07:12:16.839312+00:00
[2022-07-16 07:17:27,095] {manager.py:1065} INFO - Finding 'running' jobs without a recent heartbeat
[2022-07-16 07:17:27,117] {manager.py:1069} INFO - Failing jobs without heartbeat after 2022-07-16 07:12:27.117178+00:00
[2022-07-16 07:17:37,219] {manager.py:1065} INFO - Finding 'running' jobs without a recent heartbeat
[2022-07-16 07:17:37,246] {manager.py:1069} INFO - Failing jobs without heartbeat after 2022-07-16 07:12:37.239336+00:00
[2022-07-16 07:17:38,331] {manager.py:784} INFO - 
================================================================================
DAG File Processing Stats

File Path                                 PID  Runtime      # DAGs    # Errors  Last Runtime    Last Run
--------------------------------------  -----  ---------  --------  ----------  --------------  -------------------
/opt/airflow/dags/data_ingestion_gh.py    582  1.02s             1           0  31.82s          2022-07-16T07:17:06
================================================================================
[2022-07-16 07:17:47,387] {manager.py:1065} INFO - Finding 'running' jobs without a recent heartbeat
[2022-07-16 07:17:47,396] {manager.py:1069} INFO - Failing jobs without heartbeat after 2022-07-16 07:12:47.396289+00:00
[2022-07-16 07:17:57,564] {manager.py:1065} INFO - Finding 'running' jobs without a recent heartbeat
[2022-07-16 07:17:57,568] {manager.py:1069} INFO - Failing jobs without heartbeat after 2022-07-16 07:12:57.568916+00:00
[2022-07-16 07:18:07,638] {manager.py:1065} INFO - Finding 'running' jobs without a recent heartbeat
[2022-07-16 07:18:07,646] {manager.py:1069} INFO - Failing jobs without heartbeat after 2022-07-16 07:13:07.646033+00:00
[2022-07-16 07:18:08,687] {manager.py:784} INFO - 
================================================================================
DAG File Processing Stats

File Path                               PID    Runtime      # DAGs    # Errors  Last Runtime    Last Run
--------------------------------------  -----  ---------  --------  ----------  --------------  -------------------
/opt/airflow/dags/data_ingestion_gh.py                           1           0  3.16s           2022-07-16T07:17:40
================================================================================
[2022-07-16 07:18:18,024] {manager.py:1065} INFO - Finding 'running' jobs without a recent heartbeat
[2022-07-16 07:18:18,046] {manager.py:1069} INFO - Failing jobs without heartbeat after 2022-07-16 07:13:18.046445+00:00
[2022-07-16 07:18:28,705] {manager.py:1065} INFO - Finding 'running' jobs without a recent heartbeat
[2022-07-16 07:18:28,717] {manager.py:1069} INFO - Failing jobs without heartbeat after 2022-07-16 07:13:28.716980+00:00
[2022-07-16 07:18:38,845] {manager.py:1065} INFO - Finding 'running' jobs without a recent heartbeat
[2022-07-16 07:18:38,853] {manager.py:1069} INFO - Failing jobs without heartbeat after 2022-07-16 07:13:38.853722+00:00
[2022-07-16 07:18:38,896] {manager.py:784} INFO - 
================================================================================
DAG File Processing Stats

File Path                               PID    Runtime      # DAGs    # Errors  Last Runtime    Last Run
--------------------------------------  -----  ---------  --------  ----------  --------------  -------------------
/opt/airflow/dags/data_ingestion_gh.py                           1           0  5.91s           2022-07-16T07:18:16
================================================================================
[2022-07-16 07:18:49,033] {manager.py:1065} INFO - Finding 'running' jobs without a recent heartbeat
[2022-07-16 07:18:49,038] {manager.py:1069} INFO - Failing jobs without heartbeat after 2022-07-16 07:13:49.038920+00:00
[2022-07-16 07:18:59,102] {manager.py:1065} INFO - Finding 'running' jobs without a recent heartbeat
[2022-07-16 07:18:59,106] {manager.py:1069} INFO - Failing jobs without heartbeat after 2022-07-16 07:13:59.106183+00:00
[2022-07-16 07:19:09,088] {manager.py:784} INFO - 
================================================================================
DAG File Processing Stats

File Path                               PID    Runtime      # DAGs    # Errors  Last Runtime    Last Run
--------------------------------------  -----  ---------  --------  ----------  --------------  -------------------
/opt/airflow/dags/data_ingestion_gh.py                           1           0  3.02s           2022-07-16T07:18:50
================================================================================
[2022-07-16 07:19:09,124] {manager.py:1065} INFO - Finding 'running' jobs without a recent heartbeat
[2022-07-16 07:19:09,129] {manager.py:1069} INFO - Failing jobs without heartbeat after 2022-07-16 07:14:09.129362+00:00
[2022-07-16 07:19:19,216] {manager.py:1065} INFO - Finding 'running' jobs without a recent heartbeat
[2022-07-16 07:19:19,220] {manager.py:1069} INFO - Failing jobs without heartbeat after 2022-07-16 07:14:19.219887+00:00
[2022-07-16 07:19:28,158] {manager.py:663} INFO - Searching for files in /opt/airflow/dags
[2022-07-16 07:19:28,181] {manager.py:666} INFO - There are 1 files in /opt/airflow/dags
[2022-07-16 07:19:29,477] {manager.py:1065} INFO - Finding 'running' jobs without a recent heartbeat
[2022-07-16 07:19:29,480] {manager.py:1069} INFO - Failing jobs without heartbeat after 2022-07-16 07:14:29.480698+00:00
[2022-07-16 07:19:39,167] {manager.py:784} INFO - 
================================================================================
DAG File Processing Stats

File Path                               PID    Runtime      # DAGs    # Errors  Last Runtime    Last Run
--------------------------------------  -----  ---------  --------  ----------  --------------  -------------------
/opt/airflow/dags/data_ingestion_gh.py                           1           0  8.36s           2022-07-16T07:19:28
================================================================================
[2022-07-16 07:19:40,709] {manager.py:1065} INFO - Finding 'running' jobs without a recent heartbeat
[2022-07-16 07:19:40,847] {manager.py:1069} INFO - Failing jobs without heartbeat after 2022-07-16 07:14:40.847369+00:00
[2022-07-16 07:19:54,081] {manager.py:1065} INFO - Finding 'running' jobs without a recent heartbeat
[2022-07-16 07:19:54,089] {manager.py:1069} INFO - Failing jobs without heartbeat after 2022-07-16 07:14:54.089422+00:00
[2022-07-16 07:20:04,339] {manager.py:1065} INFO - Finding 'running' jobs without a recent heartbeat
[2022-07-16 07:20:04,351] {manager.py:1069} INFO - Failing jobs without heartbeat after 2022-07-16 07:15:04.351067+00:00
[2022-07-16 07:20:10,300] {manager.py:784} INFO - 
================================================================================
DAG File Processing Stats

File Path                               PID    Runtime      # DAGs    # Errors  Last Runtime    Last Run
--------------------------------------  -----  ---------  --------  ----------  --------------  -------------------
/opt/airflow/dags/data_ingestion_gh.py                           1           0  6.99s           2022-07-16T07:20:06
================================================================================
[2022-07-16 07:20:14,511] {manager.py:1065} INFO - Finding 'running' jobs without a recent heartbeat
[2022-07-16 07:20:14,516] {manager.py:1069} INFO - Failing jobs without heartbeat after 2022-07-16 07:15:14.516244+00:00
[2022-07-16 07:20:24,836] {manager.py:1065} INFO - Finding 'running' jobs without a recent heartbeat
[2022-07-16 07:20:24,842] {manager.py:1069} INFO - Failing jobs without heartbeat after 2022-07-16 07:15:24.842418+00:00
[2022-07-16 07:20:34,958] {manager.py:1065} INFO - Finding 'running' jobs without a recent heartbeat
[2022-07-16 07:20:34,965] {manager.py:1069} INFO - Failing jobs without heartbeat after 2022-07-16 07:15:34.965039+00:00
[2022-07-16 07:20:41,068] {manager.py:784} INFO - 
================================================================================
DAG File Processing Stats

File Path                                 PID  Runtime      # DAGs    # Errors  Last Runtime    Last Run
--------------------------------------  -----  ---------  --------  ----------  --------------  -------------------
/opt/airflow/dags/data_ingestion_gh.py    685  4.05s             1           0  6.99s           2022-07-16T07:20:06
================================================================================
[2022-07-16 07:20:45,643] {manager.py:1065} INFO - Finding 'running' jobs without a recent heartbeat
[2022-07-16 07:20:45,749] {manager.py:1069} INFO - Failing jobs without heartbeat after 2022-07-16 07:15:45.749413+00:00
[2022-07-16 07:21:03,332] {manager.py:1065} INFO - Finding 'running' jobs without a recent heartbeat
[2022-07-16 07:21:03,366] {manager.py:1069} INFO - Failing jobs without heartbeat after 2022-07-16 07:16:03.365693+00:00
[2022-07-16 07:21:11,811] {manager.py:784} INFO - 
================================================================================
DAG File Processing Stats

File Path                                 PID  Runtime      # DAGs    # Errors  Last Runtime    Last Run
--------------------------------------  -----  ---------  --------  ----------  --------------  -------------------
/opt/airflow/dags/data_ingestion_gh.py    685  34.77s            1           0  6.99s           2022-07-16T07:20:06
================================================================================
[2022-07-16 07:21:16,045] {manager.py:1065} INFO - Finding 'running' jobs without a recent heartbeat
[2022-07-16 07:21:16,120] {manager.py:1069} INFO - Failing jobs without heartbeat after 2022-07-16 07:16:16.119308+00:00
[2022-07-16 07:21:28,150] {manager.py:1065} INFO - Finding 'running' jobs without a recent heartbeat
[2022-07-16 07:21:28,161] {manager.py:1069} INFO - Failing jobs without heartbeat after 2022-07-16 07:16:28.161221+00:00
[2022-07-16 07:21:38,595] {manager.py:1065} INFO - Finding 'running' jobs without a recent heartbeat
[2022-07-16 07:21:38,983] {manager.py:1069} INFO - Failing jobs without heartbeat after 2022-07-16 07:16:38.982808+00:00
[2022-07-16 07:21:42,794] {manager.py:784} INFO - 
================================================================================
DAG File Processing Stats

File Path                               PID    Runtime      # DAGs    # Errors  Last Runtime    Last Run
--------------------------------------  -----  ---------  --------  ----------  --------------  -------------------
/opt/airflow/dags/data_ingestion_gh.py                           0           1  44.08s          2022-07-16T07:21:21
================================================================================
[2022-07-16 07:21:50,602] {manager.py:1065} INFO - Finding 'running' jobs without a recent heartbeat
[2022-07-16 07:21:50,613] {manager.py:1069} INFO - Failing jobs without heartbeat after 2022-07-16 07:16:50.613515+00:00
[2022-07-16 07:22:01,372] {manager.py:1065} INFO - Finding 'running' jobs without a recent heartbeat
[2022-07-16 07:22:01,376] {manager.py:1069} INFO - Failing jobs without heartbeat after 2022-07-16 07:17:01.376611+00:00
[2022-07-16 07:22:11,483] {manager.py:1065} INFO - Finding 'running' jobs without a recent heartbeat
[2022-07-16 07:22:11,487] {manager.py:1069} INFO - Failing jobs without heartbeat after 2022-07-16 07:17:11.487673+00:00
[2022-07-16 07:22:14,228] {manager.py:784} INFO - 
================================================================================
DAG File Processing Stats

File Path                               PID    Runtime      # DAGs    # Errors  Last Runtime    Last Run
--------------------------------------  -----  ---------  --------  ----------  --------------  -------------------
/opt/airflow/dags/data_ingestion_gh.py                           1           0  16.58s          2022-07-16T07:22:08
================================================================================
[2022-07-16 07:22:22,052] {manager.py:1065} INFO - Finding 'running' jobs without a recent heartbeat
[2022-07-16 07:22:22,069] {manager.py:1069} INFO - Failing jobs without heartbeat after 2022-07-16 07:17:22.068714+00:00
[2022-07-16 07:22:32,717] {manager.py:1065} INFO - Finding 'running' jobs without a recent heartbeat
[2022-07-16 07:22:32,732] {manager.py:1069} INFO - Failing jobs without heartbeat after 2022-07-16 07:17:32.732433+00:00
[2022-07-16 07:22:42,824] {manager.py:1065} INFO - Finding 'running' jobs without a recent heartbeat
[2022-07-16 07:22:42,828] {manager.py:1069} INFO - Failing jobs without heartbeat after 2022-07-16 07:17:42.828093+00:00
[2022-07-16 07:22:44,416] {manager.py:784} INFO - 
================================================================================
DAG File Processing Stats

File Path                               PID    Runtime      # DAGs    # Errors  Last Runtime    Last Run
--------------------------------------  -----  ---------  --------  ----------  --------------  -------------------
/opt/airflow/dags/data_ingestion_gh.py                           1           0  4.61s           2022-07-16T07:22:43
================================================================================
[2022-07-16 07:22:52,893] {manager.py:1065} INFO - Finding 'running' jobs without a recent heartbeat
[2022-07-16 07:22:52,897] {manager.py:1069} INFO - Failing jobs without heartbeat after 2022-07-16 07:17:52.897383+00:00
[2022-07-16 07:23:03,446] {manager.py:1065} INFO - Finding 'running' jobs without a recent heartbeat
[2022-07-16 07:23:03,458] {manager.py:1069} INFO - Failing jobs without heartbeat after 2022-07-16 07:18:03.458407+00:00
[2022-07-16 07:23:13,526] {manager.py:1065} INFO - Finding 'running' jobs without a recent heartbeat
[2022-07-16 07:23:13,529] {manager.py:1069} INFO - Failing jobs without heartbeat after 2022-07-16 07:18:13.529668+00:00
[2022-07-16 07:23:14,573] {manager.py:784} INFO - 
================================================================================
DAG File Processing Stats

File Path                                 PID  Runtime      # DAGs    # Errors  Last Runtime    Last Run
--------------------------------------  -----  ---------  --------  ----------  --------------  -------------------
/opt/airflow/dags/data_ingestion_gh.py    766  1.02s             1           0  4.61s           2022-07-16T07:22:43
================================================================================
[2022-07-16 07:23:24,027] {manager.py:1065} INFO - Finding 'running' jobs without a recent heartbeat
[2022-07-16 07:23:24,030] {manager.py:1069} INFO - Failing jobs without heartbeat after 2022-07-16 07:18:24.029995+00:00
[2022-07-16 07:23:34,064] {manager.py:1065} INFO - Finding 'running' jobs without a recent heartbeat
[2022-07-16 07:23:34,068] {manager.py:1069} INFO - Failing jobs without heartbeat after 2022-07-16 07:18:34.068162+00:00
[2022-07-16 07:23:44,107] {manager.py:1065} INFO - Finding 'running' jobs without a recent heartbeat
[2022-07-16 07:23:44,134] {manager.py:1069} INFO - Failing jobs without heartbeat after 2022-07-16 07:18:44.133958+00:00
[2022-07-16 07:23:45,208] {manager.py:784} INFO - 
================================================================================
DAG File Processing Stats

File Path                               PID    Runtime      # DAGs    # Errors  Last Runtime    Last Run
--------------------------------------  -----  ---------  --------  ----------  --------------  -------------------
/opt/airflow/dags/data_ingestion_gh.py                           1           0  3.48s           2022-07-16T07:23:17
================================================================================
[2022-07-16 07:23:54,293] {manager.py:1065} INFO - Finding 'running' jobs without a recent heartbeat
[2022-07-16 07:23:54,298] {manager.py:1069} INFO - Failing jobs without heartbeat after 2022-07-16 07:18:54.298689+00:00
[2022-07-16 07:24:04,374] {manager.py:1065} INFO - Finding 'running' jobs without a recent heartbeat
[2022-07-16 07:24:04,377] {manager.py:1069} INFO - Failing jobs without heartbeat after 2022-07-16 07:19:04.377126+00:00
[2022-07-16 07:24:14,445] {manager.py:1065} INFO - Finding 'running' jobs without a recent heartbeat
[2022-07-16 07:24:14,450] {manager.py:1069} INFO - Failing jobs without heartbeat after 2022-07-16 07:19:14.450408+00:00
[2022-07-16 07:24:15,519] {manager.py:784} INFO - 
================================================================================
DAG File Processing Stats

File Path                               PID    Runtime      # DAGs    # Errors  Last Runtime    Last Run
--------------------------------------  -----  ---------  --------  ----------  --------------  -------------------
/opt/airflow/dags/data_ingestion_gh.py                           1           0  3.24s           2022-07-16T07:23:50
================================================================================
[2022-07-16 07:24:24,950] {manager.py:1065} INFO - Finding 'running' jobs without a recent heartbeat
[2022-07-16 07:24:24,967] {manager.py:1069} INFO - Failing jobs without heartbeat after 2022-07-16 07:19:24.967109+00:00
[2022-07-16 07:24:28,420] {manager.py:663} INFO - Searching for files in /opt/airflow/dags
[2022-07-16 07:24:28,760] {manager.py:666} INFO - There are 1 files in /opt/airflow/dags
[2022-07-16 07:24:35,438] {manager.py:1065} INFO - Finding 'running' jobs without a recent heartbeat
[2022-07-16 07:24:35,452] {manager.py:1069} INFO - Failing jobs without heartbeat after 2022-07-16 07:19:35.451844+00:00
[2022-07-16 07:24:45,900] {manager.py:1065} INFO - Finding 'running' jobs without a recent heartbeat
[2022-07-16 07:24:45,904] {manager.py:1069} INFO - Failing jobs without heartbeat after 2022-07-16 07:19:45.903646+00:00
[2022-07-16 07:24:45,955] {manager.py:784} INFO - 
================================================================================
DAG File Processing Stats

File Path                               PID    Runtime      # DAGs    # Errors  Last Runtime    Last Run
--------------------------------------  -----  ---------  --------  ----------  --------------  -------------------
/opt/airflow/dags/data_ingestion_gh.py                           1           0  13.00s          2022-07-16T07:24:33
================================================================================
[2022-07-16 07:24:55,997] {manager.py:1065} INFO - Finding 'running' jobs without a recent heartbeat
[2022-07-16 07:24:56,001] {manager.py:1069} INFO - Failing jobs without heartbeat after 2022-07-16 07:19:56.001207+00:00
[2022-07-16 07:25:06,125] {manager.py:1065} INFO - Finding 'running' jobs without a recent heartbeat
[2022-07-16 07:25:06,129] {manager.py:1069} INFO - Failing jobs without heartbeat after 2022-07-16 07:20:06.129553+00:00
[2022-07-16 07:25:16,137] {manager.py:784} INFO - 
================================================================================
DAG File Processing Stats

File Path                               PID    Runtime      # DAGs    # Errors  Last Runtime    Last Run
--------------------------------------  -----  ---------  --------  ----------  --------------  -------------------
/opt/airflow/dags/data_ingestion_gh.py                           1           0  3.89s           2022-07-16T07:25:07
================================================================================
[2022-07-16 07:25:16,273] {manager.py:1065} INFO - Finding 'running' jobs without a recent heartbeat
[2022-07-16 07:25:16,278] {manager.py:1069} INFO - Failing jobs without heartbeat after 2022-07-16 07:20:16.278344+00:00
[2022-07-16 07:25:26,497] {manager.py:1065} INFO - Finding 'running' jobs without a recent heartbeat
[2022-07-16 07:25:26,501] {manager.py:1069} INFO - Failing jobs without heartbeat after 2022-07-16 07:20:26.501441+00:00
[2022-07-16 07:25:36,594] {manager.py:1065} INFO - Finding 'running' jobs without a recent heartbeat
[2022-07-16 07:25:36,728] {manager.py:1069} INFO - Failing jobs without heartbeat after 2022-07-16 07:20:36.728164+00:00
[2022-07-16 07:25:46,243] {manager.py:784} INFO - 
================================================================================
DAG File Processing Stats

File Path                               PID    Runtime      # DAGs    # Errors  Last Runtime    Last Run
--------------------------------------  -----  ---------  --------  ----------  --------------  -------------------
/opt/airflow/dags/data_ingestion_gh.py                           1           0  4.28s           2022-07-16T07:25:42
================================================================================
[2022-07-16 07:25:47,248] {manager.py:1065} INFO - Finding 'running' jobs without a recent heartbeat
[2022-07-16 07:25:47,251] {manager.py:1069} INFO - Failing jobs without heartbeat after 2022-07-16 07:20:47.251608+00:00
[2022-07-16 07:25:57,349] {manager.py:1065} INFO - Finding 'running' jobs without a recent heartbeat
[2022-07-16 07:25:57,354] {manager.py:1069} INFO - Failing jobs without heartbeat after 2022-07-16 07:20:57.354273+00:00
[2022-07-16 07:26:07,416] {manager.py:1065} INFO - Finding 'running' jobs without a recent heartbeat
[2022-07-16 07:26:07,429] {manager.py:1069} INFO - Failing jobs without heartbeat after 2022-07-16 07:21:07.428873+00:00
[2022-07-16 07:26:16,571] {manager.py:784} INFO - 
================================================================================
DAG File Processing Stats

File Path                                 PID  Runtime      # DAGs    # Errors  Last Runtime    Last Run
--------------------------------------  -----  ---------  --------  ----------  --------------  -------------------
/opt/airflow/dags/data_ingestion_gh.py    869  4.04s             1           0  4.28s           2022-07-16T07:25:42
================================================================================
[2022-07-16 07:26:17,629] {manager.py:1065} INFO - Finding 'running' jobs without a recent heartbeat
[2022-07-16 07:26:17,638] {manager.py:1069} INFO - Failing jobs without heartbeat after 2022-07-16 07:21:17.638285+00:00
[2022-07-16 07:26:27,707] {manager.py:1065} INFO - Finding 'running' jobs without a recent heartbeat
[2022-07-16 07:26:27,710] {manager.py:1069} INFO - Failing jobs without heartbeat after 2022-07-16 07:21:27.710613+00:00
[2022-07-16 07:26:37,730] {manager.py:1065} INFO - Finding 'running' jobs without a recent heartbeat
[2022-07-16 07:26:37,734] {manager.py:1069} INFO - Failing jobs without heartbeat after 2022-07-16 07:21:37.733766+00:00
[2022-07-16 07:26:46,794] {manager.py:784} INFO - 
================================================================================
DAG File Processing Stats

File Path                               PID    Runtime      # DAGs    # Errors  Last Runtime    Last Run
--------------------------------------  -----  ---------  --------  ----------  --------------  -------------------
/opt/airflow/dags/data_ingestion_gh.py                           1           0  4.74s           2022-07-16T07:26:17
================================================================================
[2022-07-16 07:26:47,803] {manager.py:1065} INFO - Finding 'running' jobs without a recent heartbeat
[2022-07-16 07:26:47,808] {manager.py:1069} INFO - Failing jobs without heartbeat after 2022-07-16 07:21:47.808031+00:00
[2022-07-16 07:26:58,372] {manager.py:1065} INFO - Finding 'running' jobs without a recent heartbeat
[2022-07-16 07:26:58,376] {manager.py:1069} INFO - Failing jobs without heartbeat after 2022-07-16 07:21:58.376081+00:00
[2022-07-16 07:27:08,403] {manager.py:1065} INFO - Finding 'running' jobs without a recent heartbeat
[2022-07-16 07:27:08,408] {manager.py:1069} INFO - Failing jobs without heartbeat after 2022-07-16 07:22:08.407622+00:00
[2022-07-16 07:27:17,464] {manager.py:784} INFO - 
================================================================================
DAG File Processing Stats

File Path                               PID    Runtime      # DAGs    # Errors  Last Runtime    Last Run
--------------------------------------  -----  ---------  --------  ----------  --------------  -------------------
/opt/airflow/dags/data_ingestion_gh.py                           1           0  3.01s           2022-07-16T07:26:50
================================================================================
[2022-07-16 07:27:18,475] {manager.py:1065} INFO - Finding 'running' jobs without a recent heartbeat
[2022-07-16 07:27:18,510] {manager.py:1069} INFO - Failing jobs without heartbeat after 2022-07-16 07:22:18.510329+00:00
[2022-07-16 07:27:28,851] {manager.py:1065} INFO - Finding 'running' jobs without a recent heartbeat
[2022-07-16 07:27:28,859] {manager.py:1069} INFO - Failing jobs without heartbeat after 2022-07-16 07:22:28.859858+00:00
[2022-07-16 07:27:38,930] {manager.py:1065} INFO - Finding 'running' jobs without a recent heartbeat
[2022-07-16 07:27:38,939] {manager.py:1069} INFO - Failing jobs without heartbeat after 2022-07-16 07:22:38.939328+00:00
[2022-07-16 07:27:47,468] {manager.py:784} INFO - 
================================================================================
DAG File Processing Stats

File Path                               PID    Runtime      # DAGs    # Errors  Last Runtime    Last Run
--------------------------------------  -----  ---------  --------  ----------  --------------  -------------------
/opt/airflow/dags/data_ingestion_gh.py                           1           0  3.78s           2022-07-16T07:27:24
================================================================================
[2022-07-16 07:27:49,041] {manager.py:1065} INFO - Finding 'running' jobs without a recent heartbeat
[2022-07-16 07:27:49,045] {manager.py:1069} INFO - Failing jobs without heartbeat after 2022-07-16 07:22:49.044971+00:00
[2022-07-16 07:27:59,099] {manager.py:1065} INFO - Finding 'running' jobs without a recent heartbeat
[2022-07-16 07:27:59,103] {manager.py:1069} INFO - Failing jobs without heartbeat after 2022-07-16 07:22:59.103206+00:00
[2022-07-16 07:28:09,183] {manager.py:1065} INFO - Finding 'running' jobs without a recent heartbeat
[2022-07-16 07:28:09,198] {manager.py:1069} INFO - Failing jobs without heartbeat after 2022-07-16 07:23:09.198662+00:00
[2022-07-16 07:28:17,490] {manager.py:784} INFO - 
================================================================================
DAG File Processing Stats

File Path                               PID    Runtime      # DAGs    # Errors  Last Runtime    Last Run
--------------------------------------  -----  ---------  --------  ----------  --------------  -------------------
/opt/airflow/dags/data_ingestion_gh.py                           1           0  3.95s           2022-07-16T07:27:58
================================================================================
[2022-07-16 07:28:19,499] {manager.py:1065} INFO - Finding 'running' jobs without a recent heartbeat
[2022-07-16 07:28:19,503] {manager.py:1069} INFO - Failing jobs without heartbeat after 2022-07-16 07:23:19.502970+00:00
[2022-07-16 07:28:29,561] {manager.py:1065} INFO - Finding 'running' jobs without a recent heartbeat
[2022-07-16 07:28:29,566] {manager.py:1069} INFO - Failing jobs without heartbeat after 2022-07-16 07:23:29.566192+00:00
[2022-07-16 07:28:39,653] {manager.py:1065} INFO - Finding 'running' jobs without a recent heartbeat
[2022-07-16 07:28:39,656] {manager.py:1069} INFO - Failing jobs without heartbeat after 2022-07-16 07:23:39.656278+00:00
[2022-07-16 07:28:47,695] {manager.py:784} INFO - 
================================================================================
DAG File Processing Stats

File Path                               PID    Runtime      # DAGs    # Errors  Last Runtime    Last Run
--------------------------------------  -----  ---------  --------  ----------  --------------  -------------------
/opt/airflow/dags/data_ingestion_gh.py                           1           0  3.55s           2022-07-16T07:28:32
================================================================================
[2022-07-16 07:28:49,720] {manager.py:1065} INFO - Finding 'running' jobs without a recent heartbeat
[2022-07-16 07:28:49,722] {manager.py:1069} INFO - Failing jobs without heartbeat after 2022-07-16 07:23:49.722536+00:00
[2022-07-16 07:28:59,785] {manager.py:1065} INFO - Finding 'running' jobs without a recent heartbeat
[2022-07-16 07:28:59,788] {manager.py:1069} INFO - Failing jobs without heartbeat after 2022-07-16 07:23:59.788564+00:00
[2022-07-16 07:29:09,836] {manager.py:1065} INFO - Finding 'running' jobs without a recent heartbeat
[2022-07-16 07:29:09,846] {manager.py:1069} INFO - Failing jobs without heartbeat after 2022-07-16 07:24:09.844522+00:00
[2022-07-16 07:29:17,891] {manager.py:784} INFO - 
================================================================================
DAG File Processing Stats

File Path                               PID    Runtime      # DAGs    # Errors  Last Runtime    Last Run
--------------------------------------  -----  ---------  --------  ----------  --------------  -------------------
/opt/airflow/dags/data_ingestion_gh.py                           1           0  3.67s           2022-07-16T07:29:05
================================================================================
[2022-07-16 07:29:20,009] {manager.py:1065} INFO - Finding 'running' jobs without a recent heartbeat
[2022-07-16 07:29:20,012] {manager.py:1069} INFO - Failing jobs without heartbeat after 2022-07-16 07:24:20.012290+00:00
[2022-07-16 07:29:28,932] {manager.py:663} INFO - Searching for files in /opt/airflow/dags
[2022-07-16 07:29:28,959] {manager.py:666} INFO - There are 1 files in /opt/airflow/dags
[2022-07-16 07:29:30,051] {manager.py:1065} INFO - Finding 'running' jobs without a recent heartbeat
[2022-07-16 07:29:30,054] {manager.py:1069} INFO - Failing jobs without heartbeat after 2022-07-16 07:24:30.054438+00:00
[2022-07-16 07:29:40,116] {manager.py:1065} INFO - Finding 'running' jobs without a recent heartbeat
[2022-07-16 07:29:40,123] {manager.py:1069} INFO - Failing jobs without heartbeat after 2022-07-16 07:24:40.123314+00:00
[2022-07-16 07:29:48,173] {manager.py:784} INFO - 
================================================================================
DAG File Processing Stats

File Path                               PID    Runtime      # DAGs    # Errors  Last Runtime    Last Run
--------------------------------------  -----  ---------  --------  ----------  --------------  -------------------
/opt/airflow/dags/data_ingestion_gh.py                           1           0  3.17s           2022-07-16T07:29:39
================================================================================
[2022-07-16 07:29:50,183] {manager.py:1065} INFO - Finding 'running' jobs without a recent heartbeat
[2022-07-16 07:29:50,187] {manager.py:1069} INFO - Failing jobs without heartbeat after 2022-07-16 07:24:50.187078+00:00
[2022-07-16 07:30:00,240] {manager.py:1065} INFO - Finding 'running' jobs without a recent heartbeat
[2022-07-16 07:30:00,250] {manager.py:1069} INFO - Failing jobs without heartbeat after 2022-07-16 07:25:00.250298+00:00
[2022-07-16 07:30:10,294] {manager.py:1065} INFO - Finding 'running' jobs without a recent heartbeat
[2022-07-16 07:30:10,298] {manager.py:1069} INFO - Failing jobs without heartbeat after 2022-07-16 07:25:10.297863+00:00
[2022-07-16 07:30:18,304] {manager.py:784} INFO - 
================================================================================
DAG File Processing Stats

File Path                               PID    Runtime      # DAGs    # Errors  Last Runtime    Last Run
--------------------------------------  -----  ---------  --------  ----------  --------------  -------------------
/opt/airflow/dags/data_ingestion_gh.py                           1           0  3.97s           2022-07-16T07:30:13
================================================================================
[2022-07-16 07:30:20,399] {manager.py:1065} INFO - Finding 'running' jobs without a recent heartbeat
[2022-07-16 07:30:20,402] {manager.py:1069} INFO - Failing jobs without heartbeat after 2022-07-16 07:25:20.402419+00:00
[2022-07-16 07:30:30,443] {manager.py:1065} INFO - Finding 'running' jobs without a recent heartbeat
[2022-07-16 07:30:30,449] {manager.py:1069} INFO - Failing jobs without heartbeat after 2022-07-16 07:25:30.449065+00:00
[2022-07-16 07:30:41,132] {manager.py:1065} INFO - Finding 'running' jobs without a recent heartbeat
[2022-07-16 07:30:41,136] {manager.py:1069} INFO - Failing jobs without heartbeat after 2022-07-16 07:25:41.136586+00:00
[2022-07-16 07:30:48,470] {manager.py:784} INFO - 
================================================================================
DAG File Processing Stats

File Path                               PID    Runtime      # DAGs    # Errors  Last Runtime    Last Run
--------------------------------------  -----  ---------  --------  ----------  --------------  -------------------
/opt/airflow/dags/data_ingestion_gh.py                           1           0  2.62s           2022-07-16T07:30:46
================================================================================
[2022-07-16 07:30:51,593] {manager.py:1065} INFO - Finding 'running' jobs without a recent heartbeat
[2022-07-16 07:30:51,607] {manager.py:1069} INFO - Failing jobs without heartbeat after 2022-07-16 07:25:51.607284+00:00
[2022-07-16 07:31:01,676] {manager.py:1065} INFO - Finding 'running' jobs without a recent heartbeat
[2022-07-16 07:31:01,679] {manager.py:1069} INFO - Failing jobs without heartbeat after 2022-07-16 07:26:01.679440+00:00
[2022-07-16 07:31:11,738] {manager.py:1065} INFO - Finding 'running' jobs without a recent heartbeat
[2022-07-16 07:31:11,746] {manager.py:1069} INFO - Failing jobs without heartbeat after 2022-07-16 07:26:11.746314+00:00
[2022-07-16 07:31:18,838] {manager.py:784} INFO - 
================================================================================
DAG File Processing Stats

File Path                                 PID  Runtime      # DAGs    # Errors  Last Runtime    Last Run
--------------------------------------  -----  ---------  --------  ----------  --------------  -------------------
/opt/airflow/dags/data_ingestion_gh.py   1050  2.67s             1           0  2.62s           2022-07-16T07:30:46
================================================================================
[2022-07-16 07:31:22,246] {manager.py:1065} INFO - Finding 'running' jobs without a recent heartbeat
[2022-07-16 07:31:22,266] {manager.py:1069} INFO - Failing jobs without heartbeat after 2022-07-16 07:26:22.266196+00:00
[2022-07-16 07:31:32,350] {manager.py:1065} INFO - Finding 'running' jobs without a recent heartbeat
[2022-07-16 07:31:32,356] {manager.py:1069} INFO - Failing jobs without heartbeat after 2022-07-16 07:26:32.356069+00:00
[2022-07-16 07:31:42,550] {manager.py:1065} INFO - Finding 'running' jobs without a recent heartbeat
[2022-07-16 07:31:42,578] {manager.py:1069} INFO - Failing jobs without heartbeat after 2022-07-16 07:26:42.578172+00:00
[2022-07-16 07:31:48,892] {manager.py:784} INFO - 
================================================================================
DAG File Processing Stats

File Path                               PID    Runtime      # DAGs    # Errors  Last Runtime    Last Run
--------------------------------------  -----  ---------  --------  ----------  --------------  -------------------
/opt/airflow/dags/data_ingestion_gh.py                           1           0  3.53s           2022-07-16T07:31:19
================================================================================
[2022-07-16 07:31:52,913] {manager.py:1065} INFO - Finding 'running' jobs without a recent heartbeat
[2022-07-16 07:31:52,918] {manager.py:1069} INFO - Failing jobs without heartbeat after 2022-07-16 07:26:52.918182+00:00
[2022-07-16 07:32:03,432] {manager.py:1065} INFO - Finding 'running' jobs without a recent heartbeat
[2022-07-16 07:32:03,448] {manager.py:1069} INFO - Failing jobs without heartbeat after 2022-07-16 07:27:03.448346+00:00
[2022-07-16 07:32:14,706] {manager.py:1065} INFO - Finding 'running' jobs without a recent heartbeat
[2022-07-16 07:32:14,711] {manager.py:1069} INFO - Failing jobs without heartbeat after 2022-07-16 07:27:14.711630+00:00
[2022-07-16 07:32:19,811] {manager.py:784} INFO - 
================================================================================
DAG File Processing Stats

File Path                               PID    Runtime      # DAGs    # Errors  Last Runtime    Last Run
--------------------------------------  -----  ---------  --------  ----------  --------------  -------------------
/opt/airflow/dags/data_ingestion_gh.py                           1           0  7.66s           2022-07-16T07:31:57
================================================================================
[2022-07-16 07:32:24,835] {manager.py:1065} INFO - Finding 'running' jobs without a recent heartbeat
[2022-07-16 07:32:24,848] {manager.py:1069} INFO - Failing jobs without heartbeat after 2022-07-16 07:27:24.848760+00:00
[2022-07-16 07:32:35,639] {manager.py:1065} INFO - Finding 'running' jobs without a recent heartbeat
[2022-07-16 07:32:35,730] {manager.py:1069} INFO - Failing jobs without heartbeat after 2022-07-16 07:27:35.730610+00:00
[2022-07-16 07:32:46,930] {manager.py:1065} INFO - Finding 'running' jobs without a recent heartbeat
[2022-07-16 07:32:46,948] {manager.py:1069} INFO - Failing jobs without heartbeat after 2022-07-16 07:27:46.948584+00:00
[2022-07-16 07:32:50,572] {manager.py:784} INFO - 
================================================================================
DAG File Processing Stats

File Path                                 PID  Runtime      # DAGs    # Errors  Last Runtime    Last Run
--------------------------------------  -----  ---------  --------  ----------  --------------  -------------------
/opt/airflow/dags/data_ingestion_gh.py   1089  22.52s            1           0  7.66s           2022-07-16T07:31:57
================================================================================
[2022-07-16 07:32:57,737] {manager.py:1065} INFO - Finding 'running' jobs without a recent heartbeat
[2022-07-16 07:32:57,769] {manager.py:1069} INFO - Failing jobs without heartbeat after 2022-07-16 07:27:57.769348+00:00
[2022-07-16 07:33:08,339] {manager.py:1065} INFO - Finding 'running' jobs without a recent heartbeat
[2022-07-16 07:33:08,370] {manager.py:1069} INFO - Failing jobs without heartbeat after 2022-07-16 07:28:08.370712+00:00
[2022-07-16 07:33:18,923] {manager.py:1065} INFO - Finding 'running' jobs without a recent heartbeat
[2022-07-16 07:33:18,937] {manager.py:1069} INFO - Failing jobs without heartbeat after 2022-07-16 07:28:18.937061+00:00
[2022-07-16 07:33:21,167] {manager.py:784} INFO - 
================================================================================
DAG File Processing Stats

File Path                               PID    Runtime      # DAGs    # Errors  Last Runtime    Last Run
--------------------------------------  -----  ---------  --------  ----------  --------------  -------------------
/opt/airflow/dags/data_ingestion_gh.py                           1           0  30.21s          2022-07-16T07:32:58
================================================================================
[2022-07-16 07:33:29,213] {manager.py:1065} INFO - Finding 'running' jobs without a recent heartbeat
[2022-07-16 07:33:29,219] {manager.py:1069} INFO - Failing jobs without heartbeat after 2022-07-16 07:28:29.218533+00:00
[2022-07-16 07:33:39,957] {manager.py:1065} INFO - Finding 'running' jobs without a recent heartbeat
[2022-07-16 07:33:39,965] {manager.py:1069} INFO - Failing jobs without heartbeat after 2022-07-16 07:28:39.965052+00:00
[2022-07-16 07:33:50,239] {manager.py:1065} INFO - Finding 'running' jobs without a recent heartbeat
[2022-07-16 07:33:50,260] {manager.py:1069} INFO - Failing jobs without heartbeat after 2022-07-16 07:28:50.260402+00:00
[2022-07-16 07:33:51,343] {manager.py:784} INFO - 
================================================================================
DAG File Processing Stats

File Path                               PID    Runtime      # DAGs    # Errors  Last Runtime    Last Run
--------------------------------------  -----  ---------  --------  ----------  --------------  -------------------
/opt/airflow/dags/data_ingestion_gh.py                           1           0  13.04s          2022-07-16T07:33:42
================================================================================
[2022-07-16 07:34:00,370] {manager.py:1065} INFO - Finding 'running' jobs without a recent heartbeat
[2022-07-16 07:34:00,375] {manager.py:1069} INFO - Failing jobs without heartbeat after 2022-07-16 07:29:00.375135+00:00
[2022-07-16 07:34:10,494] {manager.py:1065} INFO - Finding 'running' jobs without a recent heartbeat
[2022-07-16 07:34:10,499] {manager.py:1069} INFO - Failing jobs without heartbeat after 2022-07-16 07:29:10.499216+00:00
[2022-07-16 07:34:20,701] {manager.py:1065} INFO - Finding 'running' jobs without a recent heartbeat
[2022-07-16 07:34:20,705] {manager.py:1069} INFO - Failing jobs without heartbeat after 2022-07-16 07:29:20.705421+00:00
[2022-07-16 07:34:21,730] {manager.py:784} INFO - 
================================================================================
DAG File Processing Stats

File Path                               PID    Runtime      # DAGs    # Errors  Last Runtime    Last Run
--------------------------------------  -----  ---------  --------  ----------  --------------  -------------------
/opt/airflow/dags/data_ingestion_gh.py                           1           0  4.22s           2022-07-16T07:34:16
================================================================================
[2022-07-16 07:34:29,771] {manager.py:663} INFO - Searching for files in /opt/airflow/dags
[2022-07-16 07:34:29,790] {manager.py:666} INFO - There are 1 files in /opt/airflow/dags
[2022-07-16 07:34:30,967] {manager.py:1065} INFO - Finding 'running' jobs without a recent heartbeat
[2022-07-16 07:34:30,978] {manager.py:1069} INFO - Failing jobs without heartbeat after 2022-07-16 07:29:30.978059+00:00
[2022-07-16 07:34:41,044] {manager.py:1065} INFO - Finding 'running' jobs without a recent heartbeat
[2022-07-16 07:34:41,052] {manager.py:1069} INFO - Failing jobs without heartbeat after 2022-07-16 07:29:41.052390+00:00
[2022-07-16 07:34:51,417] {manager.py:1065} INFO - Finding 'running' jobs without a recent heartbeat
[2022-07-16 07:34:51,430] {manager.py:1069} INFO - Failing jobs without heartbeat after 2022-07-16 07:29:51.429584+00:00
[2022-07-16 07:34:52,396] {manager.py:784} INFO - 
================================================================================
DAG File Processing Stats

File Path                               PID    Runtime      # DAGs    # Errors  Last Runtime    Last Run
--------------------------------------  -----  ---------  --------  ----------  --------------  -------------------
/opt/airflow/dags/data_ingestion_gh.py                           1           0  5.17s           2022-07-16T07:34:52
================================================================================
[2022-07-16 07:35:01,497] {manager.py:1065} INFO - Finding 'running' jobs without a recent heartbeat
[2022-07-16 07:35:01,606] {manager.py:1069} INFO - Failing jobs without heartbeat after 2022-07-16 07:30:01.604545+00:00
[2022-07-16 07:35:13,043] {manager.py:1065} INFO - Finding 'running' jobs without a recent heartbeat
[2022-07-16 07:35:13,076] {manager.py:1069} INFO - Failing jobs without heartbeat after 2022-07-16 07:30:13.076839+00:00
[2022-07-16 07:35:22,630] {manager.py:784} INFO - 
================================================================================
DAG File Processing Stats

File Path                               PID    Runtime      # DAGs    # Errors  Last Runtime    Last Run
--------------------------------------  -----  ---------  --------  ----------  --------------  -------------------
/opt/airflow/dags/data_ingestion_gh.py                           1           0  5.17s           2022-07-16T07:34:52
================================================================================
[2022-07-16 07:35:23,747] {manager.py:1065} INFO - Finding 'running' jobs without a recent heartbeat
[2022-07-16 07:35:23,847] {manager.py:1069} INFO - Failing jobs without heartbeat after 2022-07-16 07:30:23.847698+00:00
[2022-07-16 07:35:34,888] {manager.py:1065} INFO - Finding 'running' jobs without a recent heartbeat
[2022-07-16 07:35:34,957] {manager.py:1069} INFO - Failing jobs without heartbeat after 2022-07-16 07:30:34.947647+00:00
[2022-07-16 07:35:46,026] {manager.py:1065} INFO - Finding 'running' jobs without a recent heartbeat
[2022-07-16 07:35:46,034] {manager.py:1069} INFO - Failing jobs without heartbeat after 2022-07-16 07:30:46.034694+00:00
[2022-07-16 07:35:53,202] {manager.py:784} INFO - 
================================================================================
DAG File Processing Stats

File Path                               PID    Runtime      # DAGs    # Errors  Last Runtime    Last Run
--------------------------------------  -----  ---------  --------  ----------  --------------  -------------------
/opt/airflow/dags/data_ingestion_gh.py                           1           0  24.50s          2022-07-16T07:35:47
================================================================================
[2022-07-16 07:35:57,308] {manager.py:1065} INFO - Finding 'running' jobs without a recent heartbeat
[2022-07-16 07:35:57,320] {manager.py:1069} INFO - Failing jobs without heartbeat after 2022-07-16 07:30:57.320394+00:00
[2022-07-16 07:36:07,622] {manager.py:1065} INFO - Finding 'running' jobs without a recent heartbeat
[2022-07-16 07:36:08,061] {manager.py:1069} INFO - Failing jobs without heartbeat after 2022-07-16 07:31:08.061267+00:00
[2022-07-16 07:36:30,481] {manager.py:784} INFO - 
================================================================================
DAG File Processing Stats

File Path                                 PID  Runtime      # DAGs    # Errors  Last Runtime    Last Run
--------------------------------------  -----  ---------  --------  ----------  --------------  -------------------
/opt/airflow/dags/data_ingestion_gh.py   1205  10.23s            1           0  24.50s          2022-07-16T07:35:47
================================================================================
[2022-07-16 07:36:30,583] {manager.py:1065} INFO - Finding 'running' jobs without a recent heartbeat
[2022-07-16 07:36:30,731] {manager.py:1069} INFO - Failing jobs without heartbeat after 2022-07-16 07:31:30.731375+00:00
[2022-07-16 07:36:45,892] {manager.py:1065} INFO - Finding 'running' jobs without a recent heartbeat
[2022-07-16 07:36:46,702] {manager.py:1069} INFO - Failing jobs without heartbeat after 2022-07-16 07:31:46.696335+00:00
[2022-07-16 07:37:01,364] {manager.py:784} INFO - 
================================================================================
DAG File Processing Stats

File Path                                 PID  Runtime      # DAGs    # Errors  Last Runtime    Last Run
--------------------------------------  -----  ---------  --------  ----------  --------------  -------------------
/opt/airflow/dags/data_ingestion_gh.py   1205  41.07s            1           0  24.50s          2022-07-16T07:35:47
================================================================================
[2022-07-16 07:37:01,731] {manager.py:1065} INFO - Finding 'running' jobs without a recent heartbeat
[2022-07-16 07:37:01,756] {manager.py:1069} INFO - Failing jobs without heartbeat after 2022-07-16 07:32:01.756264+00:00
[2022-07-16 07:37:12,744] {manager.py:1065} INFO - Finding 'running' jobs without a recent heartbeat
[2022-07-16 07:37:13,454] {manager.py:1069} INFO - Failing jobs without heartbeat after 2022-07-16 07:32:13.453194+00:00
[2022-07-16 07:37:33,011] {manager.py:784} INFO - 
================================================================================
DAG File Processing Stats

File Path                               PID    Runtime      # DAGs    # Errors  Last Runtime    Last Run
--------------------------------------  -----  ---------  --------  ----------  --------------  -------------------
/opt/airflow/dags/data_ingestion_gh.py                           0           1  49.74s          2022-07-16T07:37:09
================================================================================
[2022-07-16 07:37:34,636] {manager.py:1065} INFO - Finding 'running' jobs without a recent heartbeat
[2022-07-16 07:37:34,909] {manager.py:1069} INFO - Failing jobs without heartbeat after 2022-07-16 07:32:34.909299+00:00
[2022-07-16 07:37:47,778] {manager.py:1065} INFO - Finding 'running' jobs without a recent heartbeat
[2022-07-16 07:37:47,892] {manager.py:1069} INFO - Failing jobs without heartbeat after 2022-07-16 07:32:47.892210+00:00
[2022-07-16 07:38:01,233] {manager.py:1065} INFO - Finding 'running' jobs without a recent heartbeat
[2022-07-16 07:38:01,322] {manager.py:1069} INFO - Failing jobs without heartbeat after 2022-07-16 07:33:01.322381+00:00
[2022-07-16 07:38:05,350] {manager.py:784} INFO - 
================================================================================
DAG File Processing Stats

File Path                                 PID  Runtime      # DAGs    # Errors  Last Runtime    Last Run
--------------------------------------  -----  ---------  --------  ----------  --------------  -------------------
/opt/airflow/dags/data_ingestion_gh.py   1235  25.19s            0           1  49.74s          2022-07-16T07:37:09
================================================================================
[2022-07-16 07:38:15,179] {manager.py:1065} INFO - Finding 'running' jobs without a recent heartbeat
[2022-07-16 07:38:15,205] {manager.py:1069} INFO - Failing jobs without heartbeat after 2022-07-16 07:33:15.203952+00:00
[2022-07-16 07:38:26,506] {manager.py:1065} INFO - Finding 'running' jobs without a recent heartbeat
[2022-07-16 07:38:26,838] {manager.py:1069} INFO - Failing jobs without heartbeat after 2022-07-16 07:33:26.835837+00:00
[2022-07-16 07:38:30,123] {manager.py:1106} ERROR - Processor for /opt/airflow/dags/data_ingestion_gh.py with PID 1235 started at 2022-07-16T07:37:39.893792+00:00 has timed out, killing it.
[2022-07-16 07:38:31,089] {manager.py:1106} ERROR - Processor for /opt/airflow/dags/data_ingestion_gh.py with PID 1235 started at 2022-07-16T07:37:39.893792+00:00 has timed out, killing it.
[2022-07-16 07:38:31,551] {manager.py:1106} ERROR - Processor for /opt/airflow/dags/data_ingestion_gh.py with PID 1235 started at 2022-07-16T07:37:39.893792+00:00 has timed out, killing it.
[2022-07-16 07:38:32,130] {manager.py:1106} ERROR - Processor for /opt/airflow/dags/data_ingestion_gh.py with PID 1235 started at 2022-07-16T07:37:39.893792+00:00 has timed out, killing it.
[2022-07-16 07:38:32,625] {manager.py:1106} ERROR - Processor for /opt/airflow/dags/data_ingestion_gh.py with PID 1235 started at 2022-07-16T07:37:39.893792+00:00 has timed out, killing it.
[2022-07-16 07:38:33,341] {manager.py:1106} ERROR - Processor for /opt/airflow/dags/data_ingestion_gh.py with PID 1235 started at 2022-07-16T07:37:39.893792+00:00 has timed out, killing it.
[2022-07-16 07:38:35,478] {manager.py:1106} ERROR - Processor for /opt/airflow/dags/data_ingestion_gh.py with PID 1235 started at 2022-07-16T07:37:39.893792+00:00 has timed out, killing it.
[2022-07-16 07:38:35,876] {manager.py:784} INFO - 
================================================================================
DAG File Processing Stats

File Path                                 PID  Runtime      # DAGs    # Errors  Last Runtime    Last Run
--------------------------------------  -----  ---------  --------  ----------  --------------  -------------------
/opt/airflow/dags/data_ingestion_gh.py   1235  55.77s            0           1  49.74s          2022-07-16T07:37:09
================================================================================
[2022-07-16 07:38:36,192] {manager.py:1106} ERROR - Processor for /opt/airflow/dags/data_ingestion_gh.py with PID 1235 started at 2022-07-16T07:37:39.893792+00:00 has timed out, killing it.
[2022-07-16 07:39:12,518] {manager.py:514} INFO - Processing files using up to 2 processes at a time 
[2022-07-16 07:39:12,526] {manager.py:515} INFO - Process each file at most once every 30 seconds
[2022-07-16 07:39:12,530] {manager.py:517} INFO - Checking for new files in /opt/airflow/dags every 300 seconds
[2022-07-16 07:39:12,538] {manager.py:663} INFO - Searching for files in /opt/airflow/dags
[2022-07-16 07:39:12,591] {manager.py:666} INFO - There are 1 files in /opt/airflow/dags
[2022-07-16 07:39:32,678] {manager.py:1065} INFO - Finding 'running' jobs without a recent heartbeat
[2022-07-16 07:39:33,137] {manager.py:1069} INFO - Failing jobs without heartbeat after 2022-07-16 07:34:33.024059+00:00
[2022-07-16 07:39:44,420] {manager.py:784} INFO - 
================================================================================
DAG File Processing Stats

File Path                                 PID  Runtime      # DAGs    # Errors  Last Runtime    Last Run
--------------------------------------  -----  ---------  --------  ----------  --------------  ----------
/opt/airflow/dags/data_ingestion_gh.py   1289  15.41s            0           0
================================================================================
[2022-07-16 07:39:54,020] {manager.py:1065} INFO - Finding 'running' jobs without a recent heartbeat
[2022-07-16 07:39:54,754] {manager.py:1069} INFO - Failing jobs without heartbeat after 2022-07-16 07:34:54.754584+00:00
[2022-07-16 07:40:15,646] {manager.py:784} INFO - 
================================================================================
DAG File Processing Stats

File Path                                 PID  Runtime      # DAGs    # Errors  Last Runtime    Last Run
--------------------------------------  -----  ---------  --------  ----------  --------------  ----------
/opt/airflow/dags/data_ingestion_gh.py   1289  47.33s            0           0
================================================================================
[2022-07-16 07:40:16,784] {manager.py:1065} INFO - Finding 'running' jobs without a recent heartbeat
[2022-07-16 07:40:16,790] {manager.py:1069} INFO - Failing jobs without heartbeat after 2022-07-16 07:35:16.790612+00:00
[2022-07-16 07:40:22,946] {manager.py:1106} ERROR - Processor for /opt/airflow/dags/data_ingestion_gh.py with PID 1289 started at 2022-07-16T07:39:28.115057+00:00 has timed out, killing it.
[2022-07-16 07:40:23,719] {manager.py:1106} ERROR - Processor for /opt/airflow/dags/data_ingestion_gh.py with PID 1289 started at 2022-07-16T07:39:28.115057+00:00 has timed out, killing it.
[2022-07-16 07:40:24,590] {manager.py:1106} ERROR - Processor for /opt/airflow/dags/data_ingestion_gh.py with PID 1289 started at 2022-07-16T07:39:28.115057+00:00 has timed out, killing it.
[2022-07-16 07:40:24,908] {manager.py:1106} ERROR - Processor for /opt/airflow/dags/data_ingestion_gh.py with PID 1289 started at 2022-07-16T07:39:28.115057+00:00 has timed out, killing it.
[2022-07-16 07:40:27,792] {manager.py:1106} ERROR - Processor for /opt/airflow/dags/data_ingestion_gh.py with PID 1289 started at 2022-07-16T07:39:28.115057+00:00 has timed out, killing it.
[2022-07-16 07:40:32,638] {manager.py:1106} ERROR - Processor for /opt/airflow/dags/data_ingestion_gh.py with PID 1289 started at 2022-07-16T07:39:28.115057+00:00 has timed out, killing it.
[2022-07-16 07:40:33,056] {manager.py:1065} INFO - Finding 'running' jobs without a recent heartbeat
[2022-07-16 07:40:33,100] {manager.py:1069} INFO - Failing jobs without heartbeat after 2022-07-16 07:35:33.100465+00:00
[2022-07-16 07:40:37,024] {manager.py:1106} ERROR - Processor for /opt/airflow/dags/data_ingestion_gh.py with PID 1289 started at 2022-07-16T07:39:28.115057+00:00 has timed out, killing it.
[2022-07-16 07:40:37,213] {manager.py:1106} ERROR - Processor for /opt/airflow/dags/data_ingestion_gh.py with PID 1289 started at 2022-07-16T07:39:28.115057+00:00 has timed out, killing it.
[2022-07-16 07:40:38,157] {manager.py:1106} ERROR - Processor for /opt/airflow/dags/data_ingestion_gh.py with PID 1289 started at 2022-07-16T07:39:28.115057+00:00 has timed out, killing it.
[2022-07-16 07:40:38,446] {manager.py:1106} ERROR - Processor for /opt/airflow/dags/data_ingestion_gh.py with PID 1289 started at 2022-07-16T07:39:28.115057+00:00 has timed out, killing it.
[2022-07-16 07:40:39,187] {manager.py:1106} ERROR - Processor for /opt/airflow/dags/data_ingestion_gh.py with PID 1289 started at 2022-07-16T07:39:28.115057+00:00 has timed out, killing it.
[2022-07-16 07:40:39,484] {manager.py:1106} ERROR - Processor for /opt/airflow/dags/data_ingestion_gh.py with PID 1289 started at 2022-07-16T07:39:28.115057+00:00 has timed out, killing it.
[2022-07-16 07:40:40,231] {manager.py:1106} ERROR - Processor for /opt/airflow/dags/data_ingestion_gh.py with PID 1289 started at 2022-07-16T07:39:28.115057+00:00 has timed out, killing it.
[2022-07-16 07:40:40,544] {manager.py:1106} ERROR - Processor for /opt/airflow/dags/data_ingestion_gh.py with PID 1289 started at 2022-07-16T07:39:28.115057+00:00 has timed out, killing it.
[2022-07-16 07:40:42,978] {manager.py:1106} ERROR - Processor for /opt/airflow/dags/data_ingestion_gh.py with PID 1289 started at 2022-07-16T07:39:28.115057+00:00 has timed out, killing it.
[2022-07-16 07:42:00,083] {manager.py:514} INFO - Processing files using up to 2 processes at a time 
[2022-07-16 07:42:00,241] {manager.py:515} INFO - Process each file at most once every 30 seconds
[2022-07-16 07:42:00,318] {manager.py:517} INFO - Checking for new files in /opt/airflow/dags every 300 seconds
[2022-07-16 07:42:00,329] {manager.py:663} INFO - Searching for files in /opt/airflow/dags
[2022-07-16 07:42:01,123] {manager.py:666} INFO - There are 1 files in /opt/airflow/dags
[2022-07-16 07:42:27,298] {manager.py:495} INFO - Exiting gracefully upon receiving signal 15
[2022-07-16 07:45:24,831] {manager.py:514} INFO - Processing files using up to 2 processes at a time 
[2022-07-16 07:45:25,561] {manager.py:515} INFO - Process each file at most once every 30 seconds
[2022-07-16 07:45:26,125] {manager.py:517} INFO - Checking for new files in /opt/airflow/dags every 300 seconds
[2022-07-16 07:45:28,101] {manager.py:663} INFO - Searching for files in /opt/airflow/dags
[2022-07-16 07:45:44,272] {manager.py:666} INFO - There are 1 files in /opt/airflow/dags
[2022-07-16 07:46:23,644] {manager.py:1065} INFO - Finding 'running' jobs without a recent heartbeat
[2022-07-16 07:46:24,160] {manager.py:1069} INFO - Failing jobs without heartbeat after 2022-07-16 07:41:24.159046+00:00
[2022-07-16 07:46:54,526] {manager.py:784} INFO - 
================================================================================
DAG File Processing Stats

File Path                                 PID  Runtime      # DAGs    # Errors  Last Runtime    Last Run
--------------------------------------  -----  ---------  --------  ----------  --------------  ----------
/opt/airflow/dags/data_ingestion_gh.py   1458  36.91s            0           0
================================================================================
[2022-07-16 07:47:06,850] {manager.py:1065} INFO - Finding 'running' jobs without a recent heartbeat
[2022-07-16 07:47:07,198] {manager.py:1069} INFO - Failing jobs without heartbeat after 2022-07-16 07:42:07.172059+00:00
[2022-07-16 07:47:41,173] {manager.py:1106} ERROR - Processor for /opt/airflow/dags/data_ingestion_gh.py with PID 1458 started at 2022-07-16T07:46:16.440966+00:00 has timed out, killing it.
[2022-07-16 07:47:47,564] {manager.py:784} INFO - 
================================================================================
DAG File Processing Stats

File Path                                 PID  Runtime      # DAGs    # Errors  Last Runtime    Last Run
--------------------------------------  -----  ---------  --------  ----------  --------------  ----------
/opt/airflow/dags/data_ingestion_gh.py   1458  90.60s            0           0
================================================================================
[2022-07-16 07:47:47,915] {manager.py:1065} INFO - Finding 'running' jobs without a recent heartbeat
[2022-07-16 07:47:50,386] {manager.py:1069} INFO - Failing jobs without heartbeat after 2022-07-16 07:42:47.941334+00:00
[2022-07-16 07:48:08,128] {manager.py:1106} ERROR - Processor for /opt/airflow/dags/data_ingestion_gh.py with PID 1458 started at 2022-07-16T07:46:16.440966+00:00 has timed out, killing it.
[2022-07-16 07:49:09,068] {manager.py:514} INFO - Processing files using up to 2 processes at a time 
[2022-07-16 07:49:09,124] {manager.py:515} INFO - Process each file at most once every 30 seconds
[2022-07-16 07:49:09,133] {manager.py:517} INFO - Checking for new files in /opt/airflow/dags every 300 seconds
[2022-07-16 07:49:09,212] {manager.py:663} INFO - Searching for files in /opt/airflow/dags
[2022-07-16 07:49:10,142] {manager.py:666} INFO - There are 1 files in /opt/airflow/dags
[2022-07-16 07:49:21,375] {manager.py:1065} INFO - Finding 'running' jobs without a recent heartbeat
[2022-07-16 07:49:21,595] {manager.py:1069} INFO - Failing jobs without heartbeat after 2022-07-16 07:44:21.595736+00:00
[2022-07-16 07:49:40,202] {manager.py:784} INFO - 
================================================================================
DAG File Processing Stats

File Path                                 PID  Runtime      # DAGs    # Errors  Last Runtime    Last Run
--------------------------------------  -----  ---------  --------  ----------  --------------  ----------
/opt/airflow/dags/data_ingestion_gh.py   1529  19.91s            0           0
================================================================================
[2022-07-16 07:49:47,306] {manager.py:495} INFO - Exiting gracefully upon receiving signal 15
[2022-07-16 07:49:48,363] {manager.py:495} INFO - Exiting gracefully upon receiving signal 15
[2022-07-16 07:52:55,939] {manager.py:514} INFO - Processing files using up to 2 processes at a time 
[2022-07-16 07:52:55,975] {manager.py:515} INFO - Process each file at most once every 30 seconds
[2022-07-16 07:52:56,011] {manager.py:517} INFO - Checking for new files in /opt/airflow/dags every 300 seconds
[2022-07-16 07:52:56,326] {manager.py:663} INFO - Searching for files in /opt/airflow/dags
[2022-07-16 07:52:56,879] {manager.py:666} INFO - There are 1 files in /opt/airflow/dags
[2022-07-16 07:53:59,302] {manager.py:1065} INFO - Finding 'running' jobs without a recent heartbeat
[2022-07-16 07:54:22,953] {manager.py:1069} INFO - Failing jobs without heartbeat after 2022-07-16 07:49:22.942792+00:00
[2022-07-16 07:55:20,237] {manager.py:1106} ERROR - Processor for /opt/airflow/dags/data_ingestion_gh.py with PID 1593 started at 2022-07-16T07:53:31.986701+00:00 has timed out, killing it.
[2022-07-16 07:55:22,156] {manager.py:784} INFO - 
================================================================================
DAG File Processing Stats

File Path                                 PID  Runtime      # DAGs    # Errors  Last Runtime    Last Run
--------------------------------------  -----  ---------  --------  ----------  --------------  ----------
/opt/airflow/dags/data_ingestion_gh.py   1593  108.29s           0           0
================================================================================
[2022-07-16 07:55:23,183] {manager.py:495} INFO - Exiting gracefully upon receiving signal 15
[2022-07-16 07:59:42,504] {manager.py:514} INFO - Processing files using up to 2 processes at a time 
[2022-07-16 07:59:42,778] {manager.py:515} INFO - Process each file at most once every 30 seconds
[2022-07-16 07:59:43,844] {manager.py:517} INFO - Checking for new files in /opt/airflow/dags every 300 seconds
[2022-07-16 07:59:44,444] {manager.py:663} INFO - Searching for files in /opt/airflow/dags
[2022-07-16 07:59:58,693] {manager.py:666} INFO - There are 1 files in /opt/airflow/dags
[2022-07-16 08:01:56,623] {manager.py:1065} INFO - Finding 'running' jobs without a recent heartbeat
[2022-07-16 08:01:57,808] {manager.py:1069} INFO - Failing jobs without heartbeat after 2022-07-16 07:56:57.662885+00:00
[2022-07-16 08:02:04,296] {manager.py:495} INFO - Exiting gracefully upon receiving signal 15
[2022-07-16 08:02:04,631] {manager.py:495} INFO - Exiting gracefully upon receiving signal 15
[2022-07-16 08:05:09,385] {manager.py:514} INFO - Processing files using up to 2 processes at a time 
[2022-07-16 08:05:09,952] {manager.py:515} INFO - Process each file at most once every 30 seconds
[2022-07-16 08:05:10,148] {manager.py:517} INFO - Checking for new files in /opt/airflow/dags every 300 seconds
[2022-07-16 08:05:10,400] {manager.py:663} INFO - Searching for files in /opt/airflow/dags
[2022-07-16 08:05:12,137] {manager.py:666} INFO - There are 1 files in /opt/airflow/dags
[2022-07-16 08:06:00,858] {manager.py:1065} INFO - Finding 'running' jobs without a recent heartbeat
[2022-07-16 08:06:01,085] {manager.py:1069} INFO - Failing jobs without heartbeat after 2022-07-16 08:01:01.085365+00:00
[2022-07-16 08:06:07,109] {manager.py:495} INFO - Exiting gracefully upon receiving signal 15
[2022-07-16 08:06:07,307] {manager.py:495} INFO - Exiting gracefully upon receiving signal 15
