[2022-07-16 07:27:12,521] {taskinstance.py:1032} INFO - Dependencies all met for <TaskInstance: gh_data_ingestion.local_to_gcs_task scheduled__2022-07-14T05:30:00+00:00 [queued]>
[2022-07-16 07:27:13,061] {taskinstance.py:1032} INFO - Dependencies all met for <TaskInstance: gh_data_ingestion.local_to_gcs_task scheduled__2022-07-14T05:30:00+00:00 [queued]>
[2022-07-16 07:27:13,065] {taskinstance.py:1238} INFO - 
--------------------------------------------------------------------------------
[2022-07-16 07:27:13,067] {taskinstance.py:1239} INFO - Starting attempt 1 of 2
[2022-07-16 07:27:13,087] {taskinstance.py:1240} INFO - 
--------------------------------------------------------------------------------
[2022-07-16 07:27:13,288] {taskinstance.py:1259} INFO - Executing <Task(PythonOperator): local_to_gcs_task> on 2022-07-14 05:30:00+00:00
[2022-07-16 07:27:13,436] {standard_task_runner.py:52} INFO - Started process 917 to run task
[2022-07-16 07:27:13,485] {standard_task_runner.py:76} INFO - Running: ['***', 'tasks', 'run', 'gh_data_ingestion', 'local_to_gcs_task', 'scheduled__2022-07-14T05:30:00+00:00', '--job-id', '37', '--raw', '--subdir', 'DAGS_FOLDER/data_ingestion_gh.py', '--cfg-path', '/tmp/tmpx3oel9lj', '--error-file', '/tmp/tmpyqnn6uwq']
[2022-07-16 07:27:13,563] {standard_task_runner.py:77} INFO - Job 37: Subtask local_to_gcs_task
[2022-07-16 07:27:14,185] {logging_mixin.py:109} INFO - Running <TaskInstance: gh_data_ingestion.local_to_gcs_task scheduled__2022-07-14T05:30:00+00:00 [running]> on host 4972e04a2617
[2022-07-16 07:27:14,850] {warnings.py:110} WARNING - /home/***/.local/lib/python3.7/site-packages/***/utils/context.py:152: AirflowContextDeprecationWarning: Accessing 'execution_date' from the template is deprecated and will be removed in a future version. Please use 'data_interval_start' or 'logical_date' instead.
  warnings.warn(_create_deprecation_warning(key, self._deprecation_replacements[key]))

[2022-07-16 07:27:14,988] {taskinstance.py:1426} INFO - Exporting the following env vars:
AIRFLOW_CTX_DAG_OWNER=***
AIRFLOW_CTX_DAG_ID=gh_data_ingestion
AIRFLOW_CTX_TASK_ID=local_to_gcs_task
AIRFLOW_CTX_EXECUTION_DATE=2022-07-14T05:30:00+00:00
AIRFLOW_CTX_DAG_RUN_ID=scheduled__2022-07-14T05:30:00+00:00
[2022-07-16 07:27:18,265] {python.py:175} INFO - Done. Returned value was: None
[2022-07-16 07:27:18,411] {taskinstance.py:1277} INFO - Marking task as SUCCESS. dag_id=gh_data_ingestion, task_id=local_to_gcs_task, execution_date=20220714T053000, start_date=20220716T072712, end_date=20220716T072718
[2022-07-16 07:27:19,018] {local_task_job.py:154} INFO - Task exited with return code 0
[2022-07-16 07:27:19,755] {local_task_job.py:264} INFO - 1 downstream tasks scheduled from follow-on schedule check
