[2022-07-16 07:25:13,036] {taskinstance.py:1032} INFO - Dependencies all met for <TaskInstance: gh_data_ingestion.download_dataset_task scheduled__2022-07-14T06:30:00+00:00 [queued]>
[2022-07-16 07:25:13,107] {taskinstance.py:1032} INFO - Dependencies all met for <TaskInstance: gh_data_ingestion.download_dataset_task scheduled__2022-07-14T06:30:00+00:00 [queued]>
[2022-07-16 07:25:13,114] {taskinstance.py:1238} INFO - 
--------------------------------------------------------------------------------
[2022-07-16 07:25:13,120] {taskinstance.py:1239} INFO - Starting attempt 1 of 2
[2022-07-16 07:25:13,126] {taskinstance.py:1240} INFO - 
--------------------------------------------------------------------------------
[2022-07-16 07:25:13,258] {taskinstance.py:1259} INFO - Executing <Task(BashOperator): download_dataset_task> on 2022-07-14 06:30:00+00:00
[2022-07-16 07:25:13,318] {standard_task_runner.py:76} INFO - Running: ['***', 'tasks', 'run', 'gh_data_ingestion', 'download_dataset_task', 'scheduled__2022-07-14T06:30:00+00:00', '--job-id', '33', '--raw', '--subdir', 'DAGS_FOLDER/data_ingestion_gh.py', '--cfg-path', '/tmp/tmph4teakef', '--error-file', '/tmp/tmp_3xvd_gg']
[2022-07-16 07:25:13,336] {standard_task_runner.py:77} INFO - Job 33: Subtask download_dataset_task
[2022-07-16 07:25:13,307] {standard_task_runner.py:52} INFO - Started process 845 to run task
[2022-07-16 07:25:14,292] {logging_mixin.py:109} INFO - Running <TaskInstance: gh_data_ingestion.download_dataset_task scheduled__2022-07-14T06:30:00+00:00 [running]> on host 4972e04a2617
[2022-07-16 07:25:14,888] {warnings.py:110} WARNING - /home/***/.local/lib/python3.7/site-packages/***/utils/context.py:152: AirflowContextDeprecationWarning: Accessing 'execution_date' from the template is deprecated and will be removed in a future version. Please use 'data_interval_start' or 'logical_date' instead.
  warnings.warn(_create_deprecation_warning(key, self._deprecation_replacements[key]))

[2022-07-16 07:25:15,372] {taskinstance.py:1426} INFO - Exporting the following env vars:
AIRFLOW_CTX_DAG_OWNER=***
AIRFLOW_CTX_DAG_ID=gh_data_ingestion
AIRFLOW_CTX_TASK_ID=download_dataset_task
AIRFLOW_CTX_EXECUTION_DATE=2022-07-14T06:30:00+00:00
AIRFLOW_CTX_DAG_RUN_ID=scheduled__2022-07-14T06:30:00+00:00
[2022-07-16 07:25:15,385] {subprocess.py:62} INFO - Tmp dir root location: 
 /tmp
[2022-07-16 07:25:15,426] {subprocess.py:74} INFO - Running command: ['bash', '-c', 'curl -sSLf https://data.gharchive.org/2022-07-14-6.json.gz > /opt/***/2022-07-14-6.json.gz']
[2022-07-16 07:25:15,707] {subprocess.py:85} INFO - Output:
[2022-07-16 07:25:26,393] {subprocess.py:93} INFO - Command exited with return code 0
[2022-07-16 07:25:26,553] {taskinstance.py:1277} INFO - Marking task as SUCCESS. dag_id=gh_data_ingestion, task_id=download_dataset_task, execution_date=20220714T063000, start_date=20220716T072513, end_date=20220716T072526
[2022-07-16 07:25:26,907] {local_task_job.py:154} INFO - Task exited with return code 0
[2022-07-16 07:25:27,559] {local_task_job.py:264} INFO - 0 downstream tasks scheduled from follow-on schedule check
