[2022-07-16 07:25:12,628] {taskinstance.py:1032} INFO - Dependencies all met for <TaskInstance: gh_data_ingestion.remove_files_task scheduled__2022-07-14T04:30:00+00:00 [queued]>
[2022-07-16 07:25:12,668] {taskinstance.py:1032} INFO - Dependencies all met for <TaskInstance: gh_data_ingestion.remove_files_task scheduled__2022-07-14T04:30:00+00:00 [queued]>
[2022-07-16 07:25:12,687] {taskinstance.py:1238} INFO - 
--------------------------------------------------------------------------------
[2022-07-16 07:25:12,690] {taskinstance.py:1239} INFO - Starting attempt 1 of 2
[2022-07-16 07:25:12,692] {taskinstance.py:1240} INFO - 
--------------------------------------------------------------------------------
[2022-07-16 07:25:12,721] {taskinstance.py:1259} INFO - Executing <Task(BashOperator): remove_files_task> on 2022-07-14 04:30:00+00:00
[2022-07-16 07:25:12,746] {standard_task_runner.py:52} INFO - Started process 844 to run task
[2022-07-16 07:25:12,780] {standard_task_runner.py:76} INFO - Running: ['***', 'tasks', 'run', 'gh_data_ingestion', 'remove_files_task', 'scheduled__2022-07-14T04:30:00+00:00', '--job-id', '32', '--raw', '--subdir', 'DAGS_FOLDER/data_ingestion_gh.py', '--cfg-path', '/tmp/tmp4u5zzn8x', '--error-file', '/tmp/tmpp2px6p8g']
[2022-07-16 07:25:12,798] {standard_task_runner.py:77} INFO - Job 32: Subtask remove_files_task
[2022-07-16 07:25:13,367] {logging_mixin.py:109} INFO - Running <TaskInstance: gh_data_ingestion.remove_files_task scheduled__2022-07-14T04:30:00+00:00 [running]> on host 4972e04a2617
[2022-07-16 07:25:14,171] {warnings.py:110} WARNING - /home/***/.local/lib/python3.7/site-packages/***/utils/context.py:152: AirflowContextDeprecationWarning: Accessing 'execution_date' from the template is deprecated and will be removed in a future version. Please use 'data_interval_start' or 'logical_date' instead.
  warnings.warn(_create_deprecation_warning(key, self._deprecation_replacements[key]))

[2022-07-16 07:25:14,338] {taskinstance.py:1426} INFO - Exporting the following env vars:
AIRFLOW_CTX_DAG_OWNER=***
AIRFLOW_CTX_DAG_ID=gh_data_ingestion
AIRFLOW_CTX_TASK_ID=remove_files_task
AIRFLOW_CTX_EXECUTION_DATE=2022-07-14T04:30:00+00:00
AIRFLOW_CTX_DAG_RUN_ID=scheduled__2022-07-14T04:30:00+00:00
[2022-07-16 07:25:14,365] {subprocess.py:62} INFO - Tmp dir root location: 
 /tmp
[2022-07-16 07:25:14,399] {subprocess.py:74} INFO - Running command: ['bash', '-c', 'rm /opt/***/2022-07-14-4.json.gz /opt/***/2022-07-14-4.parquet']
[2022-07-16 07:25:14,656] {subprocess.py:85} INFO - Output:
[2022-07-16 07:25:17,158] {subprocess.py:93} INFO - Command exited with return code 0
[2022-07-16 07:25:17,632] {taskinstance.py:1277} INFO - Marking task as SUCCESS. dag_id=gh_data_ingestion, task_id=remove_files_task, execution_date=20220714T043000, start_date=20220716T072512, end_date=20220716T072517
[2022-07-16 07:25:18,358] {local_task_job.py:154} INFO - Task exited with return code 0
[2022-07-16 07:25:19,467] {local_task_job.py:264} INFO - 0 downstream tasks scheduled from follow-on schedule check
