[2022-07-16 07:32:23,781] {taskinstance.py:1032} INFO - Dependencies all met for <TaskInstance: gh_data_ingestion.download_dataset_task scheduled__2022-07-14T10:30:00+00:00 [queued]>
[2022-07-16 07:32:23,998] {taskinstance.py:1032} INFO - Dependencies all met for <TaskInstance: gh_data_ingestion.download_dataset_task scheduled__2022-07-14T10:30:00+00:00 [queued]>
[2022-07-16 07:32:24,005] {taskinstance.py:1238} INFO - 
--------------------------------------------------------------------------------
[2022-07-16 07:32:24,007] {taskinstance.py:1239} INFO - Starting attempt 1 of 2
[2022-07-16 07:32:24,014] {taskinstance.py:1240} INFO - 
--------------------------------------------------------------------------------
[2022-07-16 07:32:24,447] {taskinstance.py:1259} INFO - Executing <Task(BashOperator): download_dataset_task> on 2022-07-14 10:30:00+00:00
[2022-07-16 07:32:24,955] {standard_task_runner.py:52} INFO - Started process 1099 to run task
[2022-07-16 07:32:25,786] {standard_task_runner.py:76} INFO - Running: ['***', 'tasks', 'run', 'gh_data_ingestion', 'download_dataset_task', 'scheduled__2022-07-14T10:30:00+00:00', '--job-id', '50', '--raw', '--subdir', 'DAGS_FOLDER/data_ingestion_gh.py', '--cfg-path', '/tmp/tmpotj36wu3', '--error-file', '/tmp/tmpvezi5oxe']
[2022-07-16 07:32:25,823] {standard_task_runner.py:77} INFO - Job 50: Subtask download_dataset_task
[2022-07-16 07:32:29,461] {logging_mixin.py:109} INFO - Running <TaskInstance: gh_data_ingestion.download_dataset_task scheduled__2022-07-14T10:30:00+00:00 [running]> on host 4972e04a2617
[2022-07-16 07:32:33,045] {warnings.py:110} WARNING - /home/***/.local/lib/python3.7/site-packages/***/utils/context.py:152: AirflowContextDeprecationWarning: Accessing 'execution_date' from the template is deprecated and will be removed in a future version. Please use 'data_interval_start' or 'logical_date' instead.
  warnings.warn(_create_deprecation_warning(key, self._deprecation_replacements[key]))

[2022-07-16 07:32:34,555] {taskinstance.py:1426} INFO - Exporting the following env vars:
AIRFLOW_CTX_DAG_OWNER=***
AIRFLOW_CTX_DAG_ID=gh_data_ingestion
AIRFLOW_CTX_TASK_ID=download_dataset_task
AIRFLOW_CTX_EXECUTION_DATE=2022-07-14T10:30:00+00:00
AIRFLOW_CTX_DAG_RUN_ID=scheduled__2022-07-14T10:30:00+00:00
[2022-07-16 07:32:34,578] {subprocess.py:62} INFO - Tmp dir root location: 
 /tmp
[2022-07-16 07:32:34,739] {subprocess.py:74} INFO - Running command: ['bash', '-c', 'curl -sSLf https://data.gharchive.org/2022-07-14-10.json.gz > /opt/***/2022-07-14-10.json.gz']
[2022-07-16 07:32:36,440] {subprocess.py:85} INFO - Output:
[2022-07-16 07:33:02,839] {subprocess.py:93} INFO - Command exited with return code 0
[2022-07-16 07:33:03,426] {taskinstance.py:1277} INFO - Marking task as SUCCESS. dag_id=gh_data_ingestion, task_id=download_dataset_task, execution_date=20220714T103000, start_date=20220716T073223, end_date=20220716T073303
[2022-07-16 07:33:04,777] {local_task_job.py:154} INFO - Task exited with return code 0
[2022-07-16 07:33:05,479] {local_task_job.py:264} INFO - 1 downstream tasks scheduled from follow-on schedule check
