[2022-07-16 07:31:28,085] {taskinstance.py:1032} INFO - Dependencies all met for <TaskInstance: gh_data_ingestion.download_dataset_task scheduled__2022-07-14T09:30:00+00:00 [queued]>
[2022-07-16 07:31:28,470] {taskinstance.py:1032} INFO - Dependencies all met for <TaskInstance: gh_data_ingestion.download_dataset_task scheduled__2022-07-14T09:30:00+00:00 [queued]>
[2022-07-16 07:31:28,474] {taskinstance.py:1238} INFO - 
--------------------------------------------------------------------------------
[2022-07-16 07:31:28,502] {taskinstance.py:1239} INFO - Starting attempt 1 of 2
[2022-07-16 07:31:28,546] {taskinstance.py:1240} INFO - 
--------------------------------------------------------------------------------
[2022-07-16 07:31:28,713] {taskinstance.py:1259} INFO - Executing <Task(BashOperator): download_dataset_task> on 2022-07-14 09:30:00+00:00
[2022-07-16 07:31:28,891] {standard_task_runner.py:52} INFO - Started process 1070 to run task
[2022-07-16 07:31:28,950] {standard_task_runner.py:76} INFO - Running: ['***', 'tasks', 'run', 'gh_data_ingestion', 'download_dataset_task', 'scheduled__2022-07-14T09:30:00+00:00', '--job-id', '48', '--raw', '--subdir', 'DAGS_FOLDER/data_ingestion_gh.py', '--cfg-path', '/tmp/tmpur6ocfro', '--error-file', '/tmp/tmp7x0bavw7']
[2022-07-16 07:31:28,971] {standard_task_runner.py:77} INFO - Job 48: Subtask download_dataset_task
[2022-07-16 07:31:29,663] {logging_mixin.py:109} INFO - Running <TaskInstance: gh_data_ingestion.download_dataset_task scheduled__2022-07-14T09:30:00+00:00 [running]> on host 4972e04a2617
[2022-07-16 07:31:30,557] {warnings.py:110} WARNING - /home/***/.local/lib/python3.7/site-packages/***/utils/context.py:152: AirflowContextDeprecationWarning: Accessing 'execution_date' from the template is deprecated and will be removed in a future version. Please use 'data_interval_start' or 'logical_date' instead.
  warnings.warn(_create_deprecation_warning(key, self._deprecation_replacements[key]))

[2022-07-16 07:31:30,897] {taskinstance.py:1426} INFO - Exporting the following env vars:
AIRFLOW_CTX_DAG_OWNER=***
AIRFLOW_CTX_DAG_ID=gh_data_ingestion
AIRFLOW_CTX_TASK_ID=download_dataset_task
AIRFLOW_CTX_EXECUTION_DATE=2022-07-14T09:30:00+00:00
AIRFLOW_CTX_DAG_RUN_ID=scheduled__2022-07-14T09:30:00+00:00
[2022-07-16 07:31:30,918] {subprocess.py:62} INFO - Tmp dir root location: 
 /tmp
[2022-07-16 07:31:31,003] {subprocess.py:74} INFO - Running command: ['bash', '-c', 'curl -sSLf https://data.gharchive.org/2022-07-14-9.json.gz > /opt/***/2022-07-14-9.json.gz']
[2022-07-16 07:31:31,180] {subprocess.py:85} INFO - Output:
[2022-07-16 07:31:42,098] {subprocess.py:93} INFO - Command exited with return code 0
[2022-07-16 07:31:42,355] {taskinstance.py:1277} INFO - Marking task as SUCCESS. dag_id=gh_data_ingestion, task_id=download_dataset_task, execution_date=20220714T093000, start_date=20220716T073128, end_date=20220716T073142
[2022-07-16 07:31:42,838] {local_task_job.py:154} INFO - Task exited with return code 0
[2022-07-16 07:31:43,191] {local_task_job.py:264} INFO - 1 downstream tasks scheduled from follow-on schedule check
