[2022-07-16 07:16:05,770] {taskinstance.py:1032} INFO - Dependencies all met for <TaskInstance: gh_data_ingestion.bq_gh_external_table_task scheduled__2022-07-14T01:30:00+00:00 [queued]>
[2022-07-16 07:16:05,854] {taskinstance.py:1032} INFO - Dependencies all met for <TaskInstance: gh_data_ingestion.bq_gh_external_table_task scheduled__2022-07-14T01:30:00+00:00 [queued]>
[2022-07-16 07:16:05,865] {taskinstance.py:1238} INFO - 
--------------------------------------------------------------------------------
[2022-07-16 07:16:05,871] {taskinstance.py:1239} INFO - Starting attempt 2 of 2
[2022-07-16 07:16:05,881] {taskinstance.py:1240} INFO - 
--------------------------------------------------------------------------------
[2022-07-16 07:16:06,150] {taskinstance.py:1259} INFO - Executing <Task(BigQueryCreateExternalTableOperator): bq_gh_external_table_task> on 2022-07-14 01:30:00+00:00
[2022-07-16 07:16:06,224] {standard_task_runner.py:52} INFO - Started process 528 to run task
[2022-07-16 07:16:06,287] {standard_task_runner.py:76} INFO - Running: ['***', 'tasks', 'run', 'gh_data_ingestion', 'bq_gh_external_table_task', 'scheduled__2022-07-14T01:30:00+00:00', '--job-id', '15', '--raw', '--subdir', 'DAGS_FOLDER/data_ingestion_gh.py', '--cfg-path', '/tmp/tmppqvl_9de', '--error-file', '/tmp/tmpti055y7a']
[2022-07-16 07:16:06,294] {standard_task_runner.py:77} INFO - Job 15: Subtask bq_gh_external_table_task
[2022-07-16 07:16:06,918] {logging_mixin.py:109} INFO - Running <TaskInstance: gh_data_ingestion.bq_gh_external_table_task scheduled__2022-07-14T01:30:00+00:00 [running]> on host 4972e04a2617
[2022-07-16 07:16:07,253] {taskinstance.py:1426} INFO - Exporting the following env vars:
AIRFLOW_CTX_DAG_OWNER=***
AIRFLOW_CTX_DAG_ID=gh_data_ingestion
AIRFLOW_CTX_TASK_ID=bq_gh_external_table_task
AIRFLOW_CTX_EXECUTION_DATE=2022-07-14T01:30:00+00:00
AIRFLOW_CTX_DAG_RUN_ID=scheduled__2022-07-14T01:30:00+00:00
[2022-07-16 07:16:07,268] {crypto.py:82} WARNING - empty cryptography key - values will not be stored encrypted.
[2022-07-16 07:16:08,552] {taskinstance.py:1277} INFO - Marking task as SUCCESS. dag_id=gh_data_ingestion, task_id=bq_gh_external_table_task, execution_date=20220714T013000, start_date=20220716T071605, end_date=20220716T071608
[2022-07-16 07:16:08,762] {local_task_job.py:154} INFO - Task exited with return code 0
[2022-07-16 07:16:08,934] {local_task_job.py:264} INFO - 1 downstream tasks scheduled from follow-on schedule check
