[2022-07-16 07:24:53,895] {taskinstance.py:1032} INFO - Dependencies all met for <TaskInstance: gh_data_ingestion.remove_files_task scheduled__2022-07-14T03:30:00+00:00 [queued]>
[2022-07-16 07:24:54,026] {taskinstance.py:1032} INFO - Dependencies all met for <TaskInstance: gh_data_ingestion.remove_files_task scheduled__2022-07-14T03:30:00+00:00 [queued]>
[2022-07-16 07:24:54,037] {taskinstance.py:1238} INFO - 
--------------------------------------------------------------------------------
[2022-07-16 07:24:54,047] {taskinstance.py:1239} INFO - Starting attempt 1 of 2
[2022-07-16 07:24:54,050] {taskinstance.py:1240} INFO - 
--------------------------------------------------------------------------------
[2022-07-16 07:24:54,157] {taskinstance.py:1259} INFO - Executing <Task(BashOperator): remove_files_task> on 2022-07-14 03:30:00+00:00
[2022-07-16 07:24:54,261] {standard_task_runner.py:52} INFO - Started process 827 to run task
[2022-07-16 07:24:54,319] {standard_task_runner.py:76} INFO - Running: ['***', 'tasks', 'run', 'gh_data_ingestion', 'remove_files_task', 'scheduled__2022-07-14T03:30:00+00:00', '--job-id', '30', '--raw', '--subdir', 'DAGS_FOLDER/data_ingestion_gh.py', '--cfg-path', '/tmp/tmp_p2qktne', '--error-file', '/tmp/tmpje9w5pnr']
[2022-07-16 07:24:54,329] {standard_task_runner.py:77} INFO - Job 30: Subtask remove_files_task
[2022-07-16 07:24:54,921] {logging_mixin.py:109} INFO - Running <TaskInstance: gh_data_ingestion.remove_files_task scheduled__2022-07-14T03:30:00+00:00 [running]> on host 4972e04a2617
[2022-07-16 07:24:55,321] {warnings.py:110} WARNING - /home/***/.local/lib/python3.7/site-packages/***/utils/context.py:152: AirflowContextDeprecationWarning: Accessing 'execution_date' from the template is deprecated and will be removed in a future version. Please use 'data_interval_start' or 'logical_date' instead.
  warnings.warn(_create_deprecation_warning(key, self._deprecation_replacements[key]))

[2022-07-16 07:24:55,419] {taskinstance.py:1426} INFO - Exporting the following env vars:
AIRFLOW_CTX_DAG_OWNER=***
AIRFLOW_CTX_DAG_ID=gh_data_ingestion
AIRFLOW_CTX_TASK_ID=remove_files_task
AIRFLOW_CTX_EXECUTION_DATE=2022-07-14T03:30:00+00:00
AIRFLOW_CTX_DAG_RUN_ID=scheduled__2022-07-14T03:30:00+00:00
[2022-07-16 07:24:55,422] {subprocess.py:62} INFO - Tmp dir root location: 
 /tmp
[2022-07-16 07:24:55,433] {subprocess.py:74} INFO - Running command: ['bash', '-c', 'rm /opt/***/2022-07-14-3.json.gz /opt/***/2022-07-14-3.parquet']
[2022-07-16 07:24:55,516] {subprocess.py:85} INFO - Output:
[2022-07-16 07:24:55,630] {subprocess.py:93} INFO - Command exited with return code 0
[2022-07-16 07:24:55,732] {taskinstance.py:1277} INFO - Marking task as SUCCESS. dag_id=gh_data_ingestion, task_id=remove_files_task, execution_date=20220714T033000, start_date=20220716T072453, end_date=20220716T072455
[2022-07-16 07:24:55,897] {local_task_job.py:154} INFO - Task exited with return code 0
[2022-07-16 07:24:55,989] {local_task_job.py:264} INFO - 0 downstream tasks scheduled from follow-on schedule check
