[2022-07-16 07:17:33,761] {taskinstance.py:1032} INFO - Dependencies all met for <TaskInstance: gh_data_ingestion.format_to_parquet_task scheduled__2022-07-14T03:30:00+00:00 [queued]>
[2022-07-16 07:17:33,809] {taskinstance.py:1032} INFO - Dependencies all met for <TaskInstance: gh_data_ingestion.format_to_parquet_task scheduled__2022-07-14T03:30:00+00:00 [queued]>
[2022-07-16 07:17:33,812] {taskinstance.py:1238} INFO - 
--------------------------------------------------------------------------------
[2022-07-16 07:17:33,813] {taskinstance.py:1239} INFO - Starting attempt 1 of 2
[2022-07-16 07:17:33,816] {taskinstance.py:1240} INFO - 
--------------------------------------------------------------------------------
[2022-07-16 07:17:33,868] {taskinstance.py:1259} INFO - Executing <Task(PythonOperator): format_to_parquet_task> on 2022-07-14 03:30:00+00:00
[2022-07-16 07:17:33,885] {standard_task_runner.py:52} INFO - Started process 593 to run task
[2022-07-16 07:17:33,910] {standard_task_runner.py:76} INFO - Running: ['***', 'tasks', 'run', 'gh_data_ingestion', 'format_to_parquet_task', 'scheduled__2022-07-14T03:30:00+00:00', '--job-id', '20', '--raw', '--subdir', 'DAGS_FOLDER/data_ingestion_gh.py', '--cfg-path', '/tmp/tmpis3c91ko', '--error-file', '/tmp/tmpq6eoz_1_']
[2022-07-16 07:17:33,923] {standard_task_runner.py:77} INFO - Job 20: Subtask format_to_parquet_task
[2022-07-16 07:17:34,355] {logging_mixin.py:109} INFO - Running <TaskInstance: gh_data_ingestion.format_to_parquet_task scheduled__2022-07-14T03:30:00+00:00 [running]> on host 4972e04a2617
[2022-07-16 07:17:34,658] {warnings.py:110} WARNING - /home/***/.local/lib/python3.7/site-packages/***/utils/context.py:152: AirflowContextDeprecationWarning: Accessing 'execution_date' from the template is deprecated and will be removed in a future version. Please use 'data_interval_start' or 'logical_date' instead.
  warnings.warn(_create_deprecation_warning(key, self._deprecation_replacements[key]))

[2022-07-16 07:17:34,882] {taskinstance.py:1426} INFO - Exporting the following env vars:
AIRFLOW_CTX_DAG_OWNER=***
AIRFLOW_CTX_DAG_ID=gh_data_ingestion
AIRFLOW_CTX_TASK_ID=format_to_parquet_task
AIRFLOW_CTX_EXECUTION_DATE=2022-07-14T03:30:00+00:00
AIRFLOW_CTX_DAG_RUN_ID=scheduled__2022-07-14T03:30:00+00:00
[2022-07-16 07:23:54,992] {python.py:175} INFO - Done. Returned value was: None
[2022-07-16 07:23:55,135] {taskinstance.py:1277} INFO - Marking task as SUCCESS. dag_id=gh_data_ingestion, task_id=format_to_parquet_task, execution_date=20220714T033000, start_date=20220716T071733, end_date=20220716T072355
[2022-07-16 07:23:55,576] {local_task_job.py:154} INFO - Task exited with return code 0
[2022-07-16 07:23:55,738] {local_task_job.py:264} INFO - 1 downstream tasks scheduled from follow-on schedule check
