[2022-07-16 07:04:27,646] {processor.py:163} INFO - Started process (PID=118) to work on /opt/airflow/dags/data_ingestion_gh.py
[2022-07-16 07:04:27,680] {processor.py:642} INFO - Processing file /opt/airflow/dags/data_ingestion_gh.py for tasks to queue
[2022-07-16 07:04:27,687] {logging_mixin.py:109} INFO - [2022-07-16 07:04:27,686] {dagbag.py:500} INFO - Filling up the DagBag from /opt/airflow/dags/data_ingestion_gh.py
[2022-07-16 07:04:46,235] {processor.py:654} INFO - DAG(s) dict_keys(['gh_data_ingestion']) retrieved from /opt/airflow/dags/data_ingestion_gh.py
[2022-07-16 07:05:03,085] {logging_mixin.py:109} INFO - [2022-07-16 07:05:03,084] {manager.py:496} INFO - Created Permission View: can edit on DAG:gh_data_ingestion
[2022-07-16 07:05:03,116] {logging_mixin.py:109} INFO - [2022-07-16 07:05:03,116] {manager.py:496} INFO - Created Permission View: can read on DAG:gh_data_ingestion
[2022-07-16 07:05:03,119] {logging_mixin.py:109} INFO - [2022-07-16 07:05:03,118] {dag.py:2396} INFO - Sync 1 DAGs
[2022-07-16 07:05:03,136] {logging_mixin.py:109} INFO - [2022-07-16 07:05:03,136] {dag.py:2415} INFO - Creating ORM DAG for gh_data_ingestion
[2022-07-16 07:05:03,161] {logging_mixin.py:109} INFO - [2022-07-16 07:05:03,160] {dag.py:2935} INFO - Setting next_dagrun for gh_data_ingestion to 2022-07-14T00:30:00+00:00
[2022-07-16 07:05:03,211] {processor.py:171} INFO - Processing /opt/airflow/dags/data_ingestion_gh.py took 35.619 seconds
[2022-07-16 07:05:34,933] {processor.py:163} INFO - Started process (PID=156) to work on /opt/airflow/dags/data_ingestion_gh.py
[2022-07-16 07:05:34,963] {processor.py:642} INFO - Processing file /opt/airflow/dags/data_ingestion_gh.py for tasks to queue
[2022-07-16 07:05:34,989] {logging_mixin.py:109} INFO - [2022-07-16 07:05:34,977] {dagbag.py:500} INFO - Filling up the DagBag from /opt/airflow/dags/data_ingestion_gh.py
[2022-07-16 07:06:05,485] {logging_mixin.py:109} INFO - [2022-07-16 07:06:05,149] {timeout.py:36} ERROR - Process timed out, PID: 156
[2022-07-16 07:06:06,174] {logging_mixin.py:109} INFO - [2022-07-16 07:06:05,610] {dagbag.py:334} ERROR - Failed to import: /opt/airflow/dags/data_ingestion_gh.py
Traceback (most recent call last):
  File "/home/airflow/.local/lib/python3.7/site-packages/airflow/models/dagbag.py", line 331, in _load_modules_from_file
    loader.exec_module(new_module)
  File "<frozen importlib._bootstrap_external>", line 728, in exec_module
  File "<frozen importlib._bootstrap>", line 219, in _call_with_frames_removed
  File "/opt/airflow/dags/data_ingestion_gh.py", line 8, in <module>
    from airflow.providers.google.cloud.operators.bigquery import BigQueryCreateExternalTableOperator, BigQueryInsertJobOperator
  File "/home/airflow/.local/lib/python3.7/site-packages/airflow/providers/google/cloud/operators/bigquery.py", line 38, in <module>
    from airflow.providers.google.cloud.hooks.bigquery import BigQueryHook, BigQueryJob
  File "/home/airflow/.local/lib/python3.7/site-packages/airflow/providers/google/cloud/hooks/bigquery.py", line 33, in <module>
    from google.cloud.bigquery import (
  File "/home/airflow/.local/lib/python3.7/site-packages/google/cloud/bigquery/__init__.py", line 35, in <module>
    from google.cloud.bigquery.client import Client
  File "/home/airflow/.local/lib/python3.7/site-packages/google/cloud/bigquery/client.py", line 61, in <module>
    from google.cloud.bigquery_storage_v1.services.big_query_read.client import (
  File "/home/airflow/.local/lib/python3.7/site-packages/google/cloud/bigquery_storage_v1/__init__.py", line 25, in <module>
    from google.cloud.bigquery_storage_v1 import client
  File "/home/airflow/.local/lib/python3.7/site-packages/google/cloud/bigquery_storage_v1/client.py", line 26, in <module>
    from google.cloud.bigquery_storage_v1 import reader
  File "/home/airflow/.local/lib/python3.7/site-packages/google/cloud/bigquery_storage_v1/reader.py", line 28, in <module>
    import pandas
  File "/home/airflow/.local/lib/python3.7/site-packages/pandas/__init__.py", line 50, in <module>
    from pandas.core.api import (
  File "/home/airflow/.local/lib/python3.7/site-packages/pandas/core/api.py", line 29, in <module>
    from pandas.core.arrays import Categorical
  File "/home/airflow/.local/lib/python3.7/site-packages/pandas/core/arrays/__init__.py", line 8, in <module>
    from pandas.core.arrays.datetimes import DatetimeArray
  File "/home/airflow/.local/lib/python3.7/site-packages/pandas/core/arrays/datetimes.py", line 67, in <module>
    from pandas.core.arrays import (
  File "/home/airflow/.local/lib/python3.7/site-packages/pandas/core/arrays/datetimelike.py", line 1676, in <module>
    TimelikeOpsT = TypeVar("TimelikeOpsT", bound="TimelikeOps")
  File "/usr/local/lib/python3.7/typing.py", line 549, in __init__
    self.__bound__ = _type_check(bound, "Bound must be a type.")
  File "/usr/local/lib/python3.7/typing.py", line 132, in _type_check
    return ForwardRef(arg)
  File "/usr/local/lib/python3.7/typing.py", line 449, in __init__
    code = compile(arg, '<string>', 'eval')
  File "/home/airflow/.local/lib/python3.7/site-packages/airflow/utils/timeout.py", line 37, in handle_timeout
    raise AirflowTaskTimeout(self.error_message)
airflow.exceptions.AirflowTaskTimeout: DagBag import timeout for /opt/airflow/dags/data_ingestion_gh.py after 30.0s.
Please take a look at these docs to improve your DAG import time:
* https://airflow.apache.org/docs/apache-airflow/2.2.3/best-practices.html#top-level-python-code
* https://airflow.apache.org/docs/apache-airflow/2.2.3/best-practices.html#reducing-dag-complexity, PID: 156
[2022-07-16 07:06:06,745] {processor.py:690} INFO - Deactivated 1 DAGs which are no longer present in /opt/airflow/dags/data_ingestion_gh.py
[2022-07-16 07:06:06,753] {processor.py:656} WARNING - No viable dags retrieved from /opt/airflow/dags/data_ingestion_gh.py
[2022-07-16 07:06:06,853] {processor.py:171} INFO - Processing /opt/airflow/dags/data_ingestion_gh.py took 32.109 seconds
[2022-07-16 07:06:37,947] {processor.py:163} INFO - Started process (PID=186) to work on /opt/airflow/dags/data_ingestion_gh.py
[2022-07-16 07:06:37,975] {processor.py:642} INFO - Processing file /opt/airflow/dags/data_ingestion_gh.py for tasks to queue
[2022-07-16 07:06:37,980] {logging_mixin.py:109} INFO - [2022-07-16 07:06:37,979] {dagbag.py:500} INFO - Filling up the DagBag from /opt/airflow/dags/data_ingestion_gh.py
[2022-07-16 07:06:47,143] {processor.py:654} INFO - DAG(s) dict_keys(['gh_data_ingestion']) retrieved from /opt/airflow/dags/data_ingestion_gh.py
[2022-07-16 07:06:47,162] {logging_mixin.py:109} INFO - [2022-07-16 07:06:47,162] {dag.py:2396} INFO - Sync 1 DAGs
[2022-07-16 07:06:47,198] {logging_mixin.py:109} INFO - [2022-07-16 07:06:47,198] {dag.py:2935} INFO - Setting next_dagrun for gh_data_ingestion to 2022-07-14T01:30:00+00:00
[2022-07-16 07:06:47,229] {processor.py:171} INFO - Processing /opt/airflow/dags/data_ingestion_gh.py took 9.339 seconds
[2022-07-16 07:07:18,346] {processor.py:163} INFO - Started process (PID=206) to work on /opt/airflow/dags/data_ingestion_gh.py
[2022-07-16 07:07:18,369] {processor.py:642} INFO - Processing file /opt/airflow/dags/data_ingestion_gh.py for tasks to queue
[2022-07-16 07:07:18,457] {logging_mixin.py:109} INFO - [2022-07-16 07:07:18,439] {dagbag.py:500} INFO - Filling up the DagBag from /opt/airflow/dags/data_ingestion_gh.py
[2022-07-16 07:07:27,747] {processor.py:654} INFO - DAG(s) dict_keys(['gh_data_ingestion']) retrieved from /opt/airflow/dags/data_ingestion_gh.py
[2022-07-16 07:07:27,857] {logging_mixin.py:109} INFO - [2022-07-16 07:07:27,857] {dag.py:2396} INFO - Sync 1 DAGs
[2022-07-16 07:07:28,098] {processor.py:171} INFO - Processing /opt/airflow/dags/data_ingestion_gh.py took 9.846 seconds
[2022-07-16 07:07:58,651] {processor.py:163} INFO - Started process (PID=226) to work on /opt/airflow/dags/data_ingestion_gh.py
[2022-07-16 07:07:58,659] {processor.py:642} INFO - Processing file /opt/airflow/dags/data_ingestion_gh.py for tasks to queue
[2022-07-16 07:07:58,664] {logging_mixin.py:109} INFO - [2022-07-16 07:07:58,664] {dagbag.py:500} INFO - Filling up the DagBag from /opt/airflow/dags/data_ingestion_gh.py
[2022-07-16 07:08:00,986] {processor.py:654} INFO - DAG(s) dict_keys(['gh_data_ingestion']) retrieved from /opt/airflow/dags/data_ingestion_gh.py
[2022-07-16 07:08:01,008] {logging_mixin.py:109} INFO - [2022-07-16 07:08:01,007] {dag.py:2396} INFO - Sync 1 DAGs
[2022-07-16 07:08:01,054] {processor.py:171} INFO - Processing /opt/airflow/dags/data_ingestion_gh.py took 2.437 seconds
[2022-07-16 07:08:31,314] {processor.py:163} INFO - Started process (PID=247) to work on /opt/airflow/dags/data_ingestion_gh.py
[2022-07-16 07:08:31,320] {processor.py:642} INFO - Processing file /opt/airflow/dags/data_ingestion_gh.py for tasks to queue
[2022-07-16 07:08:31,325] {logging_mixin.py:109} INFO - [2022-07-16 07:08:31,325] {dagbag.py:500} INFO - Filling up the DagBag from /opt/airflow/dags/data_ingestion_gh.py
[2022-07-16 07:08:37,423] {processor.py:654} INFO - DAG(s) dict_keys(['gh_data_ingestion']) retrieved from /opt/airflow/dags/data_ingestion_gh.py
[2022-07-16 07:08:37,449] {logging_mixin.py:109} INFO - [2022-07-16 07:08:37,449] {dag.py:2396} INFO - Sync 1 DAGs
[2022-07-16 07:08:37,533] {processor.py:171} INFO - Processing /opt/airflow/dags/data_ingestion_gh.py took 6.224 seconds
[2022-07-16 07:09:08,112] {processor.py:163} INFO - Started process (PID=276) to work on /opt/airflow/dags/data_ingestion_gh.py
[2022-07-16 07:09:08,130] {processor.py:642} INFO - Processing file /opt/airflow/dags/data_ingestion_gh.py for tasks to queue
[2022-07-16 07:09:08,135] {logging_mixin.py:109} INFO - [2022-07-16 07:09:08,134] {dagbag.py:500} INFO - Filling up the DagBag from /opt/airflow/dags/data_ingestion_gh.py
[2022-07-16 07:09:11,687] {processor.py:654} INFO - DAG(s) dict_keys(['gh_data_ingestion']) retrieved from /opt/airflow/dags/data_ingestion_gh.py
[2022-07-16 07:09:11,711] {logging_mixin.py:109} INFO - [2022-07-16 07:09:11,710] {dag.py:2396} INFO - Sync 1 DAGs
[2022-07-16 07:09:11,825] {processor.py:171} INFO - Processing /opt/airflow/dags/data_ingestion_gh.py took 3.731 seconds
[2022-07-16 07:09:42,345] {processor.py:163} INFO - Started process (PID=288) to work on /opt/airflow/dags/data_ingestion_gh.py
[2022-07-16 07:09:42,350] {processor.py:642} INFO - Processing file /opt/airflow/dags/data_ingestion_gh.py for tasks to queue
[2022-07-16 07:09:42,374] {logging_mixin.py:109} INFO - [2022-07-16 07:09:42,368] {dagbag.py:500} INFO - Filling up the DagBag from /opt/airflow/dags/data_ingestion_gh.py
[2022-07-16 07:10:04,870] {processor.py:654} INFO - DAG(s) dict_keys(['gh_data_ingestion']) retrieved from /opt/airflow/dags/data_ingestion_gh.py
[2022-07-16 07:10:04,957] {logging_mixin.py:109} INFO - [2022-07-16 07:10:04,950] {dag.py:2396} INFO - Sync 1 DAGs
[2022-07-16 07:10:05,118] {processor.py:171} INFO - Processing /opt/airflow/dags/data_ingestion_gh.py took 22.786 seconds
[2022-07-16 07:10:36,611] {processor.py:163} INFO - Started process (PID=318) to work on /opt/airflow/dags/data_ingestion_gh.py
[2022-07-16 07:10:36,623] {processor.py:642} INFO - Processing file /opt/airflow/dags/data_ingestion_gh.py for tasks to queue
[2022-07-16 07:10:36,627] {logging_mixin.py:109} INFO - [2022-07-16 07:10:36,627] {dagbag.py:500} INFO - Filling up the DagBag from /opt/airflow/dags/data_ingestion_gh.py
[2022-07-16 07:10:39,414] {processor.py:654} INFO - DAG(s) dict_keys(['gh_data_ingestion']) retrieved from /opt/airflow/dags/data_ingestion_gh.py
[2022-07-16 07:10:39,441] {logging_mixin.py:109} INFO - [2022-07-16 07:10:39,440] {dag.py:2396} INFO - Sync 1 DAGs
[2022-07-16 07:10:39,528] {processor.py:171} INFO - Processing /opt/airflow/dags/data_ingestion_gh.py took 2.932 seconds
[2022-07-16 07:11:09,860] {processor.py:163} INFO - Started process (PID=340) to work on /opt/airflow/dags/data_ingestion_gh.py
[2022-07-16 07:11:09,866] {processor.py:642} INFO - Processing file /opt/airflow/dags/data_ingestion_gh.py for tasks to queue
[2022-07-16 07:11:09,880] {logging_mixin.py:109} INFO - [2022-07-16 07:11:09,880] {dagbag.py:500} INFO - Filling up the DagBag from /opt/airflow/dags/data_ingestion_gh.py
[2022-07-16 07:11:12,612] {processor.py:654} INFO - DAG(s) dict_keys(['gh_data_ingestion']) retrieved from /opt/airflow/dags/data_ingestion_gh.py
[2022-07-16 07:11:12,657] {logging_mixin.py:109} INFO - [2022-07-16 07:11:12,656] {dag.py:2396} INFO - Sync 1 DAGs
[2022-07-16 07:11:12,775] {processor.py:171} INFO - Processing /opt/airflow/dags/data_ingestion_gh.py took 2.935 seconds
[2022-07-16 07:11:43,115] {processor.py:163} INFO - Started process (PID=371) to work on /opt/airflow/dags/data_ingestion_gh.py
[2022-07-16 07:11:43,123] {processor.py:642} INFO - Processing file /opt/airflow/dags/data_ingestion_gh.py for tasks to queue
[2022-07-16 07:11:43,128] {logging_mixin.py:109} INFO - [2022-07-16 07:11:43,127] {dagbag.py:500} INFO - Filling up the DagBag from /opt/airflow/dags/data_ingestion_gh.py
[2022-07-16 07:11:54,702] {processor.py:654} INFO - DAG(s) dict_keys(['gh_data_ingestion']) retrieved from /opt/airflow/dags/data_ingestion_gh.py
[2022-07-16 07:11:54,781] {logging_mixin.py:109} INFO - [2022-07-16 07:11:54,781] {dag.py:2396} INFO - Sync 1 DAGs
[2022-07-16 07:11:54,950] {processor.py:171} INFO - Processing /opt/airflow/dags/data_ingestion_gh.py took 11.844 seconds
[2022-07-16 07:12:25,924] {processor.py:163} INFO - Started process (PID=392) to work on /opt/airflow/dags/data_ingestion_gh.py
[2022-07-16 07:12:25,931] {processor.py:642} INFO - Processing file /opt/airflow/dags/data_ingestion_gh.py for tasks to queue
[2022-07-16 07:12:25,945] {logging_mixin.py:109} INFO - [2022-07-16 07:12:25,945] {dagbag.py:500} INFO - Filling up the DagBag from /opt/airflow/dags/data_ingestion_gh.py
[2022-07-16 07:12:28,797] {processor.py:654} INFO - DAG(s) dict_keys(['gh_data_ingestion']) retrieved from /opt/airflow/dags/data_ingestion_gh.py
[2022-07-16 07:12:28,827] {logging_mixin.py:109} INFO - [2022-07-16 07:12:28,827] {dag.py:2396} INFO - Sync 1 DAGs
[2022-07-16 07:12:28,923] {processor.py:171} INFO - Processing /opt/airflow/dags/data_ingestion_gh.py took 3.015 seconds
[2022-07-16 07:12:59,216] {processor.py:163} INFO - Started process (PID=413) to work on /opt/airflow/dags/data_ingestion_gh.py
[2022-07-16 07:12:59,230] {processor.py:642} INFO - Processing file /opt/airflow/dags/data_ingestion_gh.py for tasks to queue
[2022-07-16 07:12:59,240] {logging_mixin.py:109} INFO - [2022-07-16 07:12:59,238] {dagbag.py:500} INFO - Filling up the DagBag from /opt/airflow/dags/data_ingestion_gh.py
[2022-07-16 07:13:02,969] {processor.py:654} INFO - DAG(s) dict_keys(['gh_data_ingestion']) retrieved from /opt/airflow/dags/data_ingestion_gh.py
[2022-07-16 07:13:02,990] {logging_mixin.py:109} INFO - [2022-07-16 07:13:02,990] {dag.py:2396} INFO - Sync 1 DAGs
[2022-07-16 07:13:03,037] {processor.py:171} INFO - Processing /opt/airflow/dags/data_ingestion_gh.py took 3.860 seconds
[2022-07-16 07:13:33,844] {processor.py:163} INFO - Started process (PID=434) to work on /opt/airflow/dags/data_ingestion_gh.py
[2022-07-16 07:13:33,849] {processor.py:642} INFO - Processing file /opt/airflow/dags/data_ingestion_gh.py for tasks to queue
[2022-07-16 07:13:33,857] {logging_mixin.py:109} INFO - [2022-07-16 07:13:33,856] {dagbag.py:500} INFO - Filling up the DagBag from /opt/airflow/dags/data_ingestion_gh.py
[2022-07-16 07:13:41,659] {processor.py:654} INFO - DAG(s) dict_keys(['gh_data_ingestion']) retrieved from /opt/airflow/dags/data_ingestion_gh.py
[2022-07-16 07:13:41,728] {logging_mixin.py:109} INFO - [2022-07-16 07:13:41,724] {dag.py:2396} INFO - Sync 1 DAGs
[2022-07-16 07:13:41,885] {processor.py:171} INFO - Processing /opt/airflow/dags/data_ingestion_gh.py took 8.057 seconds
[2022-07-16 07:14:12,326] {processor.py:163} INFO - Started process (PID=456) to work on /opt/airflow/dags/data_ingestion_gh.py
[2022-07-16 07:14:12,337] {processor.py:642} INFO - Processing file /opt/airflow/dags/data_ingestion_gh.py for tasks to queue
[2022-07-16 07:14:12,349] {logging_mixin.py:109} INFO - [2022-07-16 07:14:12,349] {dagbag.py:500} INFO - Filling up the DagBag from /opt/airflow/dags/data_ingestion_gh.py
[2022-07-16 07:14:16,476] {processor.py:654} INFO - DAG(s) dict_keys(['gh_data_ingestion']) retrieved from /opt/airflow/dags/data_ingestion_gh.py
[2022-07-16 07:14:16,494] {logging_mixin.py:109} INFO - [2022-07-16 07:14:16,494] {dag.py:2396} INFO - Sync 1 DAGs
[2022-07-16 07:14:16,537] {processor.py:171} INFO - Processing /opt/airflow/dags/data_ingestion_gh.py took 4.230 seconds
[2022-07-16 07:14:46,829] {processor.py:163} INFO - Started process (PID=478) to work on /opt/airflow/dags/data_ingestion_gh.py
[2022-07-16 07:14:46,833] {processor.py:642} INFO - Processing file /opt/airflow/dags/data_ingestion_gh.py for tasks to queue
[2022-07-16 07:14:46,835] {logging_mixin.py:109} INFO - [2022-07-16 07:14:46,835] {dagbag.py:500} INFO - Filling up the DagBag from /opt/airflow/dags/data_ingestion_gh.py
[2022-07-16 07:14:48,584] {processor.py:654} INFO - DAG(s) dict_keys(['gh_data_ingestion']) retrieved from /opt/airflow/dags/data_ingestion_gh.py
[2022-07-16 07:14:48,623] {logging_mixin.py:109} INFO - [2022-07-16 07:14:48,622] {dag.py:2396} INFO - Sync 1 DAGs
[2022-07-16 07:14:48,692] {processor.py:171} INFO - Processing /opt/airflow/dags/data_ingestion_gh.py took 1.870 seconds
[2022-07-16 07:15:19,150] {processor.py:163} INFO - Started process (PID=499) to work on /opt/airflow/dags/data_ingestion_gh.py
[2022-07-16 07:15:19,160] {processor.py:642} INFO - Processing file /opt/airflow/dags/data_ingestion_gh.py for tasks to queue
[2022-07-16 07:15:19,182] {logging_mixin.py:109} INFO - [2022-07-16 07:15:19,181] {dagbag.py:500} INFO - Filling up the DagBag from /opt/airflow/dags/data_ingestion_gh.py
[2022-07-16 07:15:21,388] {processor.py:654} INFO - DAG(s) dict_keys(['gh_data_ingestion']) retrieved from /opt/airflow/dags/data_ingestion_gh.py
[2022-07-16 07:15:21,419] {logging_mixin.py:109} INFO - [2022-07-16 07:15:21,419] {dag.py:2396} INFO - Sync 1 DAGs
[2022-07-16 07:15:21,475] {processor.py:171} INFO - Processing /opt/airflow/dags/data_ingestion_gh.py took 2.335 seconds
[2022-07-16 07:15:51,750] {processor.py:163} INFO - Started process (PID=520) to work on /opt/airflow/dags/data_ingestion_gh.py
[2022-07-16 07:15:51,762] {processor.py:642} INFO - Processing file /opt/airflow/dags/data_ingestion_gh.py for tasks to queue
[2022-07-16 07:15:51,770] {logging_mixin.py:109} INFO - [2022-07-16 07:15:51,769] {dagbag.py:500} INFO - Filling up the DagBag from /opt/airflow/dags/data_ingestion_gh.py
[2022-07-16 07:15:56,003] {processor.py:654} INFO - DAG(s) dict_keys(['gh_data_ingestion']) retrieved from /opt/airflow/dags/data_ingestion_gh.py
[2022-07-16 07:15:56,043] {logging_mixin.py:109} INFO - [2022-07-16 07:15:56,043] {dag.py:2396} INFO - Sync 1 DAGs
[2022-07-16 07:15:56,144] {processor.py:171} INFO - Processing /opt/airflow/dags/data_ingestion_gh.py took 4.416 seconds
[2022-07-16 07:16:02,305] {processor.py:163} INFO - Started process (PID=532) to work on /opt/airflow/dags/data_ingestion_gh.py
[2022-07-16 07:16:02,308] {processor.py:642} INFO - Processing file /opt/airflow/dags/data_ingestion_gh.py for tasks to queue
[2022-07-16 07:16:02,310] {logging_mixin.py:109} INFO - [2022-07-16 07:16:02,310] {dagbag.py:500} INFO - Filling up the DagBag from /opt/airflow/dags/data_ingestion_gh.py
[2022-07-16 07:16:03,393] {processor.py:654} INFO - DAG(s) dict_keys(['gh_data_ingestion']) retrieved from /opt/airflow/dags/data_ingestion_gh.py
[2022-07-16 07:16:04,132] {logging_mixin.py:109} INFO - [2022-07-16 07:16:04,131] {dag.py:2396} INFO - Sync 1 DAGs
[2022-07-16 07:16:04,179] {processor.py:171} INFO - Processing /opt/airflow/dags/data_ingestion_gh.py took 1.880 seconds
[2022-07-16 07:16:34,887] {processor.py:163} INFO - Started process (PID=552) to work on /opt/airflow/dags/data_ingestion_gh.py
[2022-07-16 07:16:34,911] {processor.py:642} INFO - Processing file /opt/airflow/dags/data_ingestion_gh.py for tasks to queue
[2022-07-16 07:16:34,930] {logging_mixin.py:109} INFO - [2022-07-16 07:16:34,928] {dagbag.py:500} INFO - Filling up the DagBag from /opt/airflow/dags/data_ingestion_gh.py
[2022-07-16 07:17:05,502] {processor.py:654} INFO - DAG(s) dict_keys(['gh_data_ingestion']) retrieved from /opt/airflow/dags/data_ingestion_gh.py
[2022-07-16 07:17:05,773] {logging_mixin.py:109} INFO - [2022-07-16 07:17:05,773] {dag.py:2396} INFO - Sync 1 DAGs
[2022-07-16 07:17:05,929] {logging_mixin.py:109} INFO - [2022-07-16 07:17:05,929] {dag.py:2935} INFO - Setting next_dagrun for gh_data_ingestion to 2022-07-14T03:30:00+00:00
[2022-07-16 07:17:06,226] {processor.py:171} INFO - Processing /opt/airflow/dags/data_ingestion_gh.py took 31.381 seconds
[2022-07-16 07:17:37,365] {processor.py:163} INFO - Started process (PID=582) to work on /opt/airflow/dags/data_ingestion_gh.py
[2022-07-16 07:17:37,384] {processor.py:642} INFO - Processing file /opt/airflow/dags/data_ingestion_gh.py for tasks to queue
[2022-07-16 07:17:37,400] {logging_mixin.py:109} INFO - [2022-07-16 07:17:37,399] {dagbag.py:500} INFO - Filling up the DagBag from /opt/airflow/dags/data_ingestion_gh.py
[2022-07-16 07:17:40,291] {processor.py:654} INFO - DAG(s) dict_keys(['gh_data_ingestion']) retrieved from /opt/airflow/dags/data_ingestion_gh.py
[2022-07-16 07:17:40,326] {logging_mixin.py:109} INFO - [2022-07-16 07:17:40,325] {dag.py:2396} INFO - Sync 1 DAGs
[2022-07-16 07:17:40,375] {logging_mixin.py:109} INFO - [2022-07-16 07:17:40,375] {dag.py:2935} INFO - Setting next_dagrun for gh_data_ingestion to 2022-07-14T04:30:00+00:00
[2022-07-16 07:17:40,406] {processor.py:171} INFO - Processing /opt/airflow/dags/data_ingestion_gh.py took 3.058 seconds
[2022-07-16 07:18:10,752] {processor.py:163} INFO - Started process (PID=602) to work on /opt/airflow/dags/data_ingestion_gh.py
[2022-07-16 07:18:10,763] {processor.py:642} INFO - Processing file /opt/airflow/dags/data_ingestion_gh.py for tasks to queue
[2022-07-16 07:18:10,766] {logging_mixin.py:109} INFO - [2022-07-16 07:18:10,765] {dagbag.py:500} INFO - Filling up the DagBag from /opt/airflow/dags/data_ingestion_gh.py
[2022-07-16 07:18:16,173] {processor.py:654} INFO - DAG(s) dict_keys(['gh_data_ingestion']) retrieved from /opt/airflow/dags/data_ingestion_gh.py
[2022-07-16 07:18:16,265] {logging_mixin.py:109} INFO - [2022-07-16 07:18:16,264] {dag.py:2396} INFO - Sync 1 DAGs
[2022-07-16 07:18:16,410] {processor.py:171} INFO - Processing /opt/airflow/dags/data_ingestion_gh.py took 5.677 seconds
[2022-07-16 07:18:47,078] {processor.py:163} INFO - Started process (PID=621) to work on /opt/airflow/dags/data_ingestion_gh.py
[2022-07-16 07:18:47,090] {processor.py:642} INFO - Processing file /opt/airflow/dags/data_ingestion_gh.py for tasks to queue
[2022-07-16 07:18:47,101] {logging_mixin.py:109} INFO - [2022-07-16 07:18:47,098] {dagbag.py:500} INFO - Filling up the DagBag from /opt/airflow/dags/data_ingestion_gh.py
[2022-07-16 07:18:49,846] {processor.py:654} INFO - DAG(s) dict_keys(['gh_data_ingestion']) retrieved from /opt/airflow/dags/data_ingestion_gh.py
[2022-07-16 07:18:49,877] {logging_mixin.py:109} INFO - [2022-07-16 07:18:49,877] {dag.py:2396} INFO - Sync 1 DAGs
[2022-07-16 07:18:49,944] {processor.py:171} INFO - Processing /opt/airflow/dags/data_ingestion_gh.py took 2.883 seconds
[2022-07-16 07:19:20,152] {processor.py:163} INFO - Started process (PID=643) to work on /opt/airflow/dags/data_ingestion_gh.py
[2022-07-16 07:19:20,164] {processor.py:642} INFO - Processing file /opt/airflow/dags/data_ingestion_gh.py for tasks to queue
[2022-07-16 07:19:20,200] {logging_mixin.py:109} INFO - [2022-07-16 07:19:20,167] {dagbag.py:500} INFO - Filling up the DagBag from /opt/airflow/dags/data_ingestion_gh.py
[2022-07-16 07:19:27,891] {processor.py:654} INFO - DAG(s) dict_keys(['gh_data_ingestion']) retrieved from /opt/airflow/dags/data_ingestion_gh.py
[2022-07-16 07:19:27,977] {logging_mixin.py:109} INFO - [2022-07-16 07:19:27,977] {dag.py:2396} INFO - Sync 1 DAGs
[2022-07-16 07:19:28,078] {processor.py:171} INFO - Processing /opt/airflow/dags/data_ingestion_gh.py took 7.931 seconds
[2022-07-16 07:19:59,362] {processor.py:163} INFO - Started process (PID=663) to work on /opt/airflow/dags/data_ingestion_gh.py
[2022-07-16 07:19:59,377] {processor.py:642} INFO - Processing file /opt/airflow/dags/data_ingestion_gh.py for tasks to queue
[2022-07-16 07:19:59,395] {logging_mixin.py:109} INFO - [2022-07-16 07:19:59,394] {dagbag.py:500} INFO - Filling up the DagBag from /opt/airflow/dags/data_ingestion_gh.py
[2022-07-16 07:20:06,149] {processor.py:654} INFO - DAG(s) dict_keys(['gh_data_ingestion']) retrieved from /opt/airflow/dags/data_ingestion_gh.py
[2022-07-16 07:20:06,173] {logging_mixin.py:109} INFO - [2022-07-16 07:20:06,173] {dag.py:2396} INFO - Sync 1 DAGs
[2022-07-16 07:20:06,201] {logging_mixin.py:109} INFO - [2022-07-16 07:20:06,200] {dag.py:2935} INFO - Setting next_dagrun for gh_data_ingestion to 2022-07-14T05:30:00+00:00
[2022-07-16 07:20:06,222] {processor.py:171} INFO - Processing /opt/airflow/dags/data_ingestion_gh.py took 6.900 seconds
[2022-07-16 07:20:37,100] {processor.py:163} INFO - Started process (PID=685) to work on /opt/airflow/dags/data_ingestion_gh.py
[2022-07-16 07:20:37,107] {processor.py:642} INFO - Processing file /opt/airflow/dags/data_ingestion_gh.py for tasks to queue
[2022-07-16 07:20:37,119] {logging_mixin.py:109} INFO - [2022-07-16 07:20:37,117] {dagbag.py:500} INFO - Filling up the DagBag from /opt/airflow/dags/data_ingestion_gh.py
[2022-07-16 07:21:13,785] {logging_mixin.py:109} INFO - [2022-07-16 07:21:13,730] {timeout.py:36} ERROR - Process timed out, PID: 685
[2022-07-16 07:21:14,225] {logging_mixin.py:109} INFO - [2022-07-16 07:21:13,980] {dagbag.py:334} ERROR - Failed to import: /opt/airflow/dags/data_ingestion_gh.py
Traceback (most recent call last):
  File "/usr/local/lib/python3.7/site-packages/pkg_resources/_vendor/pyparsing.py", line 1402, in _parseNoCache
    loc,tokens = self.parseImpl( instring, preloc, doActions )
  File "/usr/local/lib/python3.7/site-packages/pkg_resources/_vendor/pyparsing.py", line 2432, in parseImpl
    if (instring[loc] == self.firstMatchChar and
IndexError: string index out of range

During handling of the above exception, another exception occurred:

Traceback (most recent call last):
  File "/usr/local/lib/python3.7/site-packages/pkg_resources/_vendor/pyparsing.py", line 4005, in parseImpl
    loc, tokens = self.expr._parse( instring, loc, doActions, callPreParse=False )
  File "/usr/local/lib/python3.7/site-packages/pkg_resources/_vendor/pyparsing.py", line 1402, in _parseNoCache
    loc,tokens = self.parseImpl( instring, preloc, doActions )
  File "/usr/local/lib/python3.7/site-packages/pkg_resources/_vendor/pyparsing.py", line 3400, in parseImpl
    loc, resultlist = self.exprs[0]._parse( instring, loc, doActions, callPreParse=False )
  File "/usr/local/lib/python3.7/site-packages/pkg_resources/_vendor/pyparsing.py", line 1402, in _parseNoCache
    loc,tokens = self.parseImpl( instring, preloc, doActions )
  File "/usr/local/lib/python3.7/site-packages/pkg_resources/_vendor/pyparsing.py", line 3739, in parseImpl
    return self.expr._parse( instring, loc, doActions, callPreParse=False )
  File "/usr/local/lib/python3.7/site-packages/pkg_resources/_vendor/pyparsing.py", line 1404, in _parseNoCache
    raise ParseException( instring, len(instring), self.errmsg, self )
pkg_resources._vendor.pyparsing.ParseException: Expected ";" (at char 29), (line:1, col:30)

During handling of the above exception, another exception occurred:

Traceback (most recent call last):
  File "/home/airflow/.local/lib/python3.7/site-packages/airflow/models/dagbag.py", line 331, in _load_modules_from_file
    loader.exec_module(new_module)
  File "<frozen importlib._bootstrap_external>", line 728, in exec_module
  File "<frozen importlib._bootstrap>", line 219, in _call_with_frames_removed
  File "/opt/airflow/dags/data_ingestion_gh.py", line 8, in <module>
    from airflow.providers.google.cloud.operators.bigquery import BigQueryCreateExternalTableOperator, BigQueryInsertJobOperator
  File "/home/airflow/.local/lib/python3.7/site-packages/airflow/providers/google/cloud/operators/bigquery.py", line 38, in <module>
    from airflow.providers.google.cloud.hooks.bigquery import BigQueryHook, BigQueryJob
  File "/home/airflow/.local/lib/python3.7/site-packages/airflow/providers/google/cloud/hooks/bigquery.py", line 33, in <module>
    from google.cloud.bigquery import (
  File "/home/airflow/.local/lib/python3.7/site-packages/google/cloud/bigquery/__init__.py", line 35, in <module>
    from google.cloud.bigquery.client import Client
  File "/home/airflow/.local/lib/python3.7/site-packages/google/cloud/bigquery/client.py", line 61, in <module>
    from google.cloud.bigquery_storage_v1.services.big_query_read.client import (
  File "/home/airflow/.local/lib/python3.7/site-packages/google/cloud/bigquery_storage_v1/__init__.py", line 25, in <module>
    from google.cloud.bigquery_storage_v1 import client
  File "/home/airflow/.local/lib/python3.7/site-packages/google/cloud/bigquery_storage_v1/client.py", line 28, in <module>
    from google.cloud.bigquery_storage_v1.services import big_query_write
  File "/home/airflow/.local/lib/python3.7/site-packages/google/cloud/bigquery_storage_v1/services/big_query_write/__init__.py", line 16, in <module>
    from .client import BigQueryWriteClient
  File "/home/airflow/.local/lib/python3.7/site-packages/google/cloud/bigquery_storage_v1/services/big_query_write/client.py", line 42, in <module>
    from .transports.base import BigQueryWriteTransport, DEFAULT_CLIENT_INFO
  File "/home/airflow/.local/lib/python3.7/site-packages/google/cloud/bigquery_storage_v1/services/big_query_write/transports/__init__.py", line 19, in <module>
    from .base import BigQueryWriteTransport
  File "/home/airflow/.local/lib/python3.7/site-packages/google/cloud/bigquery_storage_v1/services/big_query_write/transports/base.py", line 34, in <module>
    "google-cloud-bigquery-storage",
  File "/usr/local/lib/python3.7/site-packages/pkg_resources/__init__.py", line 464, in get_distribution
    dist = Requirement.parse(dist)
  File "/usr/local/lib/python3.7/site-packages/pkg_resources/__init__.py", line 3139, in parse
    req, = parse_requirements(s)
  File "/usr/local/lib/python3.7/site-packages/pkg_resources/__init__.py", line 3084, in parse_requirements
    yield Requirement(line)
  File "/usr/local/lib/python3.7/site-packages/pkg_resources/__init__.py", line 3094, in __init__
    super(Requirement, self).__init__(requirement_string)
  File "/usr/local/lib/python3.7/site-packages/pkg_resources/_vendor/packaging/requirements.py", line 98, in __init__
    req = REQUIREMENT.parseString(requirement_string)
  File "/usr/local/lib/python3.7/site-packages/pkg_resources/_vendor/pyparsing.py", line 1644, in parseString
    loc, tokens = self._parse( instring, 0 )
  File "/usr/local/lib/python3.7/site-packages/pkg_resources/_vendor/pyparsing.py", line 1402, in _parseNoCache
    loc,tokens = self.parseImpl( instring, preloc, doActions )
  File "/usr/local/lib/python3.7/site-packages/pkg_resources/_vendor/pyparsing.py", line 3417, in parseImpl
    loc, exprtokens = e._parse( instring, loc, doActions )
  File "/usr/local/lib/python3.7/site-packages/pkg_resources/_vendor/pyparsing.py", line 1402, in _parseNoCache
    loc,tokens = self.parseImpl( instring, preloc, doActions )
  File "/usr/local/lib/python3.7/site-packages/pkg_resources/_vendor/pyparsing.py", line 3552, in parseImpl
    ret = e._parse( instring, loc, doActions )
  File "/usr/local/lib/python3.7/site-packages/pkg_resources/_vendor/pyparsing.py", line 1402, in _parseNoCache
    loc,tokens = self.parseImpl( instring, preloc, doActions )
  File "/usr/local/lib/python3.7/site-packages/pkg_resources/_vendor/pyparsing.py", line 3417, in parseImpl
    loc, exprtokens = e._parse( instring, loc, doActions )
  File "/usr/local/lib/python3.7/site-packages/pkg_resources/_vendor/pyparsing.py", line 1402, in _parseNoCache
    loc,tokens = self.parseImpl( instring, preloc, doActions )
  File "/usr/local/lib/python3.7/site-packages/pkg_resources/_vendor/pyparsing.py", line 4005, in parseImpl
    loc, tokens = self.expr._parse( instring, loc, doActions, callPreParse=False )
  File "/home/airflow/.local/lib/python3.7/site-packages/airflow/utils/timeout.py", line 37, in handle_timeout
    raise AirflowTaskTimeout(self.error_message)
airflow.exceptions.AirflowTaskTimeout: DagBag import timeout for /opt/airflow/dags/data_ingestion_gh.py after 30.0s.
Please take a look at these docs to improve your DAG import time:
* https://airflow.apache.org/docs/apache-airflow/2.2.3/best-practices.html#top-level-python-code
* https://airflow.apache.org/docs/apache-airflow/2.2.3/best-practices.html#reducing-dag-complexity, PID: 685
[2022-07-16 07:21:14,684] {processor.py:690} INFO - Deactivated 1 DAGs which are no longer present in /opt/airflow/dags/data_ingestion_gh.py
[2022-07-16 07:21:14,696] {processor.py:656} WARNING - No viable dags retrieved from /opt/airflow/dags/data_ingestion_gh.py
[2022-07-16 07:21:15,539] {processor.py:171} INFO - Processing /opt/airflow/dags/data_ingestion_gh.py took 38.476 seconds
[2022-07-16 07:21:52,476] {processor.py:163} INFO - Started process (PID=715) to work on /opt/airflow/dags/data_ingestion_gh.py
[2022-07-16 07:21:52,560] {processor.py:642} INFO - Processing file /opt/airflow/dags/data_ingestion_gh.py for tasks to queue
[2022-07-16 07:21:52,607] {logging_mixin.py:109} INFO - [2022-07-16 07:21:52,595] {dagbag.py:500} INFO - Filling up the DagBag from /opt/airflow/dags/data_ingestion_gh.py
[2022-07-16 07:22:07,893] {processor.py:654} INFO - DAG(s) dict_keys(['gh_data_ingestion']) retrieved from /opt/airflow/dags/data_ingestion_gh.py
[2022-07-16 07:22:07,961] {logging_mixin.py:109} INFO - [2022-07-16 07:22:07,961] {dag.py:2396} INFO - Sync 1 DAGs
[2022-07-16 07:22:08,203] {processor.py:171} INFO - Processing /opt/airflow/dags/data_ingestion_gh.py took 15.765 seconds
[2022-07-16 07:22:38,851] {processor.py:163} INFO - Started process (PID=744) to work on /opt/airflow/dags/data_ingestion_gh.py
[2022-07-16 07:22:38,856] {processor.py:642} INFO - Processing file /opt/airflow/dags/data_ingestion_gh.py for tasks to queue
[2022-07-16 07:22:38,865] {logging_mixin.py:109} INFO - [2022-07-16 07:22:38,865] {dagbag.py:500} INFO - Filling up the DagBag from /opt/airflow/dags/data_ingestion_gh.py
[2022-07-16 07:22:43,176] {processor.py:654} INFO - DAG(s) dict_keys(['gh_data_ingestion']) retrieved from /opt/airflow/dags/data_ingestion_gh.py
[2022-07-16 07:22:43,229] {logging_mixin.py:109} INFO - [2022-07-16 07:22:43,229] {dag.py:2396} INFO - Sync 1 DAGs
[2022-07-16 07:22:43,360] {processor.py:171} INFO - Processing /opt/airflow/dags/data_ingestion_gh.py took 4.522 seconds
[2022-07-16 07:23:13,614] {processor.py:163} INFO - Started process (PID=766) to work on /opt/airflow/dags/data_ingestion_gh.py
[2022-07-16 07:23:13,625] {processor.py:642} INFO - Processing file /opt/airflow/dags/data_ingestion_gh.py for tasks to queue
[2022-07-16 07:23:13,633] {logging_mixin.py:109} INFO - [2022-07-16 07:23:13,631] {dagbag.py:500} INFO - Filling up the DagBag from /opt/airflow/dags/data_ingestion_gh.py
[2022-07-16 07:23:16,911] {processor.py:654} INFO - DAG(s) dict_keys(['gh_data_ingestion']) retrieved from /opt/airflow/dags/data_ingestion_gh.py
[2022-07-16 07:23:16,924] {logging_mixin.py:109} INFO - [2022-07-16 07:23:16,924] {dag.py:2396} INFO - Sync 1 DAGs
[2022-07-16 07:23:16,963] {processor.py:171} INFO - Processing /opt/airflow/dags/data_ingestion_gh.py took 3.370 seconds
[2022-07-16 07:23:47,277] {processor.py:163} INFO - Started process (PID=787) to work on /opt/airflow/dags/data_ingestion_gh.py
[2022-07-16 07:23:47,292] {processor.py:642} INFO - Processing file /opt/airflow/dags/data_ingestion_gh.py for tasks to queue
[2022-07-16 07:23:47,294] {logging_mixin.py:109} INFO - [2022-07-16 07:23:47,294] {dagbag.py:500} INFO - Filling up the DagBag from /opt/airflow/dags/data_ingestion_gh.py
[2022-07-16 07:23:50,355] {processor.py:654} INFO - DAG(s) dict_keys(['gh_data_ingestion']) retrieved from /opt/airflow/dags/data_ingestion_gh.py
[2022-07-16 07:23:50,379] {logging_mixin.py:109} INFO - [2022-07-16 07:23:50,378] {dag.py:2396} INFO - Sync 1 DAGs
[2022-07-16 07:23:50,418] {processor.py:171} INFO - Processing /opt/airflow/dags/data_ingestion_gh.py took 3.154 seconds
[2022-07-16 07:24:21,053] {processor.py:163} INFO - Started process (PID=808) to work on /opt/airflow/dags/data_ingestion_gh.py
[2022-07-16 07:24:21,066] {processor.py:642} INFO - Processing file /opt/airflow/dags/data_ingestion_gh.py for tasks to queue
[2022-07-16 07:24:21,079] {logging_mixin.py:109} INFO - [2022-07-16 07:24:21,079] {dagbag.py:500} INFO - Filling up the DagBag from /opt/airflow/dags/data_ingestion_gh.py
[2022-07-16 07:24:33,302] {processor.py:654} INFO - DAG(s) dict_keys(['gh_data_ingestion']) retrieved from /opt/airflow/dags/data_ingestion_gh.py
[2022-07-16 07:24:33,361] {logging_mixin.py:109} INFO - [2022-07-16 07:24:33,361] {dag.py:2396} INFO - Sync 1 DAGs
[2022-07-16 07:24:33,675] {processor.py:171} INFO - Processing /opt/airflow/dags/data_ingestion_gh.py took 12.696 seconds
[2022-07-16 07:25:04,165] {processor.py:163} INFO - Started process (PID=829) to work on /opt/airflow/dags/data_ingestion_gh.py
[2022-07-16 07:25:04,181] {processor.py:642} INFO - Processing file /opt/airflow/dags/data_ingestion_gh.py for tasks to queue
[2022-07-16 07:25:04,192] {logging_mixin.py:109} INFO - [2022-07-16 07:25:04,191] {dagbag.py:500} INFO - Filling up the DagBag from /opt/airflow/dags/data_ingestion_gh.py
[2022-07-16 07:25:07,584] {processor.py:654} INFO - DAG(s) dict_keys(['gh_data_ingestion']) retrieved from /opt/airflow/dags/data_ingestion_gh.py
[2022-07-16 07:25:07,653] {logging_mixin.py:109} INFO - [2022-07-16 07:25:07,653] {dag.py:2396} INFO - Sync 1 DAGs
[2022-07-16 07:25:07,748] {logging_mixin.py:109} INFO - [2022-07-16 07:25:07,747] {dag.py:2935} INFO - Setting next_dagrun for gh_data_ingestion to 2022-07-14T06:30:00+00:00
[2022-07-16 07:25:07,842] {processor.py:171} INFO - Processing /opt/airflow/dags/data_ingestion_gh.py took 3.701 seconds
[2022-07-16 07:25:38,278] {processor.py:163} INFO - Started process (PID=850) to work on /opt/airflow/dags/data_ingestion_gh.py
[2022-07-16 07:25:38,285] {processor.py:642} INFO - Processing file /opt/airflow/dags/data_ingestion_gh.py for tasks to queue
[2022-07-16 07:25:38,288] {logging_mixin.py:109} INFO - [2022-07-16 07:25:38,287] {dagbag.py:500} INFO - Filling up the DagBag from /opt/airflow/dags/data_ingestion_gh.py
[2022-07-16 07:25:42,144] {processor.py:654} INFO - DAG(s) dict_keys(['gh_data_ingestion']) retrieved from /opt/airflow/dags/data_ingestion_gh.py
[2022-07-16 07:25:42,199] {logging_mixin.py:109} INFO - [2022-07-16 07:25:42,198] {dag.py:2396} INFO - Sync 1 DAGs
[2022-07-16 07:25:42,333] {logging_mixin.py:109} INFO - [2022-07-16 07:25:42,333] {dag.py:2935} INFO - Setting next_dagrun for gh_data_ingestion to 2022-07-14T07:30:00+00:00
[2022-07-16 07:25:42,391] {processor.py:171} INFO - Processing /opt/airflow/dags/data_ingestion_gh.py took 4.127 seconds
[2022-07-16 07:26:12,615] {processor.py:163} INFO - Started process (PID=869) to work on /opt/airflow/dags/data_ingestion_gh.py
[2022-07-16 07:26:12,636] {processor.py:642} INFO - Processing file /opt/airflow/dags/data_ingestion_gh.py for tasks to queue
[2022-07-16 07:26:12,647] {logging_mixin.py:109} INFO - [2022-07-16 07:26:12,647] {dagbag.py:500} INFO - Filling up the DagBag from /opt/airflow/dags/data_ingestion_gh.py
[2022-07-16 07:26:16,998] {processor.py:654} INFO - DAG(s) dict_keys(['gh_data_ingestion']) retrieved from /opt/airflow/dags/data_ingestion_gh.py
[2022-07-16 07:26:17,034] {logging_mixin.py:109} INFO - [2022-07-16 07:26:17,034] {dag.py:2396} INFO - Sync 1 DAGs
[2022-07-16 07:26:17,127] {processor.py:171} INFO - Processing /opt/airflow/dags/data_ingestion_gh.py took 4.545 seconds
[2022-07-16 07:26:47,406] {processor.py:163} INFO - Started process (PID=893) to work on /opt/airflow/dags/data_ingestion_gh.py
[2022-07-16 07:26:47,424] {processor.py:642} INFO - Processing file /opt/airflow/dags/data_ingestion_gh.py for tasks to queue
[2022-07-16 07:26:47,427] {logging_mixin.py:109} INFO - [2022-07-16 07:26:47,426] {dagbag.py:500} INFO - Filling up the DagBag from /opt/airflow/dags/data_ingestion_gh.py
[2022-07-16 07:26:50,129] {processor.py:654} INFO - DAG(s) dict_keys(['gh_data_ingestion']) retrieved from /opt/airflow/dags/data_ingestion_gh.py
[2022-07-16 07:26:50,157] {logging_mixin.py:109} INFO - [2022-07-16 07:26:50,156] {dag.py:2396} INFO - Sync 1 DAGs
[2022-07-16 07:26:50,245] {processor.py:171} INFO - Processing /opt/airflow/dags/data_ingestion_gh.py took 2.859 seconds
[2022-07-16 07:27:20,880] {processor.py:163} INFO - Started process (PID=914) to work on /opt/airflow/dags/data_ingestion_gh.py
[2022-07-16 07:27:20,898] {processor.py:642} INFO - Processing file /opt/airflow/dags/data_ingestion_gh.py for tasks to queue
[2022-07-16 07:27:20,911] {logging_mixin.py:109} INFO - [2022-07-16 07:27:20,911] {dagbag.py:500} INFO - Filling up the DagBag from /opt/airflow/dags/data_ingestion_gh.py
[2022-07-16 07:27:24,171] {processor.py:654} INFO - DAG(s) dict_keys(['gh_data_ingestion']) retrieved from /opt/airflow/dags/data_ingestion_gh.py
[2022-07-16 07:27:24,207] {logging_mixin.py:109} INFO - [2022-07-16 07:27:24,207] {dag.py:2396} INFO - Sync 1 DAGs
[2022-07-16 07:27:24,294] {processor.py:171} INFO - Processing /opt/airflow/dags/data_ingestion_gh.py took 3.433 seconds
[2022-07-16 07:27:54,541] {processor.py:163} INFO - Started process (PID=935) to work on /opt/airflow/dags/data_ingestion_gh.py
[2022-07-16 07:27:54,553] {processor.py:642} INFO - Processing file /opt/airflow/dags/data_ingestion_gh.py for tasks to queue
[2022-07-16 07:27:54,559] {logging_mixin.py:109} INFO - [2022-07-16 07:27:54,558] {dagbag.py:500} INFO - Filling up the DagBag from /opt/airflow/dags/data_ingestion_gh.py
[2022-07-16 07:27:58,178] {processor.py:654} INFO - DAG(s) dict_keys(['gh_data_ingestion']) retrieved from /opt/airflow/dags/data_ingestion_gh.py
[2022-07-16 07:27:58,212] {logging_mixin.py:109} INFO - [2022-07-16 07:27:58,211] {dag.py:2396} INFO - Sync 1 DAGs
[2022-07-16 07:27:58,280] {logging_mixin.py:109} INFO - [2022-07-16 07:27:58,280] {dag.py:2935} INFO - Setting next_dagrun for gh_data_ingestion to 2022-07-14T08:30:00+00:00
[2022-07-16 07:27:58,332] {processor.py:171} INFO - Processing /opt/airflow/dags/data_ingestion_gh.py took 3.809 seconds
[2022-07-16 07:28:28,631] {processor.py:163} INFO - Started process (PID=946) to work on /opt/airflow/dags/data_ingestion_gh.py
[2022-07-16 07:28:28,639] {processor.py:642} INFO - Processing file /opt/airflow/dags/data_ingestion_gh.py for tasks to queue
[2022-07-16 07:28:28,645] {logging_mixin.py:109} INFO - [2022-07-16 07:28:28,644] {dagbag.py:500} INFO - Filling up the DagBag from /opt/airflow/dags/data_ingestion_gh.py
[2022-07-16 07:28:31,911] {processor.py:654} INFO - DAG(s) dict_keys(['gh_data_ingestion']) retrieved from /opt/airflow/dags/data_ingestion_gh.py
[2022-07-16 07:28:31,949] {logging_mixin.py:109} INFO - [2022-07-16 07:28:31,948] {dag.py:2396} INFO - Sync 1 DAGs
[2022-07-16 07:28:32,026] {processor.py:171} INFO - Processing /opt/airflow/dags/data_ingestion_gh.py took 3.427 seconds
[2022-07-16 07:29:02,210] {processor.py:163} INFO - Started process (PID=976) to work on /opt/airflow/dags/data_ingestion_gh.py
[2022-07-16 07:29:02,223] {processor.py:642} INFO - Processing file /opt/airflow/dags/data_ingestion_gh.py for tasks to queue
[2022-07-16 07:29:02,235] {logging_mixin.py:109} INFO - [2022-07-16 07:29:02,233] {dagbag.py:500} INFO - Filling up the DagBag from /opt/airflow/dags/data_ingestion_gh.py
[2022-07-16 07:29:05,554] {processor.py:654} INFO - DAG(s) dict_keys(['gh_data_ingestion']) retrieved from /opt/airflow/dags/data_ingestion_gh.py
[2022-07-16 07:29:05,627] {logging_mixin.py:109} INFO - [2022-07-16 07:29:05,626] {dag.py:2396} INFO - Sync 1 DAGs
[2022-07-16 07:29:05,731] {processor.py:171} INFO - Processing /opt/airflow/dags/data_ingestion_gh.py took 3.542 seconds
[2022-07-16 07:29:36,123] {processor.py:163} INFO - Started process (PID=988) to work on /opt/airflow/dags/data_ingestion_gh.py
[2022-07-16 07:29:36,138] {processor.py:642} INFO - Processing file /opt/airflow/dags/data_ingestion_gh.py for tasks to queue
[2022-07-16 07:29:36,141] {logging_mixin.py:109} INFO - [2022-07-16 07:29:36,141] {dagbag.py:500} INFO - Filling up the DagBag from /opt/airflow/dags/data_ingestion_gh.py
[2022-07-16 07:29:39,054] {processor.py:654} INFO - DAG(s) dict_keys(['gh_data_ingestion']) retrieved from /opt/airflow/dags/data_ingestion_gh.py
[2022-07-16 07:29:39,089] {logging_mixin.py:109} INFO - [2022-07-16 07:29:39,089] {dag.py:2396} INFO - Sync 1 DAGs
[2022-07-16 07:29:39,166] {processor.py:171} INFO - Processing /opt/airflow/dags/data_ingestion_gh.py took 3.047 seconds
[2022-07-16 07:30:09,345] {processor.py:163} INFO - Started process (PID=1018) to work on /opt/airflow/dags/data_ingestion_gh.py
[2022-07-16 07:30:09,364] {processor.py:642} INFO - Processing file /opt/airflow/dags/data_ingestion_gh.py for tasks to queue
[2022-07-16 07:30:09,374] {logging_mixin.py:109} INFO - [2022-07-16 07:30:09,372] {dagbag.py:500} INFO - Filling up the DagBag from /opt/airflow/dags/data_ingestion_gh.py
[2022-07-16 07:30:13,006] {processor.py:654} INFO - DAG(s) dict_keys(['gh_data_ingestion']) retrieved from /opt/airflow/dags/data_ingestion_gh.py
[2022-07-16 07:30:13,059] {logging_mixin.py:109} INFO - [2022-07-16 07:30:13,059] {dag.py:2396} INFO - Sync 1 DAGs
[2022-07-16 07:30:13,145] {processor.py:171} INFO - Processing /opt/airflow/dags/data_ingestion_gh.py took 3.821 seconds
[2022-07-16 07:30:43,447] {processor.py:163} INFO - Started process (PID=1030) to work on /opt/airflow/dags/data_ingestion_gh.py
[2022-07-16 07:30:43,462] {processor.py:642} INFO - Processing file /opt/airflow/dags/data_ingestion_gh.py for tasks to queue
[2022-07-16 07:30:43,467] {logging_mixin.py:109} INFO - [2022-07-16 07:30:43,467] {dagbag.py:500} INFO - Filling up the DagBag from /opt/airflow/dags/data_ingestion_gh.py
[2022-07-16 07:30:45,836] {processor.py:654} INFO - DAG(s) dict_keys(['gh_data_ingestion']) retrieved from /opt/airflow/dags/data_ingestion_gh.py
[2022-07-16 07:30:45,870] {logging_mixin.py:109} INFO - [2022-07-16 07:30:45,869] {dag.py:2396} INFO - Sync 1 DAGs
[2022-07-16 07:30:45,949] {processor.py:171} INFO - Processing /opt/airflow/dags/data_ingestion_gh.py took 2.509 seconds
[2022-07-16 07:31:16,218] {processor.py:163} INFO - Started process (PID=1050) to work on /opt/airflow/dags/data_ingestion_gh.py
[2022-07-16 07:31:16,224] {processor.py:642} INFO - Processing file /opt/airflow/dags/data_ingestion_gh.py for tasks to queue
[2022-07-16 07:31:16,232] {logging_mixin.py:109} INFO - [2022-07-16 07:31:16,231] {dagbag.py:500} INFO - Filling up the DagBag from /opt/airflow/dags/data_ingestion_gh.py
[2022-07-16 07:31:19,545] {processor.py:654} INFO - DAG(s) dict_keys(['gh_data_ingestion']) retrieved from /opt/airflow/dags/data_ingestion_gh.py
[2022-07-16 07:31:19,572] {logging_mixin.py:109} INFO - [2022-07-16 07:31:19,571] {dag.py:2396} INFO - Sync 1 DAGs
[2022-07-16 07:31:19,616] {logging_mixin.py:109} INFO - [2022-07-16 07:31:19,615] {dag.py:2935} INFO - Setting next_dagrun for gh_data_ingestion to 2022-07-14T09:30:00+00:00
[2022-07-16 07:31:19,646] {processor.py:171} INFO - Processing /opt/airflow/dags/data_ingestion_gh.py took 3.449 seconds
[2022-07-16 07:31:50,020] {processor.py:163} INFO - Started process (PID=1070) to work on /opt/airflow/dags/data_ingestion_gh.py
[2022-07-16 07:31:50,029] {processor.py:642} INFO - Processing file /opt/airflow/dags/data_ingestion_gh.py for tasks to queue
[2022-07-16 07:31:50,042] {logging_mixin.py:109} INFO - [2022-07-16 07:31:50,041] {dagbag.py:500} INFO - Filling up the DagBag from /opt/airflow/dags/data_ingestion_gh.py
[2022-07-16 07:31:56,991] {processor.py:654} INFO - DAG(s) dict_keys(['gh_data_ingestion']) retrieved from /opt/airflow/dags/data_ingestion_gh.py
[2022-07-16 07:31:57,103] {logging_mixin.py:109} INFO - [2022-07-16 07:31:57,102] {dag.py:2396} INFO - Sync 1 DAGs
[2022-07-16 07:31:57,216] {logging_mixin.py:109} INFO - [2022-07-16 07:31:57,216] {dag.py:2935} INFO - Setting next_dagrun for gh_data_ingestion to 2022-07-14T10:30:00+00:00
[2022-07-16 07:31:57,324] {processor.py:171} INFO - Processing /opt/airflow/dags/data_ingestion_gh.py took 7.339 seconds
[2022-07-16 07:32:28,232] {processor.py:163} INFO - Started process (PID=1089) to work on /opt/airflow/dags/data_ingestion_gh.py
[2022-07-16 07:32:28,241] {processor.py:642} INFO - Processing file /opt/airflow/dags/data_ingestion_gh.py for tasks to queue
[2022-07-16 07:32:28,252] {logging_mixin.py:109} INFO - [2022-07-16 07:32:28,252] {dagbag.py:500} INFO - Filling up the DagBag from /opt/airflow/dags/data_ingestion_gh.py
[2022-07-16 07:32:57,139] {processor.py:654} INFO - DAG(s) dict_keys(['gh_data_ingestion']) retrieved from /opt/airflow/dags/data_ingestion_gh.py
[2022-07-16 07:32:57,317] {logging_mixin.py:109} INFO - [2022-07-16 07:32:57,316] {dag.py:2396} INFO - Sync 1 DAGs
[2022-07-16 07:32:57,675] {processor.py:171} INFO - Processing /opt/airflow/dags/data_ingestion_gh.py took 29.510 seconds
[2022-07-16 07:33:29,487] {processor.py:163} INFO - Started process (PID=1120) to work on /opt/airflow/dags/data_ingestion_gh.py
[2022-07-16 07:33:29,520] {processor.py:642} INFO - Processing file /opt/airflow/dags/data_ingestion_gh.py for tasks to queue
[2022-07-16 07:33:29,527] {logging_mixin.py:109} INFO - [2022-07-16 07:33:29,527] {dagbag.py:500} INFO - Filling up the DagBag from /opt/airflow/dags/data_ingestion_gh.py
[2022-07-16 07:33:41,537] {processor.py:654} INFO - DAG(s) dict_keys(['gh_data_ingestion']) retrieved from /opt/airflow/dags/data_ingestion_gh.py
[2022-07-16 07:33:41,697] {logging_mixin.py:109} INFO - [2022-07-16 07:33:41,696] {dag.py:2396} INFO - Sync 1 DAGs
[2022-07-16 07:33:41,893] {processor.py:171} INFO - Processing /opt/airflow/dags/data_ingestion_gh.py took 12.466 seconds
[2022-07-16 07:34:12,617] {processor.py:163} INFO - Started process (PID=1140) to work on /opt/airflow/dags/data_ingestion_gh.py
[2022-07-16 07:34:12,629] {processor.py:642} INFO - Processing file /opt/airflow/dags/data_ingestion_gh.py for tasks to queue
[2022-07-16 07:34:12,633] {logging_mixin.py:109} INFO - [2022-07-16 07:34:12,633] {dagbag.py:500} INFO - Filling up the DagBag from /opt/airflow/dags/data_ingestion_gh.py
[2022-07-16 07:34:16,504] {processor.py:654} INFO - DAG(s) dict_keys(['gh_data_ingestion']) retrieved from /opt/airflow/dags/data_ingestion_gh.py
[2022-07-16 07:34:16,534] {logging_mixin.py:109} INFO - [2022-07-16 07:34:16,534] {dag.py:2396} INFO - Sync 1 DAGs
[2022-07-16 07:34:16,605] {processor.py:171} INFO - Processing /opt/airflow/dags/data_ingestion_gh.py took 4.015 seconds
[2022-07-16 07:34:47,281] {processor.py:163} INFO - Started process (PID=1159) to work on /opt/airflow/dags/data_ingestion_gh.py
[2022-07-16 07:34:47,286] {processor.py:642} INFO - Processing file /opt/airflow/dags/data_ingestion_gh.py for tasks to queue
[2022-07-16 07:34:47,298] {logging_mixin.py:109} INFO - [2022-07-16 07:34:47,297] {dagbag.py:500} INFO - Filling up the DagBag from /opt/airflow/dags/data_ingestion_gh.py
[2022-07-16 07:34:52,045] {processor.py:654} INFO - DAG(s) dict_keys(['gh_data_ingestion']) retrieved from /opt/airflow/dags/data_ingestion_gh.py
[2022-07-16 07:34:52,084] {logging_mixin.py:109} INFO - [2022-07-16 07:34:52,084] {dag.py:2396} INFO - Sync 1 DAGs
[2022-07-16 07:34:52,305] {processor.py:171} INFO - Processing /opt/airflow/dags/data_ingestion_gh.py took 5.043 seconds
[2022-07-16 07:35:23,302] {processor.py:163} INFO - Started process (PID=1178) to work on /opt/airflow/dags/data_ingestion_gh.py
[2022-07-16 07:35:23,352] {processor.py:642} INFO - Processing file /opt/airflow/dags/data_ingestion_gh.py for tasks to queue
[2022-07-16 07:35:23,386] {logging_mixin.py:109} INFO - [2022-07-16 07:35:23,386] {dagbag.py:500} INFO - Filling up the DagBag from /opt/airflow/dags/data_ingestion_gh.py
[2022-07-16 07:35:45,032] {processor.py:654} INFO - DAG(s) dict_keys(['gh_data_ingestion']) retrieved from /opt/airflow/dags/data_ingestion_gh.py
[2022-07-16 07:35:45,183] {logging_mixin.py:109} INFO - [2022-07-16 07:35:45,182] {dag.py:2396} INFO - Sync 1 DAGs
[2022-07-16 07:35:45,454] {processor.py:171} INFO - Processing /opt/airflow/dags/data_ingestion_gh.py took 22.326 seconds
[2022-07-16 07:36:30,959] {processor.py:163} INFO - Started process (PID=1205) to work on /opt/airflow/dags/data_ingestion_gh.py
[2022-07-16 07:36:30,965] {processor.py:642} INFO - Processing file /opt/airflow/dags/data_ingestion_gh.py for tasks to queue
[2022-07-16 07:36:31,025] {logging_mixin.py:109} INFO - [2022-07-16 07:36:31,025] {dagbag.py:500} INFO - Filling up the DagBag from /opt/airflow/dags/data_ingestion_gh.py
[2022-07-16 07:37:02,075] {logging_mixin.py:109} INFO - [2022-07-16 07:37:02,046] {timeout.py:36} ERROR - Process timed out, PID: 1205
[2022-07-16 07:37:02,436] {logging_mixin.py:109} INFO - [2022-07-16 07:37:02,107] {dagbag.py:334} ERROR - Failed to import: /opt/airflow/dags/data_ingestion_gh.py
Traceback (most recent call last):
  File "/home/airflow/.local/lib/python3.7/site-packages/airflow/models/dagbag.py", line 331, in _load_modules_from_file
    loader.exec_module(new_module)
  File "<frozen importlib._bootstrap_external>", line 728, in exec_module
  File "<frozen importlib._bootstrap>", line 219, in _call_with_frames_removed
  File "/opt/airflow/dags/data_ingestion_gh.py", line 8, in <module>
    from airflow.providers.google.cloud.operators.bigquery import BigQueryCreateExternalTableOperator, BigQueryInsertJobOperator
  File "/home/airflow/.local/lib/python3.7/site-packages/airflow/providers/google/cloud/operators/bigquery.py", line 38, in <module>
    from airflow.providers.google.cloud.hooks.bigquery import BigQueryHook, BigQueryJob
  File "/home/airflow/.local/lib/python3.7/site-packages/airflow/providers/google/cloud/hooks/bigquery.py", line 32, in <module>
    from google.api_core.retry import Retry
  File "/home/airflow/.local/lib/python3.7/site-packages/google/api_core/retry.py", line 68, in <module>
    from google.api_core import datetime_helpers
  File "/home/airflow/.local/lib/python3.7/site-packages/google/api_core/datetime_helpers.py", line 23, in <module>
    from google.protobuf import timestamp_pb2
  File "/home/airflow/.local/lib/python3.7/site-packages/google/protobuf/timestamp_pb2.py", line 5, in <module>
    from google.protobuf import descriptor as _descriptor
  File "/home/airflow/.local/lib/python3.7/site-packages/google/protobuf/descriptor.py", line 47, in <module>
    from google.protobuf.pyext import _message
  File "/usr/local/lib/python3.7/abc.py", line 130, in register
    def register(cls, subclass):
  File "/home/airflow/.local/lib/python3.7/site-packages/airflow/utils/timeout.py", line 37, in handle_timeout
    raise AirflowTaskTimeout(self.error_message)
airflow.exceptions.AirflowTaskTimeout: DagBag import timeout for /opt/airflow/dags/data_ingestion_gh.py after 30.0s.
Please take a look at these docs to improve your DAG import time:
* https://airflow.apache.org/docs/apache-airflow/2.2.3/best-practices.html#top-level-python-code
* https://airflow.apache.org/docs/apache-airflow/2.2.3/best-practices.html#reducing-dag-complexity, PID: 1205
[2022-07-16 07:37:06,895] {processor.py:690} INFO - Deactivated 1 DAGs which are no longer present in /opt/airflow/dags/data_ingestion_gh.py
[2022-07-16 07:37:06,917] {processor.py:656} WARNING - No viable dags retrieved from /opt/airflow/dags/data_ingestion_gh.py
[2022-07-16 07:37:07,793] {processor.py:171} INFO - Processing /opt/airflow/dags/data_ingestion_gh.py took 37.272 seconds
[2022-07-16 07:37:45,315] {processor.py:163} INFO - Started process (PID=1235) to work on /opt/airflow/dags/data_ingestion_gh.py
[2022-07-16 07:37:45,551] {processor.py:642} INFO - Processing file /opt/airflow/dags/data_ingestion_gh.py for tasks to queue
[2022-07-16 07:37:45,654] {logging_mixin.py:109} INFO - [2022-07-16 07:37:45,649] {dagbag.py:500} INFO - Filling up the DagBag from /opt/airflow/dags/data_ingestion_gh.py
[2022-07-16 07:38:23,111] {logging_mixin.py:109} INFO - [2022-07-16 07:38:15,910] {timeout.py:36} ERROR - Process timed out, PID: 1235
[2022-07-16 07:38:26,642] {logging_mixin.py:109} INFO - [2022-07-16 07:38:23,154] {dagbag.py:334} ERROR - Failed to import: /opt/airflow/dags/data_ingestion_gh.py
Traceback (most recent call last):
  File "/home/airflow/.local/lib/python3.7/site-packages/airflow/models/dagbag.py", line 331, in _load_modules_from_file
    loader.exec_module(new_module)
  File "<frozen importlib._bootstrap_external>", line 728, in exec_module
  File "<frozen importlib._bootstrap>", line 219, in _call_with_frames_removed
  File "/opt/airflow/dags/data_ingestion_gh.py", line 8, in <module>
    from airflow.providers.google.cloud.operators.bigquery import BigQueryCreateExternalTableOperator, BigQueryInsertJobOperator
  File "/home/airflow/.local/lib/python3.7/site-packages/airflow/providers/google/cloud/operators/bigquery.py", line 38, in <module>
    from airflow.providers.google.cloud.hooks.bigquery import BigQueryHook, BigQueryJob
  File "/home/airflow/.local/lib/python3.7/site-packages/airflow/providers/google/cloud/hooks/bigquery.py", line 33, in <module>
    from google.cloud.bigquery import (
  File "/home/airflow/.local/lib/python3.7/site-packages/google/cloud/bigquery/__init__.py", line 35, in <module>
    from google.cloud.bigquery.client import Client
  File "/home/airflow/.local/lib/python3.7/site-packages/google/cloud/bigquery/client.py", line 61, in <module>
    from google.cloud.bigquery_storage_v1.services.big_query_read.client import (
  File "/home/airflow/.local/lib/python3.7/site-packages/google/cloud/bigquery_storage_v1/__init__.py", line 25, in <module>
    from google.cloud.bigquery_storage_v1 import client
  File "/home/airflow/.local/lib/python3.7/site-packages/google/cloud/bigquery_storage_v1/client.py", line 24, in <module>
    import google.api_core.gapic_v1.method
  File "/home/airflow/.local/lib/python3.7/site-packages/google/api_core/gapic_v1/__init__.py", line 19, in <module>
    from google.api_core.gapic_v1 import method
  File "/home/airflow/.local/lib/python3.7/site-packages/google/api_core/gapic_v1/method.py", line 22, in <module>
    from google.api_core import grpc_helpers
  File "/home/airflow/.local/lib/python3.7/site-packages/google/api_core/grpc_helpers.py", line 31, in <module>
    import grpc_gcp
  File "/home/airflow/.local/lib/python3.7/site-packages/grpc_gcp/__init__.py", line 16, in <module>
    from grpc_gcp import _channel
  File "/home/airflow/.local/lib/python3.7/site-packages/grpc_gcp/_channel.py", line 19, in <module>
    from grpc_gcp.proto import grpc_gcp_pb2
  File "<frozen importlib._bootstrap>", line 983, in _find_and_load
  File "<frozen importlib._bootstrap>", line 963, in _find_and_load_unlocked
  File "<frozen importlib._bootstrap>", line 906, in _find_spec
  File "<frozen importlib._bootstrap_external>", line 1280, in find_spec
  File "<frozen importlib._bootstrap_external>", line 1252, in _get_spec
  File "<frozen importlib._bootstrap_external>", line 1368, in find_spec
  File "<frozen importlib._bootstrap_external>", line 1408, in _fill_cache
  File "/home/airflow/.local/lib/python3.7/site-packages/airflow/utils/timeout.py", line 37, in handle_timeout
    raise AirflowTaskTimeout(self.error_message)
airflow.exceptions.AirflowTaskTimeout: DagBag import timeout for /opt/airflow/dags/data_ingestion_gh.py after 30.0s.
Please take a look at these docs to improve your DAG import time:
* https://airflow.apache.org/docs/apache-airflow/2.2.3/best-practices.html#top-level-python-code
* https://airflow.apache.org/docs/apache-airflow/2.2.3/best-practices.html#reducing-dag-complexity, PID: 1235
[2022-07-16 07:39:36,658] {processor.py:163} INFO - Started process (PID=1289) to work on /opt/airflow/dags/data_ingestion_gh.py
[2022-07-16 07:39:37,215] {processor.py:642} INFO - Processing file /opt/airflow/dags/data_ingestion_gh.py for tasks to queue
[2022-07-16 07:39:37,332] {logging_mixin.py:109} INFO - [2022-07-16 07:39:37,294] {dagbag.py:500} INFO - Filling up the DagBag from /opt/airflow/dags/data_ingestion_gh.py
[2022-07-16 07:42:45,150] {processor.py:163} INFO - Started process (PID=1364) to work on /opt/airflow/dags/data_ingestion_gh.py
[2022-07-16 07:42:46,651] {processor.py:642} INFO - Processing file /opt/airflow/dags/data_ingestion_gh.py for tasks to queue
[2022-07-16 07:42:47,501] {logging_mixin.py:109} INFO - [2022-07-16 07:42:46,881] {dagbag.py:500} INFO - Filling up the DagBag from /opt/airflow/dags/data_ingestion_gh.py
[2022-07-16 07:43:29,544] {logging_mixin.py:109} INFO - [2022-07-16 07:43:27,895] {timeout.py:36} ERROR - Process timed out, PID: 1364
[2022-07-16 07:43:31,040] {logging_mixin.py:109} INFO - [2022-07-16 07:43:30,038] {dagbag.py:334} ERROR - Failed to import: /opt/airflow/dags/data_ingestion_gh.py
Traceback (most recent call last):
  File "/home/airflow/.local/lib/python3.7/site-packages/airflow/models/dagbag.py", line 331, in _load_modules_from_file
    loader.exec_module(new_module)
  File "<frozen importlib._bootstrap_external>", line 728, in exec_module
  File "<frozen importlib._bootstrap>", line 219, in _call_with_frames_removed
  File "/opt/airflow/dags/data_ingestion_gh.py", line 8, in <module>
    from airflow.providers.google.cloud.operators.bigquery import BigQueryCreateExternalTableOperator, BigQueryInsertJobOperator
  File "<frozen importlib._bootstrap>", line 983, in _find_and_load
  File "<frozen importlib._bootstrap>", line 950, in _find_and_load_unlocked
  File "/home/airflow/.local/lib/python3.7/site-packages/airflow/utils/timeout.py", line 37, in handle_timeout
    raise AirflowTaskTimeout(self.error_message)
airflow.exceptions.AirflowTaskTimeout: DagBag import timeout for /opt/airflow/dags/data_ingestion_gh.py after 30.0s.
Please take a look at these docs to improve your DAG import time:
* https://airflow.apache.org/docs/apache-airflow/2.2.3/best-practices.html#top-level-python-code
* https://airflow.apache.org/docs/apache-airflow/2.2.3/best-practices.html#reducing-dag-complexity, PID: 1364
[2022-07-16 07:46:51,257] {processor.py:163} INFO - Started process (PID=1458) to work on /opt/airflow/dags/data_ingestion_gh.py
[2022-07-16 07:46:52,975] {processor.py:642} INFO - Processing file /opt/airflow/dags/data_ingestion_gh.py for tasks to queue
[2022-07-16 07:46:53,027] {logging_mixin.py:109} INFO - [2022-07-16 07:46:52,986] {dagbag.py:500} INFO - Filling up the DagBag from /opt/airflow/dags/data_ingestion_gh.py
[2022-07-16 07:47:36,160] {logging_mixin.py:109} INFO - [2022-07-16 07:47:35,673] {timeout.py:36} ERROR - Process timed out, PID: 1458
[2022-07-16 07:49:24,439] {processor.py:163} INFO - Started process (PID=1529) to work on /opt/airflow/dags/data_ingestion_gh.py
[2022-07-16 07:49:25,603] {processor.py:642} INFO - Processing file /opt/airflow/dags/data_ingestion_gh.py for tasks to queue
[2022-07-16 07:49:26,550] {logging_mixin.py:109} INFO - [2022-07-16 07:49:26,411] {dagbag.py:500} INFO - Filling up the DagBag from /opt/airflow/dags/data_ingestion_gh.py
[2022-07-16 07:49:57,152] {logging_mixin.py:109} INFO - [2022-07-16 07:49:56,912] {timeout.py:36} ERROR - Process timed out, PID: 1529
[2022-07-16 07:50:00,406] {logging_mixin.py:109} INFO - [2022-07-16 07:49:57,700] {dagbag.py:334} ERROR - Failed to import: /opt/airflow/dags/data_ingestion_gh.py
Traceback (most recent call last):
  File "/home/airflow/.local/lib/python3.7/site-packages/airflow/models/dagbag.py", line 331, in _load_modules_from_file
    loader.exec_module(new_module)
  File "<frozen importlib._bootstrap_external>", line 728, in exec_module
  File "<frozen importlib._bootstrap>", line 219, in _call_with_frames_removed
  File "/opt/airflow/dags/data_ingestion_gh.py", line 8, in <module>
    from airflow.providers.google.cloud.operators.bigquery import BigQueryCreateExternalTableOperator, BigQueryInsertJobOperator
  File "<frozen importlib._bootstrap>", line 983, in _find_and_load
  File "<frozen importlib._bootstrap>", line 963, in _find_and_load_unlocked
  File "<frozen importlib._bootstrap>", line 906, in _find_spec
  File "<frozen importlib._bootstrap_external>", line 1280, in find_spec
  File "<frozen importlib._bootstrap_external>", line 1252, in _get_spec
  File "<frozen importlib._bootstrap_external>", line 1368, in find_spec
  File "<frozen importlib._bootstrap_external>", line 1408, in _fill_cache
  File "/home/airflow/.local/lib/python3.7/site-packages/airflow/dag_processing/manager.py", line 496, in _exit_gracefully
    self.log.debug("Current Stacktrace is: %s", '\n'.join(map(str, inspect.stack())))
  File "/usr/local/lib/python3.7/inspect.py", line 1513, in stack
    return getouterframes(sys._getframe(1), context)
  File "/usr/local/lib/python3.7/inspect.py", line 1490, in getouterframes
    frameinfo = (frame,) + getframeinfo(frame, context)
  File "/usr/local/lib/python3.7/inspect.py", line 1464, in getframeinfo
    lines, lnum = findsource(frame)
  File "/usr/local/lib/python3.7/inspect.py", line 780, in findsource
    module = getmodule(object, file)
  File "/usr/local/lib/python3.7/inspect.py", line 742, in getmodule
    os.path.realpath(f)] = module.__name__
  File "/usr/local/lib/python3.7/posixpath.py", line 395, in realpath
    path, ok = _joinrealpath(filename[:0], filename, {})
  File "/usr/local/lib/python3.7/posixpath.py", line 429, in _joinrealpath
    if not islink(newpath):
  File "/usr/local/lib/python3.7/posixpath.py", line 171, in islink
    st = os.lstat(path)
  File "/home/airflow/.local/lib/python3.7/site-packages/airflow/utils/timeout.py", line 37, in handle_timeout
    raise AirflowTaskTimeout(self.error_message)
airflow.exceptions.AirflowTaskTimeout: DagBag import timeout for /opt/airflow/dags/data_ingestion_gh.py after 30.0s.
Please take a look at these docs to improve your DAG import time:
* https://airflow.apache.org/docs/apache-airflow/2.2.3/best-practices.html#top-level-python-code
* https://airflow.apache.org/docs/apache-airflow/2.2.3/best-practices.html#reducing-dag-complexity, PID: 1529
[2022-07-16 07:50:45,927] {processor.py:656} WARNING - No viable dags retrieved from /opt/airflow/dags/data_ingestion_gh.py
[2022-07-16 07:54:05,729] {processor.py:163} INFO - Started process (PID=1593) to work on /opt/airflow/dags/data_ingestion_gh.py
[2022-07-16 07:54:21,422] {processor.py:642} INFO - Processing file /opt/airflow/dags/data_ingestion_gh.py for tasks to queue
[2022-07-16 07:54:21,692] {logging_mixin.py:109} INFO - [2022-07-16 07:54:21,689] {dagbag.py:500} INFO - Filling up the DagBag from /opt/airflow/dags/data_ingestion_gh.py
[2022-07-16 07:54:54,978] {logging_mixin.py:109} INFO - [2022-07-16 07:54:54,969] {timeout.py:36} ERROR - Process timed out, PID: 1593
[2022-07-16 07:55:18,471] {logging_mixin.py:109} INFO - [2022-07-16 07:54:56,211] {dagbag.py:334} ERROR - Failed to import: /opt/airflow/dags/data_ingestion_gh.py
Traceback (most recent call last):
  File "/home/airflow/.local/lib/python3.7/site-packages/airflow/models/dagbag.py", line 331, in _load_modules_from_file
    loader.exec_module(new_module)
  File "<frozen importlib._bootstrap_external>", line 728, in exec_module
  File "<frozen importlib._bootstrap>", line 219, in _call_with_frames_removed
  File "/opt/airflow/dags/data_ingestion_gh.py", line 5, in <module>
    from airflow.operators.bash import BashOperator
  File "/home/airflow/.local/lib/python3.7/site-packages/airflow/operators/bash.py", line 28, in <module>
    class BashOperator(BaseOperator):
  File "/home/airflow/.local/lib/python3.7/site-packages/airflow/models/baseoperator.py", line 200, in __new__
    new_cls = super().__new__(cls, name, bases, namespace, **kwargs)
  File "/usr/local/lib/python3.7/abc.py", line 126, in __new__
    cls = super().__new__(mcls, name, bases, namespace, **kwargs)
  File "/home/airflow/.local/lib/python3.7/site-packages/airflow/utils/timeout.py", line 37, in handle_timeout
    raise AirflowTaskTimeout(self.error_message)
airflow.exceptions.AirflowTaskTimeout: DagBag import timeout for /opt/airflow/dags/data_ingestion_gh.py after 30.0s.
Please take a look at these docs to improve your DAG import time:
* https://airflow.apache.org/docs/apache-airflow/2.2.3/best-practices.html#top-level-python-code
* https://airflow.apache.org/docs/apache-airflow/2.2.3/best-practices.html#reducing-dag-complexity, PID: 1593
[2022-07-16 08:06:03,124] {processor.py:163} INFO - Started process (PID=1762) to work on /opt/airflow/dags/data_ingestion_gh.py
[2022-07-16 08:06:05,559] {processor.py:642} INFO - Processing file /opt/airflow/dags/data_ingestion_gh.py for tasks to queue
