[2022-07-16 07:24:09,119] {taskinstance.py:1032} INFO - Dependencies all met for <TaskInstance: gh_data_ingestion.local_to_gcs_task scheduled__2022-07-14T03:30:00+00:00 [queued]>
[2022-07-16 07:24:09,169] {taskinstance.py:1032} INFO - Dependencies all met for <TaskInstance: gh_data_ingestion.local_to_gcs_task scheduled__2022-07-14T03:30:00+00:00 [queued]>
[2022-07-16 07:24:09,170] {taskinstance.py:1238} INFO - 
--------------------------------------------------------------------------------
[2022-07-16 07:24:09,171] {taskinstance.py:1239} INFO - Starting attempt 1 of 2
[2022-07-16 07:24:09,173] {taskinstance.py:1240} INFO - 
--------------------------------------------------------------------------------
[2022-07-16 07:24:09,196] {taskinstance.py:1259} INFO - Executing <Task(PythonOperator): local_to_gcs_task> on 2022-07-14 03:30:00+00:00
[2022-07-16 07:24:09,220] {standard_task_runner.py:52} INFO - Started process 799 to run task
[2022-07-16 07:24:09,242] {standard_task_runner.py:76} INFO - Running: ['***', 'tasks', 'run', 'gh_data_ingestion', 'local_to_gcs_task', 'scheduled__2022-07-14T03:30:00+00:00', '--job-id', '27', '--raw', '--subdir', 'DAGS_FOLDER/data_ingestion_gh.py', '--cfg-path', '/tmp/tmpgl0lw10m', '--error-file', '/tmp/tmpfuk04qnd']
[2022-07-16 07:24:09,244] {standard_task_runner.py:77} INFO - Job 27: Subtask local_to_gcs_task
[2022-07-16 07:24:09,662] {logging_mixin.py:109} INFO - Running <TaskInstance: gh_data_ingestion.local_to_gcs_task scheduled__2022-07-14T03:30:00+00:00 [running]> on host 4972e04a2617
[2022-07-16 07:24:09,963] {warnings.py:110} WARNING - /home/***/.local/lib/python3.7/site-packages/***/utils/context.py:152: AirflowContextDeprecationWarning: Accessing 'execution_date' from the template is deprecated and will be removed in a future version. Please use 'data_interval_start' or 'logical_date' instead.
  warnings.warn(_create_deprecation_warning(key, self._deprecation_replacements[key]))

[2022-07-16 07:24:10,198] {taskinstance.py:1426} INFO - Exporting the following env vars:
AIRFLOW_CTX_DAG_OWNER=***
AIRFLOW_CTX_DAG_ID=gh_data_ingestion
AIRFLOW_CTX_TASK_ID=local_to_gcs_task
AIRFLOW_CTX_EXECUTION_DATE=2022-07-14T03:30:00+00:00
AIRFLOW_CTX_DAG_RUN_ID=scheduled__2022-07-14T03:30:00+00:00
[2022-07-16 07:24:12,394] {python.py:175} INFO - Done. Returned value was: None
[2022-07-16 07:24:12,490] {taskinstance.py:1277} INFO - Marking task as SUCCESS. dag_id=gh_data_ingestion, task_id=local_to_gcs_task, execution_date=20220714T033000, start_date=20220716T072409, end_date=20220716T072412
[2022-07-16 07:24:12,655] {local_task_job.py:154} INFO - Task exited with return code 0
[2022-07-16 07:24:12,893] {local_task_job.py:264} INFO - 0 downstream tasks scheduled from follow-on schedule check
