[2022-07-16 07:25:03,613] {taskinstance.py:1032} INFO - Dependencies all met for <TaskInstance: gh_data_ingestion.bq_gh_external_table_task scheduled__2022-07-14T04:30:00+00:00 [queued]>
[2022-07-16 07:25:03,701] {taskinstance.py:1032} INFO - Dependencies all met for <TaskInstance: gh_data_ingestion.bq_gh_external_table_task scheduled__2022-07-14T04:30:00+00:00 [queued]>
[2022-07-16 07:25:03,708] {taskinstance.py:1238} INFO - 
--------------------------------------------------------------------------------
[2022-07-16 07:25:03,710] {taskinstance.py:1239} INFO - Starting attempt 1 of 2
[2022-07-16 07:25:03,712] {taskinstance.py:1240} INFO - 
--------------------------------------------------------------------------------
[2022-07-16 07:25:03,765] {taskinstance.py:1259} INFO - Executing <Task(BigQueryCreateExternalTableOperator): bq_gh_external_table_task> on 2022-07-14 04:30:00+00:00
[2022-07-16 07:25:03,784] {standard_task_runner.py:52} INFO - Started process 831 to run task
[2022-07-16 07:25:03,823] {standard_task_runner.py:76} INFO - Running: ['***', 'tasks', 'run', 'gh_data_ingestion', 'bq_gh_external_table_task', 'scheduled__2022-07-14T04:30:00+00:00', '--job-id', '31', '--raw', '--subdir', 'DAGS_FOLDER/data_ingestion_gh.py', '--cfg-path', '/tmp/tmp1evagorf', '--error-file', '/tmp/tmprum741ly']
[2022-07-16 07:25:03,841] {standard_task_runner.py:77} INFO - Job 31: Subtask bq_gh_external_table_task
[2022-07-16 07:25:04,305] {logging_mixin.py:109} INFO - Running <TaskInstance: gh_data_ingestion.bq_gh_external_table_task scheduled__2022-07-14T04:30:00+00:00 [running]> on host 4972e04a2617
[2022-07-16 07:25:04,586] {taskinstance.py:1426} INFO - Exporting the following env vars:
AIRFLOW_CTX_DAG_OWNER=***
AIRFLOW_CTX_DAG_ID=gh_data_ingestion
AIRFLOW_CTX_TASK_ID=bq_gh_external_table_task
AIRFLOW_CTX_EXECUTION_DATE=2022-07-14T04:30:00+00:00
AIRFLOW_CTX_DAG_RUN_ID=scheduled__2022-07-14T04:30:00+00:00
[2022-07-16 07:25:04,598] {crypto.py:82} WARNING - empty cryptography key - values will not be stored encrypted.
[2022-07-16 07:25:06,353] {taskinstance.py:1277} INFO - Marking task as SUCCESS. dag_id=gh_data_ingestion, task_id=bq_gh_external_table_task, execution_date=20220714T043000, start_date=20220716T072503, end_date=20220716T072506
[2022-07-16 07:25:06,624] {local_task_job.py:154} INFO - Task exited with return code 0
[2022-07-16 07:25:07,032] {local_task_job.py:264} INFO - 1 downstream tasks scheduled from follow-on schedule check
