[2022-07-16 07:20:39,740] {taskinstance.py:1032} INFO - Dependencies all met for <TaskInstance: gh_data_ingestion.format_to_parquet_task scheduled__2022-07-14T05:30:00+00:00 [queued]>
[2022-07-16 07:20:39,850] {taskinstance.py:1032} INFO - Dependencies all met for <TaskInstance: gh_data_ingestion.format_to_parquet_task scheduled__2022-07-14T05:30:00+00:00 [queued]>
[2022-07-16 07:20:39,862] {taskinstance.py:1238} INFO - 
--------------------------------------------------------------------------------
[2022-07-16 07:20:39,865] {taskinstance.py:1239} INFO - Starting attempt 1 of 2
[2022-07-16 07:20:39,867] {taskinstance.py:1240} INFO - 
--------------------------------------------------------------------------------
[2022-07-16 07:20:40,414] {taskinstance.py:1259} INFO - Executing <Task(PythonOperator): format_to_parquet_task> on 2022-07-14 05:30:00+00:00
[2022-07-16 07:20:40,671] {standard_task_runner.py:52} INFO - Started process 698 to run task
[2022-07-16 07:20:40,972] {standard_task_runner.py:76} INFO - Running: ['***', 'tasks', 'run', 'gh_data_ingestion', 'format_to_parquet_task', 'scheduled__2022-07-14T05:30:00+00:00', '--job-id', '26', '--raw', '--subdir', 'DAGS_FOLDER/data_ingestion_gh.py', '--cfg-path', '/tmp/tmpyv0w61v_', '--error-file', '/tmp/tmpsrxmcsd_']
[2022-07-16 07:20:41,015] {standard_task_runner.py:77} INFO - Job 26: Subtask format_to_parquet_task
[2022-07-16 07:21:10,149] {logging_mixin.py:109} INFO - Running <TaskInstance: gh_data_ingestion.format_to_parquet_task scheduled__2022-07-14T05:30:00+00:00 [running]> on host 4972e04a2617
[2022-07-16 07:21:14,809] {warnings.py:110} WARNING - /home/***/.local/lib/python3.7/site-packages/***/utils/context.py:152: AirflowContextDeprecationWarning: Accessing 'execution_date' from the template is deprecated and will be removed in a future version. Please use 'data_interval_start' or 'logical_date' instead.
  warnings.warn(_create_deprecation_warning(key, self._deprecation_replacements[key]))

[2022-07-16 07:21:19,213] {taskinstance.py:1426} INFO - Exporting the following env vars:
AIRFLOW_CTX_DAG_OWNER=***
AIRFLOW_CTX_DAG_ID=gh_data_ingestion
AIRFLOW_CTX_TASK_ID=format_to_parquet_task
AIRFLOW_CTX_EXECUTION_DATE=2022-07-14T05:30:00+00:00
AIRFLOW_CTX_DAG_RUN_ID=scheduled__2022-07-14T05:30:00+00:00
[2022-07-16 07:27:07,229] {python.py:175} INFO - Done. Returned value was: None
[2022-07-16 07:27:07,312] {taskinstance.py:1277} INFO - Marking task as SUCCESS. dag_id=gh_data_ingestion, task_id=format_to_parquet_task, execution_date=20220714T053000, start_date=20220716T072039, end_date=20220716T072707
[2022-07-16 07:27:07,619] {local_task_job.py:154} INFO - Task exited with return code 0
[2022-07-16 07:27:07,769] {local_task_job.py:264} INFO - 1 downstream tasks scheduled from follow-on schedule check
