[2022-07-16 07:28:03,092] {taskinstance.py:1032} INFO - Dependencies all met for <TaskInstance: gh_data_ingestion.download_dataset_task scheduled__2022-07-14T08:30:00+00:00 [queued]>
[2022-07-16 07:28:03,172] {taskinstance.py:1032} INFO - Dependencies all met for <TaskInstance: gh_data_ingestion.download_dataset_task scheduled__2022-07-14T08:30:00+00:00 [queued]>
[2022-07-16 07:28:03,174] {taskinstance.py:1238} INFO - 
--------------------------------------------------------------------------------
[2022-07-16 07:28:03,176] {taskinstance.py:1239} INFO - Starting attempt 1 of 2
[2022-07-16 07:28:03,178] {taskinstance.py:1240} INFO - 
--------------------------------------------------------------------------------
[2022-07-16 07:28:03,237] {taskinstance.py:1259} INFO - Executing <Task(BashOperator): download_dataset_task> on 2022-07-14 08:30:00+00:00
[2022-07-16 07:28:03,268] {standard_task_runner.py:52} INFO - Started process 944 to run task
[2022-07-16 07:28:03,299] {standard_task_runner.py:76} INFO - Running: ['***', 'tasks', 'run', 'gh_data_ingestion', 'download_dataset_task', 'scheduled__2022-07-14T08:30:00+00:00', '--job-id', '40', '--raw', '--subdir', 'DAGS_FOLDER/data_ingestion_gh.py', '--cfg-path', '/tmp/tmphmc234dz', '--error-file', '/tmp/tmpparqg104']
[2022-07-16 07:28:03,317] {standard_task_runner.py:77} INFO - Job 40: Subtask download_dataset_task
[2022-07-16 07:28:03,821] {logging_mixin.py:109} INFO - Running <TaskInstance: gh_data_ingestion.download_dataset_task scheduled__2022-07-14T08:30:00+00:00 [running]> on host 4972e04a2617
[2022-07-16 07:28:04,180] {warnings.py:110} WARNING - /home/***/.local/lib/python3.7/site-packages/***/utils/context.py:152: AirflowContextDeprecationWarning: Accessing 'execution_date' from the template is deprecated and will be removed in a future version. Please use 'data_interval_start' or 'logical_date' instead.
  warnings.warn(_create_deprecation_warning(key, self._deprecation_replacements[key]))

[2022-07-16 07:28:04,262] {taskinstance.py:1426} INFO - Exporting the following env vars:
AIRFLOW_CTX_DAG_OWNER=***
AIRFLOW_CTX_DAG_ID=gh_data_ingestion
AIRFLOW_CTX_TASK_ID=download_dataset_task
AIRFLOW_CTX_EXECUTION_DATE=2022-07-14T08:30:00+00:00
AIRFLOW_CTX_DAG_RUN_ID=scheduled__2022-07-14T08:30:00+00:00
[2022-07-16 07:28:04,269] {subprocess.py:62} INFO - Tmp dir root location: 
 /tmp
[2022-07-16 07:28:04,300] {subprocess.py:74} INFO - Running command: ['bash', '-c', 'curl -sSLf https://data.gharchive.org/2022-07-14-8.json.gz > /opt/***/2022-07-14-8.json.gz']
[2022-07-16 07:28:04,383] {subprocess.py:85} INFO - Output:
[2022-07-16 07:28:14,319] {subprocess.py:93} INFO - Command exited with return code 0
[2022-07-16 07:28:14,490] {taskinstance.py:1277} INFO - Marking task as SUCCESS. dag_id=gh_data_ingestion, task_id=download_dataset_task, execution_date=20220714T083000, start_date=20220716T072803, end_date=20220716T072814
[2022-07-16 07:28:14,728] {local_task_job.py:154} INFO - Task exited with return code 0
[2022-07-16 07:28:15,133] {local_task_job.py:264} INFO - 1 downstream tasks scheduled from follow-on schedule check
