[2022-07-16 07:07:01,788] {taskinstance.py:1032} INFO - Dependencies all met for <TaskInstance: gh_data_ingestion.download_dataset_task scheduled__2022-07-14T01:30:00+00:00 [queued]>
[2022-07-16 07:07:01,858] {taskinstance.py:1032} INFO - Dependencies all met for <TaskInstance: gh_data_ingestion.download_dataset_task scheduled__2022-07-14T01:30:00+00:00 [queued]>
[2022-07-16 07:07:01,861] {taskinstance.py:1238} INFO - 
--------------------------------------------------------------------------------
[2022-07-16 07:07:01,866] {taskinstance.py:1239} INFO - Starting attempt 1 of 2
[2022-07-16 07:07:01,868] {taskinstance.py:1240} INFO - 
--------------------------------------------------------------------------------
[2022-07-16 07:07:01,922] {taskinstance.py:1259} INFO - Executing <Task(BashOperator): download_dataset_task> on 2022-07-14 01:30:00+00:00
[2022-07-16 07:07:01,974] {standard_task_runner.py:52} INFO - Started process 216 to run task
[2022-07-16 07:07:01,991] {standard_task_runner.py:76} INFO - Running: ['***', 'tasks', 'run', 'gh_data_ingestion', 'download_dataset_task', 'scheduled__2022-07-14T01:30:00+00:00', '--job-id', '4', '--raw', '--subdir', 'DAGS_FOLDER/data_ingestion_gh.py', '--cfg-path', '/tmp/tmph97lqgfo', '--error-file', '/tmp/tmpq9azqjxb']
[2022-07-16 07:07:01,996] {standard_task_runner.py:77} INFO - Job 4: Subtask download_dataset_task
[2022-07-16 07:07:02,277] {logging_mixin.py:109} INFO - Running <TaskInstance: gh_data_ingestion.download_dataset_task scheduled__2022-07-14T01:30:00+00:00 [running]> on host 4972e04a2617
[2022-07-16 07:07:03,686] {warnings.py:110} WARNING - /home/***/.local/lib/python3.7/site-packages/***/utils/context.py:152: AirflowContextDeprecationWarning: Accessing 'execution_date' from the template is deprecated and will be removed in a future version. Please use 'data_interval_start' or 'logical_date' instead.
  warnings.warn(_create_deprecation_warning(key, self._deprecation_replacements[key]))

[2022-07-16 07:07:03,846] {taskinstance.py:1426} INFO - Exporting the following env vars:
AIRFLOW_CTX_DAG_OWNER=***
AIRFLOW_CTX_DAG_ID=gh_data_ingestion
AIRFLOW_CTX_TASK_ID=download_dataset_task
AIRFLOW_CTX_EXECUTION_DATE=2022-07-14T01:30:00+00:00
AIRFLOW_CTX_DAG_RUN_ID=scheduled__2022-07-14T01:30:00+00:00
[2022-07-16 07:07:03,867] {subprocess.py:62} INFO - Tmp dir root location: 
 /tmp
[2022-07-16 07:07:03,880] {subprocess.py:74} INFO - Running command: ['bash', '-c', 'curl -sSLf https://data.gharchive.org/2022-07-14-1.json.gz > /opt/***/2022-07-14-1.json.gz']
[2022-07-16 07:07:04,040] {subprocess.py:85} INFO - Output:
[2022-07-16 07:07:19,032] {subprocess.py:93} INFO - Command exited with return code 0
[2022-07-16 07:07:20,011] {taskinstance.py:1277} INFO - Marking task as SUCCESS. dag_id=gh_data_ingestion, task_id=download_dataset_task, execution_date=20220714T013000, start_date=20220716T070701, end_date=20220716T070720
[2022-07-16 07:07:20,393] {local_task_job.py:154} INFO - Task exited with return code 0
[2022-07-16 07:07:20,641] {local_task_job.py:264} INFO - 1 downstream tasks scheduled from follow-on schedule check
