[2022-07-16 07:17:58,731] {taskinstance.py:1032} INFO - Dependencies all met for <TaskInstance: gh_data_ingestion.format_to_parquet_task scheduled__2022-07-14T04:30:00+00:00 [queued]>
[2022-07-16 07:17:58,771] {taskinstance.py:1032} INFO - Dependencies all met for <TaskInstance: gh_data_ingestion.format_to_parquet_task scheduled__2022-07-14T04:30:00+00:00 [queued]>
[2022-07-16 07:17:58,781] {taskinstance.py:1238} INFO - 
--------------------------------------------------------------------------------
[2022-07-16 07:17:58,783] {taskinstance.py:1239} INFO - Starting attempt 1 of 2
[2022-07-16 07:17:58,788] {taskinstance.py:1240} INFO - 
--------------------------------------------------------------------------------
[2022-07-16 07:17:58,831] {taskinstance.py:1259} INFO - Executing <Task(PythonOperator): format_to_parquet_task> on 2022-07-14 04:30:00+00:00
[2022-07-16 07:17:58,848] {standard_task_runner.py:52} INFO - Started process 611 to run task
[2022-07-16 07:17:58,872] {standard_task_runner.py:76} INFO - Running: ['***', 'tasks', 'run', 'gh_data_ingestion', 'format_to_parquet_task', 'scheduled__2022-07-14T04:30:00+00:00', '--job-id', '22', '--raw', '--subdir', 'DAGS_FOLDER/data_ingestion_gh.py', '--cfg-path', '/tmp/tmpepd75uqk', '--error-file', '/tmp/tmpf9_ukahz']
[2022-07-16 07:17:58,892] {standard_task_runner.py:77} INFO - Job 22: Subtask format_to_parquet_task
[2022-07-16 07:17:59,045] {logging_mixin.py:109} INFO - Running <TaskInstance: gh_data_ingestion.format_to_parquet_task scheduled__2022-07-14T04:30:00+00:00 [running]> on host 4972e04a2617
[2022-07-16 07:17:59,166] {warnings.py:110} WARNING - /home/***/.local/lib/python3.7/site-packages/***/utils/context.py:152: AirflowContextDeprecationWarning: Accessing 'execution_date' from the template is deprecated and will be removed in a future version. Please use 'data_interval_start' or 'logical_date' instead.
  warnings.warn(_create_deprecation_warning(key, self._deprecation_replacements[key]))

[2022-07-16 07:17:59,218] {taskinstance.py:1426} INFO - Exporting the following env vars:
AIRFLOW_CTX_DAG_OWNER=***
AIRFLOW_CTX_DAG_ID=gh_data_ingestion
AIRFLOW_CTX_TASK_ID=format_to_parquet_task
AIRFLOW_CTX_EXECUTION_DATE=2022-07-14T04:30:00+00:00
AIRFLOW_CTX_DAG_RUN_ID=scheduled__2022-07-14T04:30:00+00:00
[2022-07-16 07:24:34,676] {python.py:175} INFO - Done. Returned value was: None
[2022-07-16 07:24:35,160] {taskinstance.py:1277} INFO - Marking task as SUCCESS. dag_id=gh_data_ingestion, task_id=format_to_parquet_task, execution_date=20220714T043000, start_date=20220716T071758, end_date=20220716T072435
[2022-07-16 07:24:35,968] {local_task_job.py:212} WARNING - State of this instance has been externally set to success. Terminating instance.
[2022-07-16 07:24:37,011] {process_utils.py:124} INFO - Sending Signals.SIGTERM to group 611. PIDs of all processes in the group: [611]
[2022-07-16 07:24:37,016] {process_utils.py:75} INFO - Sending the signal Signals.SIGTERM to group 611
[2022-07-16 07:24:37,039] {process_utils.py:70} INFO - Process psutil.Process(pid=611, status='terminated', exitcode=0, started='07:17:58') (611) terminated with exit code 0
