[2022-07-16 07:16:55,497] {taskinstance.py:1032} INFO - Dependencies all met for <TaskInstance: gh_data_ingestion.remove_files_task scheduled__2022-07-14T02:30:00+00:00 [queued]>
[2022-07-16 07:16:56,081] {taskinstance.py:1032} INFO - Dependencies all met for <TaskInstance: gh_data_ingestion.remove_files_task scheduled__2022-07-14T02:30:00+00:00 [queued]>
[2022-07-16 07:16:56,110] {taskinstance.py:1238} INFO - 
--------------------------------------------------------------------------------
[2022-07-16 07:16:56,112] {taskinstance.py:1239} INFO - Starting attempt 1 of 2
[2022-07-16 07:16:56,114] {taskinstance.py:1240} INFO - 
--------------------------------------------------------------------------------
[2022-07-16 07:16:56,348] {taskinstance.py:1259} INFO - Executing <Task(BashOperator): remove_files_task> on 2022-07-14 02:30:00+00:00
[2022-07-16 07:16:57,101] {standard_task_runner.py:76} INFO - Running: ['***', 'tasks', 'run', 'gh_data_ingestion', 'remove_files_task', 'scheduled__2022-07-14T02:30:00+00:00', '--job-id', '18', '--raw', '--subdir', 'DAGS_FOLDER/data_ingestion_gh.py', '--cfg-path', '/tmp/tmpp5zhd4ka', '--error-file', '/tmp/tmps8saun5b']
[2022-07-16 07:16:57,185] {standard_task_runner.py:77} INFO - Job 18: Subtask remove_files_task
[2022-07-16 07:16:57,219] {standard_task_runner.py:52} INFO - Started process 563 to run task
[2022-07-16 07:16:58,248] {logging_mixin.py:109} INFO - Running <TaskInstance: gh_data_ingestion.remove_files_task scheduled__2022-07-14T02:30:00+00:00 [running]> on host 4972e04a2617
[2022-07-16 07:16:58,923] {warnings.py:110} WARNING - /home/***/.local/lib/python3.7/site-packages/***/utils/context.py:152: AirflowContextDeprecationWarning: Accessing 'execution_date' from the template is deprecated and will be removed in a future version. Please use 'data_interval_start' or 'logical_date' instead.
  warnings.warn(_create_deprecation_warning(key, self._deprecation_replacements[key]))

[2022-07-16 07:16:59,105] {taskinstance.py:1426} INFO - Exporting the following env vars:
AIRFLOW_CTX_DAG_OWNER=***
AIRFLOW_CTX_DAG_ID=gh_data_ingestion
AIRFLOW_CTX_TASK_ID=remove_files_task
AIRFLOW_CTX_EXECUTION_DATE=2022-07-14T02:30:00+00:00
AIRFLOW_CTX_DAG_RUN_ID=scheduled__2022-07-14T02:30:00+00:00
[2022-07-16 07:16:59,111] {subprocess.py:62} INFO - Tmp dir root location: 
 /tmp
[2022-07-16 07:16:59,121] {subprocess.py:74} INFO - Running command: ['bash', '-c', 'rm /opt/***/2022-07-14-2.json.gz /opt/***/2022-07-14-2.parquet']
[2022-07-16 07:16:59,819] {subprocess.py:85} INFO - Output:
[2022-07-16 07:17:04,447] {subprocess.py:93} INFO - Command exited with return code 0
[2022-07-16 07:17:04,830] {taskinstance.py:1277} INFO - Marking task as SUCCESS. dag_id=gh_data_ingestion, task_id=remove_files_task, execution_date=20220714T023000, start_date=20220716T071655, end_date=20220716T071704
[2022-07-16 07:17:05,311] {local_task_job.py:154} INFO - Task exited with return code 0
[2022-07-16 07:17:05,751] {local_task_job.py:264} INFO - 0 downstream tasks scheduled from follow-on schedule check
