[2022-07-16 07:24:49,458] {taskinstance.py:1032} INFO - Dependencies all met for <TaskInstance: gh_data_ingestion.local_to_gcs_task scheduled__2022-07-14T04:30:00+00:00 [queued]>
[2022-07-16 07:24:49,492] {taskinstance.py:1032} INFO - Dependencies all met for <TaskInstance: gh_data_ingestion.local_to_gcs_task scheduled__2022-07-14T04:30:00+00:00 [queued]>
[2022-07-16 07:24:49,502] {taskinstance.py:1238} INFO - 
--------------------------------------------------------------------------------
[2022-07-16 07:24:49,504] {taskinstance.py:1239} INFO - Starting attempt 1 of 2
[2022-07-16 07:24:49,522] {taskinstance.py:1240} INFO - 
--------------------------------------------------------------------------------
[2022-07-16 07:24:49,569] {taskinstance.py:1259} INFO - Executing <Task(PythonOperator): local_to_gcs_task> on 2022-07-14 04:30:00+00:00
[2022-07-16 07:24:49,584] {standard_task_runner.py:52} INFO - Started process 824 to run task
[2022-07-16 07:24:49,611] {standard_task_runner.py:76} INFO - Running: ['***', 'tasks', 'run', 'gh_data_ingestion', 'local_to_gcs_task', 'scheduled__2022-07-14T04:30:00+00:00', '--job-id', '29', '--raw', '--subdir', 'DAGS_FOLDER/data_ingestion_gh.py', '--cfg-path', '/tmp/tmphlx9fert', '--error-file', '/tmp/tmp614x865n']
[2022-07-16 07:24:49,618] {standard_task_runner.py:77} INFO - Job 29: Subtask local_to_gcs_task
[2022-07-16 07:24:49,938] {logging_mixin.py:109} INFO - Running <TaskInstance: gh_data_ingestion.local_to_gcs_task scheduled__2022-07-14T04:30:00+00:00 [running]> on host 4972e04a2617
[2022-07-16 07:24:50,201] {warnings.py:110} WARNING - /home/***/.local/lib/python3.7/site-packages/***/utils/context.py:152: AirflowContextDeprecationWarning: Accessing 'execution_date' from the template is deprecated and will be removed in a future version. Please use 'data_interval_start' or 'logical_date' instead.
  warnings.warn(_create_deprecation_warning(key, self._deprecation_replacements[key]))

[2022-07-16 07:24:50,337] {taskinstance.py:1426} INFO - Exporting the following env vars:
AIRFLOW_CTX_DAG_OWNER=***
AIRFLOW_CTX_DAG_ID=gh_data_ingestion
AIRFLOW_CTX_TASK_ID=local_to_gcs_task
AIRFLOW_CTX_EXECUTION_DATE=2022-07-14T04:30:00+00:00
AIRFLOW_CTX_DAG_RUN_ID=scheduled__2022-07-14T04:30:00+00:00
[2022-07-16 07:24:53,129] {python.py:175} INFO - Done. Returned value was: None
[2022-07-16 07:24:53,198] {taskinstance.py:1277} INFO - Marking task as SUCCESS. dag_id=gh_data_ingestion, task_id=local_to_gcs_task, execution_date=20220714T043000, start_date=20220716T072449, end_date=20220716T072453
[2022-07-16 07:24:53,555] {local_task_job.py:154} INFO - Task exited with return code 0
[2022-07-16 07:24:53,942] {local_task_job.py:264} INFO - 1 downstream tasks scheduled from follow-on schedule check
